Using pre-set license
Built from '2023.2/staging' branch; Version is '2023.2.20f1 (0e25a174756c) revision 927137'; Using compiler version '193431935'; Build Type 'Release'
OS: 'Windows 11  (10.0.22631) 64bit Core' Language: 'en' Physical Memory: 16251 MB
BatchMode: 1, IsHumanControllingUs: 0, StartBugReporterOnCrash: 0, Is64bit: 1, IsPro: 1

COMMAND LINE ARGUMENTS:
C:\Program Files\Unity 2023.2.20f1\Editor\Unity.exe
-adb2
-batchMode
-noUpm
-name
AssetImportWorker2
-projectPath
C:/Users/qqvoo/TestMap
-logFile
Logs/AssetImportWorker2.log
-srvPort
65047
-job-worker-count
5
-background-job-worker-count
8
-asset-garbage-collectors
1
Successfully changed project path to: C:/Users/qqvoo/TestMap
C:/Users/qqvoo/TestMap
[UnityMemory] Configuration Parameters - Can be set up in boot.config
    "memorysetup-bucket-allocator-granularity=16"
    "memorysetup-bucket-allocator-bucket-count=8"
    "memorysetup-bucket-allocator-block-size=33554432"
    "memorysetup-bucket-allocator-block-count=8"
    "memorysetup-main-allocator-block-size=16777216"
    "memorysetup-thread-allocator-block-size=16777216"
    "memorysetup-gfx-main-allocator-block-size=16777216"
    "memorysetup-gfx-thread-allocator-block-size=16777216"
    "memorysetup-cache-allocator-block-size=4194304"
    "memorysetup-typetree-allocator-block-size=2097152"
    "memorysetup-profiler-bucket-allocator-granularity=16"
    "memorysetup-profiler-bucket-allocator-bucket-count=8"
    "memorysetup-profiler-bucket-allocator-block-size=33554432"
    "memorysetup-profiler-bucket-allocator-block-count=8"
    "memorysetup-profiler-allocator-block-size=16777216"
    "memorysetup-profiler-editor-allocator-block-size=1048576"
    "memorysetup-temp-allocator-size-main=16777216"
    "memorysetup-job-temp-allocator-block-size=2097152"
    "memorysetup-job-temp-allocator-block-size-background=1048576"
    "memorysetup-job-temp-allocator-reduction-small-platforms=262144"
    "memorysetup-allocator-temp-initial-block-size-main=262144"
    "memorysetup-allocator-temp-initial-block-size-worker=262144"
    "memorysetup-temp-allocator-size-background-worker=32768"
    "memorysetup-temp-allocator-size-job-worker=262144"
    "memorysetup-temp-allocator-size-preload-manager=33554432"
    "memorysetup-temp-allocator-size-nav-mesh-worker=65536"
    "memorysetup-temp-allocator-size-audio-worker=65536"
    "memorysetup-temp-allocator-size-cloud-worker=32768"
    "memorysetup-temp-allocator-size-gi-baking-worker=262144"
    "memorysetup-temp-allocator-size-gi-baking-worker=262144"
    "memorysetup-temp-allocator-size-gi-baking-worker=262144"
    "memorysetup-temp-allocator-size-gi-baking-worker=262144"
    "memorysetup-temp-allocator-size-gfx=262144"
Player connection [41848] Host "[IP] 192.168.1.106 [Port] 0 [Flags] 2 [Guid] 3090546747 [EditorId] 3090546747 [Version] 1048832 [Id] WindowsEditor(7,LAPTOP-7OJ65J5B) [Debug] 1 [PackageName] WindowsEditor [ProjectName] Editor" joined multi-casting on [225.0.0.222:54997]...
Player connection [41848] Host "[IP] 192.168.1.106 [Port] 0 [Flags] 2 [Guid] 3090546747 [EditorId] 3090546747 [Version] 1048832 [Id] WindowsEditor(7,LAPTOP-7OJ65J5B) [Debug] 1 [PackageName] WindowsEditor [ProjectName] Editor" joined alternative multi-casting on [225.0.0.222:34997]...
JobSystem: Creating JobQueue using job-worker-count value 5
[Physics::Module] Initialized MultithreadedJobDispatcher with 5 workers.
Library Redirect Path: Library/
Refreshing native plugins compatible for Editor in 12.54 ms, found 3 plugins.
Preloading 0 native plugins for Editor in 0.00 ms.
Initialize engine version: 2023.2.20f1 (0e25a174756c)
[Subsystems] Discovering subsystems at path C:/Program Files/Unity 2023.2.20f1/Editor/Data/Resources/UnitySubsystems
[Subsystems] Discovering subsystems at path C:/Users/qqvoo/TestMap/Assets
GfxDevice: creating device client; kGfxThreadingModeNonThreaded
Direct3D:
    Version:  Direct3D 11.0 [level 11.1]
    Renderer: NVIDIA GeForce GTX 1650 (ID=0x1f99)
    Vendor:   NVIDIA
    VRAM:     3962 MB
    Driver:   27.21.14.6230
Initialize mono
Mono path[0] = 'C:/Program Files/Unity 2023.2.20f1/Editor/Data/Managed'
Mono path[1] = 'C:/Program Files/Unity 2023.2.20f1/Editor/Data/MonoBleedingEdge/lib/mono/unityjit-win32'
Mono config path = 'C:/Program Files/Unity 2023.2.20f1/Editor/Data/MonoBleedingEdge/etc'
Using monoOptions --debugger-agent=transport=dt_socket,embedding=1,server=y,suspend=n,address=127.0.0.1:56836
Begin MonoManager ReloadAssembly
Registering precompiled unity dll's ...
Register platform support module: C:/Program Files/Unity 2023.2.20f1/Editor/Data/PlaybackEngines/WebGLSupport/UnityEditor.WebGL.Extensions.dll
Register platform support module: C:/Program Files/Unity 2023.2.20f1/Editor/Data/PlaybackEngines/WindowsStandaloneSupport/UnityEditor.WindowsStandalone.Extensions.dll
Register platform support module: C:/Program Files/Unity 2023.2.20f1/Editor/Data/PlaybackEngines/AndroidPlayer/UnityEditor.Android.Extensions.dll
Registered in 0.010843 seconds.
- Loaded All Assemblies, in  0.697 seconds
Native extension for Android target not found
Native extension for WindowsStandalone target not found
Native extension for WebGL target not found
Mono: successfully reloaded assembly
- Finished resetting the current domain, in  0.494 seconds
Domain Reload Profiling: 1183ms
	BeginReloadAssembly (290ms)
		ExecutionOrderSort (0ms)
		DisableScriptedObjects (0ms)
		BackupInstance (0ms)
		ReleaseScriptingObjects (0ms)
		CreateAndSetChildDomain (2ms)
	RebuildCommonClasses (60ms)
	RebuildNativeTypeToScriptingClass (18ms)
	initialDomainReloadingComplete (88ms)
	LoadAllAssembliesAndSetupDomain (232ms)
		LoadAssemblies (279ms)
		RebuildTransferFunctionScriptingTraits (0ms)
		AnalyzeDomain (228ms)
			TypeCache.Refresh (226ms)
				TypeCache.ScanAssembly (204ms)
			BuildScriptInfoCaches (1ms)
			ResolveRequiredComponents (1ms)
	FinalizeReload (495ms)
		ReleaseScriptCaches (0ms)
		RebuildScriptCaches (0ms)
		SetupLoadedEditorAssemblies (423ms)
			LogAssemblyErrors (0ms)
			InitializePlatformSupportModulesInManaged (114ms)
			SetLoadedEditorAssemblies (3ms)
			BeforeProcessingInitializeOnLoad (7ms)
			ProcessInitializeOnLoadAttributes (221ms)
			ProcessInitializeOnLoadMethodAttributes (77ms)
			AfterProcessingInitializeOnLoad (0ms)
			EditorAssembliesLoaded (0ms)
		ExecutionOrderSort2 (0ms)
		AwakeInstancesAfterBackupRestoration (0ms)
========================================================================
Worker process is ready to serve import requests
Import Worker Mode flag is 0x00
Begin MonoManager ReloadAssembly
Symbol file LoadedFromMemory doesn't match image C:\Users\qqvoo\TestMap\Library\PackageCache\com.unity.visualscripting@1.8.0\Editor\VisualScripting.Core\Dependencies\YamlDotNet\Unity.VisualScripting.YamlDotNet.dll
Symbol file LoadedFromMemory doesn't match image C:\Users\qqvoo\TestMap\Library\PackageCache\com.unity.visualscripting@1.8.0\Editor\VisualScripting.Core\Dependencies\DotNetZip\Unity.VisualScripting.IonicZip.dll
- Loaded All Assemblies, in  1.744 seconds
Refreshing native plugins compatible for Editor in 1.11 ms, found 3 plugins.
Native extension for Android target not found
Native extension for WindowsStandalone target not found
Native extension for WebGL target not found
Mono: successfully reloaded assembly
- Finished resetting the current domain, in  0.795 seconds
Domain Reload Profiling: 2526ms
	BeginReloadAssembly (954ms)
		ExecutionOrderSort (0ms)
		DisableScriptedObjects (7ms)
		BackupInstance (0ms)
		ReleaseScriptingObjects (0ms)
		CreateAndSetChildDomain (35ms)
	RebuildCommonClasses (60ms)
	RebuildNativeTypeToScriptingClass (20ms)
	initialDomainReloadingComplete (53ms)
	LoadAllAssembliesAndSetupDomain (643ms)
		LoadAssemblies (561ms)
		RebuildTransferFunctionScriptingTraits (0ms)
		AnalyzeDomain (233ms)
			TypeCache.Refresh (198ms)
				TypeCache.ScanAssembly (172ms)
			BuildScriptInfoCaches (29ms)
			ResolveRequiredComponents (4ms)
	FinalizeReload (795ms)
		ReleaseScriptCaches (0ms)
		RebuildScriptCaches (0ms)
		SetupLoadedEditorAssemblies (565ms)
			LogAssemblyErrors (0ms)
			InitializePlatformSupportModulesInManaged (28ms)
			SetLoadedEditorAssemblies (5ms)
			BeforeProcessingInitializeOnLoad (64ms)
			ProcessInitializeOnLoadAttributes (429ms)
			ProcessInitializeOnLoadMethodAttributes (25ms)
			AfterProcessingInitializeOnLoad (14ms)
			EditorAssembliesLoaded (0ms)
		ExecutionOrderSort2 (0ms)
		AwakeInstancesAfterBackupRestoration (14ms)
Launched and connected shader compiler UnityShaderCompiler.exe after 0.01 seconds
Refreshing native plugins compatible for Editor in 1.43 ms, found 3 plugins.
Preloading 0 native plugins for Editor in 0.00 ms.
Unloading 11 Unused Serialized files (Serialized files now loaded: 0)
Unloading 3196 unused Assets / (1.1 MB). Loaded Objects now: 3794.
Memory consumption went from 106.0 MB to 104.9 MB.
Total: 7.066600 ms (FindLiveObjects: 0.586300 ms CreateObjectMapping: 0.472500 ms MarkObjects: 5.032100 ms  DeleteObjects: 0.974200 ms)

========================================================================
Received Import Request.
  Time since last request: 1228805.278153 seconds.
  path: Assets/Kabungus/HouseholdItems/Prefabs/Bottle1Black.prefab
  artifactKey: Guid(eca93f876f20ee24aab7a880e6efa22e) Importer(815301076,1909f56bfc062723c751e8b465ee728b)
Start importing Assets/Kabungus/HouseholdItems/Prefabs/Bottle1Black.prefab using Guid(eca93f876f20ee24aab7a880e6efa22e) Importer(815301076,1909f56bfc062723c751e8b465ee728b) (PreviewImporter) -> (artifact id: '30942fe9d565d8bb714c444f4f0e0162') in 0.1205879 seconds
Number of updated asset objects reloaded before import = 0Number of asset objects unloaded after import = 14

========================================================================
Received Import Request.
  Time since last request: 0.000020 seconds.
  path: Assets/Kabungus/HouseholdItems/Models/ToothbrushBlue.fbx
  artifactKey: Guid(bdf30d5cbe35d924dbab3a0b19002705) Importer(815301076,1909f56bfc062723c751e8b465ee728b)
Start importing Assets/Kabungus/HouseholdItems/Models/ToothbrushBlue.fbx using Guid(bdf30d5cbe35d924dbab3a0b19002705) Importer(815301076,1909f56bfc062723c751e8b465ee728b) (PreviewImporter) -> (artifact id: '983c0633795d1536756218f80dd21888') in 0.0659084 seconds
Number of updated asset objects reloaded before import = 0Number of asset objects unloaded after import = 9

========================================================================
Received Import Request.
  Time since last request: 0.000047 seconds.
  path: Assets/Kabungus/HouseholdItems/Models/Wrench.fbx
  artifactKey: Guid(14f2837993714674bb122799de8153ec) Importer(815301076,1909f56bfc062723c751e8b465ee728b)
Start importing Assets/Kabungus/HouseholdItems/Models/Wrench.fbx using Guid(14f2837993714674bb122799de8153ec) Importer(815301076,1909f56bfc062723c751e8b465ee728b) (PreviewImporter) -> (artifact id: '3af141708b2b1aa361952b529a577cbe') in 0.0189886 seconds
Number of updated asset objects reloaded before import = 0Number of asset objects unloaded after import = 9

========================================================================
Received Import Request.
  Time since last request: 0.000023 seconds.
  path: Assets/ModularHousePack1/Prefabs/Modules/Stairs/Parts/BaseStairs_1.prefab
  artifactKey: Guid(ef5aa453f94a2644887578b988b51462) Importer(815301076,1909f56bfc062723c751e8b465ee728b)
Start importing Assets/ModularHousePack1/Prefabs/Modules/Stairs/Parts/BaseStairs_1.prefab using Guid(ef5aa453f94a2644887578b988b51462) Importer(815301076,1909f56bfc062723c751e8b465ee728b) (PreviewImporter) -> (artifact id: 'cefc2fbd9bf81e350208c7a6475fd982') in 0.0859021 seconds
Number of updated asset objects reloaded before import = 0Number of asset objects unloaded after import = 95

========================================================================
Received Import Request.
  Time since last request: 0.000026 seconds.
  path: Assets/Kabungus/HouseholdItems/Prefabs/Bottle3Blue.prefab
  artifactKey: Guid(4cbfeb0abc558484fabc57fa3866b1c9) Importer(815301076,1909f56bfc062723c751e8b465ee728b)
Start importing Assets/Kabungus/HouseholdItems/Prefabs/Bottle3Blue.prefab using Guid(4cbfeb0abc558484fabc57fa3866b1c9) Importer(815301076,1909f56bfc062723c751e8b465ee728b) (PreviewImporter) -> (artifact id: '31b30fd37ff859d8976b301f82b605fb') in 0.0068652 seconds
Number of updated asset objects reloaded before import = 0Number of asset objects unloaded after import = 14

========================================================================
Received Import Request.
  Time since last request: 0.000025 seconds.
  path: Assets/Kabungus/HouseholdItems/Prefabs/Briefcase.prefab
  artifactKey: Guid(034c9d399c992d343aedc9cf38d46122) Importer(815301076,1909f56bfc062723c751e8b465ee728b)
Start importing Assets/Kabungus/HouseholdItems/Prefabs/Briefcase.prefab using Guid(034c9d399c992d343aedc9cf38d46122) Importer(815301076,1909f56bfc062723c751e8b465ee728b) (PreviewImporter) -> (artifact id: '8b7e50f13e77740e5f83ce95308550c2') in 0.0084818 seconds
Number of updated asset objects reloaded before import = 0Number of asset objects unloaded after import = 14

========================================================================
Received Import Request.
  Time since last request: 0.000015 seconds.
  path: Assets/Kabungus/HouseholdItems/Prefabs/AmmoCrate.prefab
  artifactKey: Guid(ca1d9972fb474d344813f4b28cdd8c6f) Importer(815301076,1909f56bfc062723c751e8b465ee728b)
Start importing Assets/Kabungus/HouseholdItems/Prefabs/AmmoCrate.prefab using Guid(ca1d9972fb474d344813f4b28cdd8c6f) Importer(815301076,1909f56bfc062723c751e8b465ee728b) (PreviewImporter) -> (artifact id: '9fe92eed22c991bfdaddbe7628a32f55') in 0.0079394 seconds
Number of updated asset objects reloaded before import = 0Number of asset objects unloaded after import = 14

========================================================================
Received Import Request.
  Time since last request: 0.000029 seconds.
  path: Assets/Kabungus/HouseholdItems/Models/Shovel.fbx
  artifactKey: Guid(471f79d8a96bfde4f9e1a293e7f7361d) Importer(815301076,1909f56bfc062723c751e8b465ee728b)
Start importing Assets/Kabungus/HouseholdItems/Models/Shovel.fbx using Guid(471f79d8a96bfde4f9e1a293e7f7361d) Importer(815301076,1909f56bfc062723c751e8b465ee728b) (PreviewImporter) -> (artifact id: '3a3a4294607876e17ed70789ba6091c7') in 0.0154 seconds
Number of updated asset objects reloaded before import = 0Number of asset objects unloaded after import = 9

========================================================================
Received Import Request.
  Time since last request: 0.000019 seconds.
  path: Assets/Kabungus/HouseholdItems/Models/HealthKit.fbx
  artifactKey: Guid(398846502ebef9d4db139fba4c4f8e1c) Importer(815301076,1909f56bfc062723c751e8b465ee728b)
Start importing Assets/Kabungus/HouseholdItems/Models/HealthKit.fbx using Guid(398846502ebef9d4db139fba4c4f8e1c) Importer(815301076,1909f56bfc062723c751e8b465ee728b) (PreviewImporter) -> (artifact id: '1b81d25a0eee4866457b955689f136ea') in 0.0208974 seconds
Number of updated asset objects reloaded before import = 0Number of asset objects unloaded after import = 9

========================================================================
Received Import Request.
  Time since last request: 0.000019 seconds.
  path: Assets/Kabungus/HouseholdItems/Prefabs/ButcherKnifeBrown.prefab
  artifactKey: Guid(974341b5c0320be4298ec596fc9a113a) Importer(815301076,1909f56bfc062723c751e8b465ee728b)
Start importing Assets/Kabungus/HouseholdItems/Prefabs/ButcherKnifeBrown.prefab using Guid(974341b5c0320be4298ec596fc9a113a) Importer(815301076,1909f56bfc062723c751e8b465ee728b) (PreviewImporter) -> (artifact id: '12a4d7c248cdfcfbf010f4385de81a10') in 0.0090948 seconds
Number of updated asset objects reloaded before import = 0Number of asset objects unloaded after import = 14

========================================================================
Received Import Request.
  Time since last request: 0.000020 seconds.
  path: Assets/Kabungus/HouseholdItems/Models/Medkit.fbx
  artifactKey: Guid(f89105f1a7259a7438e6b355f754ca89) Importer(815301076,1909f56bfc062723c751e8b465ee728b)
Start importing Assets/Kabungus/HouseholdItems/Models/Medkit.fbx using Guid(f89105f1a7259a7438e6b355f754ca89) Importer(815301076,1909f56bfc062723c751e8b465ee728b) (PreviewImporter) -> (artifact id: 'e668710ec4504b195759bdad49c51efb') in 0.0200364 seconds
Number of updated asset objects reloaded before import = 0Number of asset objects unloaded after import = 9

========================================================================
Received Import Request.
  Time since last request: 0.000018 seconds.
  path: Assets/Kabungus/HouseholdItems/Models/FastFoodCupBlue.fbx
  artifactKey: Guid(9e510e0678cfcb8428151515b1c24389) Importer(815301076,1909f56bfc062723c751e8b465ee728b)
Start importing Assets/Kabungus/HouseholdItems/Models/FastFoodCupBlue.fbx using Guid(9e510e0678cfcb8428151515b1c24389) Importer(815301076,1909f56bfc062723c751e8b465ee728b) (PreviewImporter) -> (artifact id: '892005fff52bbd437d77dc09959ba130') in 0.0184737 seconds
Number of updated asset objects reloaded before import = 0Number of asset objects unloaded after import = 9

========================================================================
Received Import Request.
  Time since last request: 0.000015 seconds.
  path: Assets/Kabungus/HouseholdItems/Models/SmartPhoneGreen.fbx
  artifactKey: Guid(0040c4d16007e584c99e3a3a31a452f3) Importer(815301076,1909f56bfc062723c751e8b465ee728b)
Start importing Assets/Kabungus/HouseholdItems/Models/SmartPhoneGreen.fbx using Guid(0040c4d16007e584c99e3a3a31a452f3) Importer(815301076,1909f56bfc062723c751e8b465ee728b) (PreviewImporter) -> (artifact id: 'f21855083f91c3e5807e400efe1c6333') in 0.0138481 seconds
Number of updated asset objects reloaded before import = 0Number of asset objects unloaded after import = 9

========================================================================
Received Import Request.
  Time since last request: 0.000022 seconds.
  path: Assets/Kabungus/HouseholdItems/Models/TVStand.fbx
  artifactKey: Guid(03d128306848ffc48a08081f54f6a85e) Importer(815301076,1909f56bfc062723c751e8b465ee728b)
Start importing Assets/Kabungus/HouseholdItems/Models/TVStand.fbx using Guid(03d128306848ffc48a08081f54f6a85e) Importer(815301076,1909f56bfc062723c751e8b465ee728b) (PreviewImporter) -> (artifact id: '0fe41f9ddedb34b3d09edee7ec18f9fe') in 0.0144059 seconds
Number of updated asset objects reloaded before import = 0Number of asset objects unloaded after import = 9

========================================================================
Received Import Request.
  Time since last request: 0.000037 seconds.
  path: Assets/Kabungus/HouseholdItems/Prefabs/ButcherKnife.prefab
  artifactKey: Guid(646f7087994c8474cbd8f419607c412b) Importer(815301076,1909f56bfc062723c751e8b465ee728b)
Start importing Assets/Kabungus/HouseholdItems/Prefabs/ButcherKnife.prefab using Guid(646f7087994c8474cbd8f419607c412b) Importer(815301076,1909f56bfc062723c751e8b465ee728b) (PreviewImporter) -> (artifact id: 'eb975ef045a62f9127f8db6a669a3df9') in 0.0063234 seconds
Number of updated asset objects reloaded before import = 0Number of asset objects unloaded after import = 14

========================================================================
Received Import Request.
  Time since last request: 0.000019 seconds.
  path: Assets/ModularHousePack1/Prefabs/Modules/Corners/Corner_2A.prefab
  artifactKey: Guid(d18f641abbb45574e87416eb5140594c) Importer(815301076,1909f56bfc062723c751e8b465ee728b)
Start importing Assets/ModularHousePack1/Prefabs/Modules/Corners/Corner_2A.prefab using Guid(d18f641abbb45574e87416eb5140594c) Importer(815301076,1909f56bfc062723c751e8b465ee728b) (PreviewImporter) -> (artifact id: '44f14806804a1feb4b78ad42459b0f10') in 0.1127483 seconds
Number of updated asset objects reloaded before import = 0Number of asset objects unloaded after import = 180

========================================================================
Received Import Request.
  Time since last request: 0.000024 seconds.
  path: Assets/ModularHousePack1/Prefabs/Modules/Corners/Corner_1A.prefab
  artifactKey: Guid(02cad59253e36fa42b9b54704b98183a) Importer(815301076,1909f56bfc062723c751e8b465ee728b)
Start importing Assets/ModularHousePack1/Prefabs/Modules/Corners/Corner_1A.prefab using Guid(02cad59253e36fa42b9b54704b98183a) Importer(815301076,1909f56bfc062723c751e8b465ee728b) (PreviewImporter) -> (artifact id: '6df16e30a6e7f089f074fa02a00796b9') in 0.031228 seconds
Number of updated asset objects reloaded before import = 0Number of asset objects unloaded after import = 38

========================================================================
Received Import Request.
  Time since last request: 0.000052 seconds.
  path: Assets/ModularHousePack1/Prefabs/Modules/Walls/Parts/Baseboard.prefab
  artifactKey: Guid(f3eb910d34e94c249b0e0697d54ef967) Importer(815301076,1909f56bfc062723c751e8b465ee728b)
Start importing Assets/ModularHousePack1/Prefabs/Modules/Walls/Parts/Baseboard.prefab using Guid(f3eb910d34e94c249b0e0697d54ef967) Importer(815301076,1909f56bfc062723c751e8b465ee728b) (PreviewImporter) -> (artifact id: '0dc23c80146ff5f5cbf10acec0bb01c6') in 0.0204438 seconds
Number of updated asset objects reloaded before import = 0Number of asset objects unloaded after import = 11

========================================================================
Received Import Request.
  Time since last request: 0.000038 seconds.
  path: Assets/Kabungus/HouseholdItems/Models/Mug.fbx
  artifactKey: Guid(38c928c4da6a2564fa142dd6ce356b1b) Importer(815301076,1909f56bfc062723c751e8b465ee728b)
Start importing Assets/Kabungus/HouseholdItems/Models/Mug.fbx using Guid(38c928c4da6a2564fa142dd6ce356b1b) Importer(815301076,1909f56bfc062723c751e8b465ee728b) (PreviewImporter) -> (artifact id: 'f444f80bb700344a98f7884b00842660') in 0.0190703 seconds
Number of updated asset objects reloaded before import = 0Number of asset objects unloaded after import = 9

========================================================================
Received Import Request.
  Time since last request: 0.000043 seconds.
  path: Assets/Kabungus/HouseholdItems/Models/Hammer.fbx
  artifactKey: Guid(39a8b7fbca88eb842b946df761cdaa86) Importer(815301076,1909f56bfc062723c751e8b465ee728b)
Start importing Assets/Kabungus/HouseholdItems/Models/Hammer.fbx using Guid(39a8b7fbca88eb842b946df761cdaa86) Importer(815301076,1909f56bfc062723c751e8b465ee728b) (PreviewImporter) -> (artifact id: '2ec6763c5e89567562a04ae26d23bf74') in 0.0162402 seconds
Number of updated asset objects reloaded before import = 0Number of asset objects unloaded after import = 9

========================================================================
Received Import Request.
  Time since last request: 0.000020 seconds.
  path: Assets/Kabungus/HouseholdItems/Models/Pot.fbx
  artifactKey: Guid(1e1d12455ed3cf6499d462cf7f484af7) Importer(815301076,1909f56bfc062723c751e8b465ee728b)
Start importing Assets/Kabungus/HouseholdItems/Models/Pot.fbx using Guid(1e1d12455ed3cf6499d462cf7f484af7) Importer(815301076,1909f56bfc062723c751e8b465ee728b) (PreviewImporter) -> (artifact id: 'cae3b76bb118ca85d91951070e8b5fe4') in 0.0159571 seconds
Number of updated asset objects reloaded before import = 0Number of asset objects unloaded after import = 9

========================================================================
Received Import Request.
  Time since last request: 0.000024 seconds.
  path: Assets/Kabungus/HouseholdItems/Models/Flashlight.fbx
  artifactKey: Guid(44d5df41eb2bff84eac7e4c99a05dde7) Importer(815301076,1909f56bfc062723c751e8b465ee728b)
Start importing Assets/Kabungus/HouseholdItems/Models/Flashlight.fbx using Guid(44d5df41eb2bff84eac7e4c99a05dde7) Importer(815301076,1909f56bfc062723c751e8b465ee728b) (PreviewImporter) -> (artifact id: 'c55f4a5e989be7ab9573f715079cf897') in 0.0173716 seconds
Number of updated asset objects reloaded before import = 0Number of asset objects unloaded after import = 9

========================================================================
Received Import Request.
  Time since last request: 0.000021 seconds.
  path: Assets/Kabungus/HouseholdItems/Models/ScrewDriverBlue.fbx
  artifactKey: Guid(82c5bf8db4f44694a9f60476aad774e8) Importer(815301076,1909f56bfc062723c751e8b465ee728b)
Start importing Assets/Kabungus/HouseholdItems/Models/ScrewDriverBlue.fbx using Guid(82c5bf8db4f44694a9f60476aad774e8) Importer(815301076,1909f56bfc062723c751e8b465ee728b) (PreviewImporter) -> (artifact id: 'fc8fbf1576d57c364a7ffa7ae92658a8') in 0.0166346 seconds
Number of updated asset objects reloaded before import = 0Number of asset objects unloaded after import = 9

========================================================================
Received Import Request.
  Time since last request: 12.097264 seconds.
  path: Assets/ModularHousePack1/Prefabs/Modules/Corners/Corner_7B.prefab
  artifactKey: Guid(a8188ff02276595458f9a97cb9749ce3) Importer(815301076,1909f56bfc062723c751e8b465ee728b)
Start importing Assets/ModularHousePack1/Prefabs/Modules/Corners/Corner_7B.prefab using Guid(a8188ff02276595458f9a97cb9749ce3) Importer(815301076,1909f56bfc062723c751e8b465ee728b) (PreviewImporter) -> (artifact id: '03a6c968a6776d672d31eeec4a2d2caf') in 0.0224221 seconds
Number of updated asset objects reloaded before import = 0Number of asset objects unloaded after import = 24

========================================================================
Received Import Request.
  Time since last request: 0.000018 seconds.
  path: Assets/ModularHousePack1/Prefabs/Modules/Curtains/Curtain_1.prefab
  artifactKey: Guid(5f85861ca7dd1cc4ba67f67a123df2c6) Importer(815301076,1909f56bfc062723c751e8b465ee728b)
Start importing Assets/ModularHousePack1/Prefabs/Modules/Curtains/Curtain_1.prefab using Guid(5f85861ca7dd1cc4ba67f67a123df2c6) Importer(815301076,1909f56bfc062723c751e8b465ee728b) (PreviewImporter) -> (artifact id: '24b23bdc1daa864d04f074d695118502') in 0.0354869 seconds
Number of updated asset objects reloaded before import = 0Number of asset objects unloaded after import = 62

========================================================================
Received Import Request.
  Time since last request: 0.000017 seconds.
  path: Assets/ModularHousePack1/Prefabs/Modules/Corners/Parts/Exterior_Corner_6.prefab
  artifactKey: Guid(8146df013cbd4de40912fbc00e8a0885) Importer(815301076,1909f56bfc062723c751e8b465ee728b)
Start importing Assets/ModularHousePack1/Prefabs/Modules/Corners/Parts/Exterior_Corner_6.prefab using Guid(8146df013cbd4de40912fbc00e8a0885) Importer(815301076,1909f56bfc062723c751e8b465ee728b) (PreviewImporter) -> (artifact id: 'dbe8b02c510264096e5fd66847b933e8') in 0.0197491 seconds
Number of updated asset objects reloaded before import = 0Number of asset objects unloaded after import = 13

========================================================================
Received Import Request.
  Time since last request: 0.000043 seconds.
  path: Assets/ModularHousePack1/Prefabs/Modules/Corners/Parts/Exterior_Corner_4.prefab
  artifactKey: Guid(522e5ec20c0a9ee4aa5783cddc47009b) Importer(815301076,1909f56bfc062723c751e8b465ee728b)
Start importing Assets/ModularHousePack1/Prefabs/Modules/Corners/Parts/Exterior_Corner_4.prefab using Guid(522e5ec20c0a9ee4aa5783cddc47009b) Importer(815301076,1909f56bfc062723c751e8b465ee728b) (PreviewImporter) -> (artifact id: 'b9876c2094f29f0a44ed6fd0bc411788') in 0.0237986 seconds
Number of updated asset objects reloaded before import = 0Number of asset objects unloaded after import = 17

========================================================================
Received Import Request.
  Time since last request: 0.000022 seconds.
  path: Assets/ModularHousePack1/Prefabs/Modules/Doors/Door_3B.prefab
  artifactKey: Guid(aebb4c000f05a6747bb1fd65e0e5a981) Importer(815301076,1909f56bfc062723c751e8b465ee728b)
Start importing Assets/ModularHousePack1/Prefabs/Modules/Doors/Door_3B.prefab using Guid(aebb4c000f05a6747bb1fd65e0e5a981) Importer(815301076,1909f56bfc062723c751e8b465ee728b) (PreviewImporter) -> (artifact id: '05838f8a4506cfb11dd43391eba7d099') in 0.0741354 seconds
Number of updated asset objects reloaded before import = 0Number of asset objects unloaded after import = 128

========================================================================
Received Import Request.
  Time since last request: 0.000028 seconds.
  path: Assets/Kabungus/HouseholdItems/Prefabs/CupRed.prefab
  artifactKey: Guid(16bceb75eebe6564aac541a7eec6dc8f) Importer(815301076,1909f56bfc062723c751e8b465ee728b)
Start importing Assets/Kabungus/HouseholdItems/Prefabs/CupRed.prefab using Guid(16bceb75eebe6564aac541a7eec6dc8f) Importer(815301076,1909f56bfc062723c751e8b465ee728b) (PreviewImporter) -> (artifact id: '7c4ca21ce321b62e42c68b51c59b782b') in 0.0091468 seconds
Number of updated asset objects reloaded before import = 0Number of asset objects unloaded after import = 14

========================================================================
Received Import Request.
  Time since last request: 0.000034 seconds.
  path: Assets/ModularHousePack1/Prefabs/Modules/Doors/Door_2A.prefab
  artifactKey: Guid(750b5b79ce0ce464bbb70d0166296e9d) Importer(815301076,1909f56bfc062723c751e8b465ee728b)
Start importing Assets/ModularHousePack1/Prefabs/Modules/Doors/Door_2A.prefab using Guid(750b5b79ce0ce464bbb70d0166296e9d) Importer(815301076,1909f56bfc062723c751e8b465ee728b) (PreviewImporter) -> (artifact id: '815ee6b3bf2dd3ccf705455f5af492ca') in 0.0634489 seconds
Number of updated asset objects reloaded before import = 0Number of asset objects unloaded after import = 129

========================================================================
Received Import Request.
  Time since last request: 0.000016 seconds.
  path: Assets/Kabungus/HouseholdItems/Prefabs/Cup.prefab
  artifactKey: Guid(418aa78a681688846932c1adefcabaf2) Importer(815301076,1909f56bfc062723c751e8b465ee728b)
Start importing Assets/Kabungus/HouseholdItems/Prefabs/Cup.prefab using Guid(418aa78a681688846932c1adefcabaf2) Importer(815301076,1909f56bfc062723c751e8b465ee728b) (PreviewImporter) -> (artifact id: '330d3589fa2884a2f6b98c1849aa01c5') in 0.0090731 seconds
Number of updated asset objects reloaded before import = 0Number of asset objects unloaded after import = 14

========================================================================
Received Import Request.
  Time since last request: 0.422696 seconds.
  path: Assets/ModularHousePack1/Prefabs/Modules/Corners/Corner_3A.prefab
  artifactKey: Guid(5f548698500ffa14f8ca1b1dca5aeeff) Importer(815301076,1909f56bfc062723c751e8b465ee728b)
Start importing Assets/ModularHousePack1/Prefabs/Modules/Corners/Corner_3A.prefab using Guid(5f548698500ffa14f8ca1b1dca5aeeff) Importer(815301076,1909f56bfc062723c751e8b465ee728b) (PreviewImporter) -> (artifact id: 'b81da781f5ef7d73dedb29f1203d54c1') in 0.0902747 seconds
Number of updated asset objects reloaded before import = 0Number of asset objects unloaded after import = 312

========================================================================
Received Import Request.
  Time since last request: 0.000018 seconds.
  path: Assets/ModularHousePack1/Prefabs/Modules/Corners/Corner_6A.prefab
  artifactKey: Guid(3d2fd045aff1b8c44a37841de24dcc32) Importer(815301076,1909f56bfc062723c751e8b465ee728b)
Start importing Assets/ModularHousePack1/Prefabs/Modules/Corners/Corner_6A.prefab using Guid(3d2fd045aff1b8c44a37841de24dcc32) Importer(815301076,1909f56bfc062723c751e8b465ee728b) (PreviewImporter) -> (artifact id: 'b53661d03657963a99208957a24cc527') in 0.0301477 seconds
Number of updated asset objects reloaded before import = 0Number of asset objects unloaded after import = 35

========================================================================
Received Import Request.
  Time since last request: 0.000027 seconds.
  path: Assets/ModularHousePack1/Prefabs/Modules/Corners/Corner_7A.prefab
  artifactKey: Guid(af6261c53791aaf4abfc6911727177a6) Importer(815301076,1909f56bfc062723c751e8b465ee728b)
Start importing Assets/ModularHousePack1/Prefabs/Modules/Corners/Corner_7A.prefab using Guid(af6261c53791aaf4abfc6911727177a6) Importer(815301076,1909f56bfc062723c751e8b465ee728b) (PreviewImporter) -> (artifact id: '8087a3e4c1545a482b731b7603dc6988') in 0.0310027 seconds
Number of updated asset objects reloaded before import = 0Number of asset objects unloaded after import = 35

========================================================================
Received Import Request.
  Time since last request: 0.000034 seconds.
  path: Assets/ModularHousePack1/Prefabs/Modules/Corners/Corner_6B.prefab
  artifactKey: Guid(98ca116ff5514604c90983fbbb32c2cc) Importer(815301076,1909f56bfc062723c751e8b465ee728b)
Start importing Assets/ModularHousePack1/Prefabs/Modules/Corners/Corner_6B.prefab using Guid(98ca116ff5514604c90983fbbb32c2cc) Importer(815301076,1909f56bfc062723c751e8b465ee728b) (PreviewImporter) -> (artifact id: '18baca446b9953fa2abd297e055d2f6a') in 0.0184086 seconds
Number of updated asset objects reloaded before import = 0Number of asset objects unloaded after import = 12

========================================================================
Received Import Request.
  Time since last request: 0.000028 seconds.
  path: Assets/ModularHousePack1/Prefabs/Modules/Corners/Corner_5A.prefab
  artifactKey: Guid(f195714e71a5c2041907cd631458b224) Importer(815301076,1909f56bfc062723c751e8b465ee728b)
Start importing Assets/ModularHousePack1/Prefabs/Modules/Corners/Corner_5A.prefab using Guid(f195714e71a5c2041907cd631458b224) Importer(815301076,1909f56bfc062723c751e8b465ee728b) (PreviewImporter) -> (artifact id: 'c1d918b1286bdfa7bd9c8a551dc878dd') in 0.0721469 seconds
Number of updated asset objects reloaded before import = 0Number of asset objects unloaded after import = 246

========================================================================
Received Import Request.
  Time since last request: 1.389618 seconds.
  path: Assets/ModularHousePack1/Prefabs/Modules/Doors/Parts/Exterior_Door_HingesB.prefab
  artifactKey: Guid(ddf0fb2eba698b44281d1997267982c2) Importer(815301076,1909f56bfc062723c751e8b465ee728b)
Start importing Assets/ModularHousePack1/Prefabs/Modules/Doors/Parts/Exterior_Door_HingesB.prefab using Guid(ddf0fb2eba698b44281d1997267982c2) Importer(815301076,1909f56bfc062723c751e8b465ee728b) (PreviewImporter) -> (artifact id: '2d0bd3d4963fc2d90457dae5313d4a0e') in 0.0232514 seconds
Number of updated asset objects reloaded before import = 0Number of asset objects unloaded after import = 12

========================================================================
Received Import Request.
  Time since last request: 0.000013 seconds.
  path: Assets/ModularHousePack1/Prefabs/Modules/Window/Parts/Exterior_Window_Bezel.prefab
  artifactKey: Guid(98abdde680deef2409f8dad325bbc952) Importer(815301076,1909f56bfc062723c751e8b465ee728b)
Start importing Assets/ModularHousePack1/Prefabs/Modules/Window/Parts/Exterior_Window_Bezel.prefab using Guid(98abdde680deef2409f8dad325bbc952) Importer(815301076,1909f56bfc062723c751e8b465ee728b) (PreviewImporter) -> (artifact id: '83198a253a8fff4653bff071bd1b25b0') in 0.0190493 seconds
Number of updated asset objects reloaded before import = 0Number of asset objects unloaded after import = 12

========================================================================
Received Import Request.
  Time since last request: 0.000015 seconds.
  path: Assets/ModularHousePack1/Prefabs/Modules/Doors/Parts/Exterior_Door_Pommel.prefab
  artifactKey: Guid(dadddd395936d3d439434bf21d645680) Importer(815301076,1909f56bfc062723c751e8b465ee728b)
Start importing Assets/ModularHousePack1/Prefabs/Modules/Doors/Parts/Exterior_Door_Pommel.prefab using Guid(dadddd395936d3d439434bf21d645680) Importer(815301076,1909f56bfc062723c751e8b465ee728b) (PreviewImporter) -> (artifact id: 'b10752be74d401f69e7b84239cb62176') in 0.0225499 seconds
Number of updated asset objects reloaded before import = 0Number of asset objects unloaded after import = 12

========================================================================
Received Import Request.
  Time since last request: 0.000036 seconds.
  path: Assets/ModularHousePack1/Prefabs/Modules/Doors/Parts/Exterior_Door_Tile.prefab
  artifactKey: Guid(2d0df1a3730617f4a917d6dfc70e53f2) Importer(815301076,1909f56bfc062723c751e8b465ee728b)
Start importing Assets/ModularHousePack1/Prefabs/Modules/Doors/Parts/Exterior_Door_Tile.prefab using Guid(2d0df1a3730617f4a917d6dfc70e53f2) Importer(815301076,1909f56bfc062723c751e8b465ee728b) (PreviewImporter) -> (artifact id: '5752eb971b65c0559fb230073819abf2') in 0.0155116 seconds
Number of updated asset objects reloaded before import = 0Number of asset objects unloaded after import = 10

========================================================================
Received Import Request.
  Time since last request: 0.207160 seconds.
  path: Assets/ModularHousePack1/Prefabs/Modules/Window/Parts/Exterior_Window_GlassA.prefab
  artifactKey: Guid(028a6cdc36309594aaa561a5c3380f82) Importer(815301076,1909f56bfc062723c751e8b465ee728b)
Start importing Assets/ModularHousePack1/Prefabs/Modules/Window/Parts/Exterior_Window_GlassA.prefab using Guid(028a6cdc36309594aaa561a5c3380f82) Importer(815301076,1909f56bfc062723c751e8b465ee728b) (PreviewImporter) -> (artifact id: '48a23ddd9d4325b3c6ebcdba9920e4e4') in 0.0078919 seconds
Number of updated asset objects reloaded before import = 0Number of asset objects unloaded after import = 8

========================================================================
Received Import Request.
  Time since last request: 0.000022 seconds.
  path: Assets/ModularHousePack1/Prefabs/Modules/Window/Parts/Exterior_WindowA.prefab
  artifactKey: Guid(e874eaa76e1962243800c68f968a108a) Importer(815301076,1909f56bfc062723c751e8b465ee728b)
Start importing Assets/ModularHousePack1/Prefabs/Modules/Window/Parts/Exterior_WindowA.prefab using Guid(e874eaa76e1962243800c68f968a108a) Importer(815301076,1909f56bfc062723c751e8b465ee728b) (PreviewImporter) -> (artifact id: '78f181f1ee8d11fc9d50f5e468101b80') in 0.0213962 seconds
Number of updated asset objects reloaded before import = 0Number of asset objects unloaded after import = 12

========================================================================
Received Import Request.
  Time since last request: 0.000021 seconds.
  path: Assets/ModularHousePack1/Prefabs/Modules/Window/Parts/Exterior_Window_Tile.prefab
  artifactKey: Guid(ff91babbb47642544817a4663e83478e) Importer(815301076,1909f56bfc062723c751e8b465ee728b)
Start importing Assets/ModularHousePack1/Prefabs/Modules/Window/Parts/Exterior_Window_Tile.prefab using Guid(ff91babbb47642544817a4663e83478e) Importer(815301076,1909f56bfc062723c751e8b465ee728b) (PreviewImporter) -> (artifact id: '4609e6afa3ea97d94126dbeb89a17e60') in 0.0168564 seconds
Number of updated asset objects reloaded before import = 0Number of asset objects unloaded after import = 10

========================================================================
Received Import Request.
  Time since last request: 0.000029 seconds.
  path: Assets/ModularHousePack1/Prefabs/Modules/Corners/Parts/ExteriorToInterior_Corner_5.prefab
  artifactKey: Guid(1207f6e1b903fe74bab33061ddb26d14) Importer(815301076,1909f56bfc062723c751e8b465ee728b)
Start importing Assets/ModularHousePack1/Prefabs/Modules/Corners/Parts/ExteriorToInterior_Corner_5.prefab using Guid(1207f6e1b903fe74bab33061ddb26d14) Importer(815301076,1909f56bfc062723c751e8b465ee728b) (PreviewImporter) -> (artifact id: 'd7829c88b302dd357b89bd7c798cb51f') in 0.0191619 seconds
Number of updated asset objects reloaded before import = 0Number of asset objects unloaded after import = 10

========================================================================
Received Import Request.
  Time since last request: 0.000023 seconds.
  path: Assets/Kabungus/HouseholdItems/Prefabs/FastFoodCupGreen.prefab
  artifactKey: Guid(1b3532c0700379144b9fa1d891db40ab) Importer(815301076,1909f56bfc062723c751e8b465ee728b)
Start importing Assets/Kabungus/HouseholdItems/Prefabs/FastFoodCupGreen.prefab using Guid(1b3532c0700379144b9fa1d891db40ab) Importer(815301076,1909f56bfc062723c751e8b465ee728b) (PreviewImporter) -> (artifact id: '107e3e7c589bb07d170c25da93806e9d') in 0.0102457 seconds
Number of updated asset objects reloaded before import = 0Number of asset objects unloaded after import = 14

========================================================================
Received Import Request.
  Time since last request: 0.000021 seconds.
  path: Assets/ModularHousePack1/Prefabs/Modules/Corners/Parts/ExteriorToInterior_Corner_3.prefab
  artifactKey: Guid(cea4350da7d810446a316df62f8f7473) Importer(815301076,1909f56bfc062723c751e8b465ee728b)
Start importing Assets/ModularHousePack1/Prefabs/Modules/Corners/Parts/ExteriorToInterior_Corner_3.prefab using Guid(cea4350da7d810446a316df62f8f7473) Importer(815301076,1909f56bfc062723c751e8b465ee728b) (PreviewImporter) -> (artifact id: '94e49f25b1eca6838652186d61c09acd') in 0.0153356 seconds
Number of updated asset objects reloaded before import = 0Number of asset objects unloaded after import = 10

========================================================================
Received Import Request.
  Time since last request: 0.000071 seconds.
  path: Assets/ModularHousePack1/Prefabs/Modules/Window/Parts/Exterior_Window_HingesC.prefab
  artifactKey: Guid(efb5b4c24eb9a7a4e9667b992c0e0f14) Importer(815301076,1909f56bfc062723c751e8b465ee728b)
Start importing Assets/ModularHousePack1/Prefabs/Modules/Window/Parts/Exterior_Window_HingesC.prefab using Guid(efb5b4c24eb9a7a4e9667b992c0e0f14) Importer(815301076,1909f56bfc062723c751e8b465ee728b) (PreviewImporter) -> (artifact id: 'd9ea3886f4df1004c11045f68cc1f893') in 0.0210333 seconds
Number of updated asset objects reloaded before import = 0Number of asset objects unloaded after import = 12

========================================================================
Received Import Request.
  Time since last request: 0.175982 seconds.
  path: Assets/ModularHousePack1/Prefabs/Modules/Fences/Fence_1.prefab
  artifactKey: Guid(b554ad9899686b1429f386aa21979b89) Importer(815301076,1909f56bfc062723c751e8b465ee728b)
Start importing Assets/ModularHousePack1/Prefabs/Modules/Fences/Fence_1.prefab using Guid(b554ad9899686b1429f386aa21979b89) Importer(815301076,1909f56bfc062723c751e8b465ee728b) (PreviewImporter) -> (artifact id: 'f69350f06bfded6b2b575383f97d9176') in 0.0165489 seconds
Number of updated asset objects reloaded before import = 0Number of asset objects unloaded after import = 12

========================================================================
Received Import Request.
  Time since last request: 0.000015 seconds.
  path: Assets/Park Assets/Prefab/Flower Box.prefab
  artifactKey: Guid(6e6cad4759f15bd48b12cedb96e4c40e) Importer(815301076,1909f56bfc062723c751e8b465ee728b)
Start importing Assets/Park Assets/Prefab/Flower Box.prefab using Guid(6e6cad4759f15bd48b12cedb96e4c40e) Importer(815301076,1909f56bfc062723c751e8b465ee728b) (PreviewImporter) -> (artifact id: '97279a529c3d660d680297cbff9f492b') in 0.0091458 seconds
Number of updated asset objects reloaded before import = 0Number of asset objects unloaded after import = 10

========================================================================
Received Import Request.
  Time since last request: 0.000020 seconds.
  path: Assets/Park Assets/Prefab/Grass_01.prefab
  artifactKey: Guid(b5ce2da01dc06ad42b537d328b606c13) Importer(815301076,1909f56bfc062723c751e8b465ee728b)
Start importing Assets/Park Assets/Prefab/Grass_01.prefab using Guid(b5ce2da01dc06ad42b537d328b606c13) Importer(815301076,1909f56bfc062723c751e8b465ee728b) (PreviewImporter) -> (artifact id: 'cbc9873373bcda0095d98ec648c888a9') in 0.010422 seconds
Number of updated asset objects reloaded before import = 0Number of asset objects unloaded after import = 10

========================================================================
Received Import Request.
  Time since last request: 0.000015 seconds.
  path: Assets/ModularHousePack1/Prefabs/Modules/Roads/Parts/Glass.prefab
  artifactKey: Guid(13f98d8df08da7f4482087c0031844a2) Importer(815301076,1909f56bfc062723c751e8b465ee728b)
Start importing Assets/ModularHousePack1/Prefabs/Modules/Roads/Parts/Glass.prefab using Guid(13f98d8df08da7f4482087c0031844a2) Importer(815301076,1909f56bfc062723c751e8b465ee728b) (PreviewImporter) -> (artifact id: 'e966d69b6984ad2303b8a11b8f1e5817') in 0.0078477 seconds
Number of updated asset objects reloaded before import = 0Number of asset objects unloaded after import = 8

========================================================================
Received Import Request.
  Time since last request: 0.000017 seconds.
  path: Assets/ModularHousePack1/Prefabs/Modules/Fences/Fence_7.prefab
  artifactKey: Guid(90e9466144ec4f3478988b90a57c0eff) Importer(815301076,1909f56bfc062723c751e8b465ee728b)
Start importing Assets/ModularHousePack1/Prefabs/Modules/Fences/Fence_7.prefab using Guid(90e9466144ec4f3478988b90a57c0eff) Importer(815301076,1909f56bfc062723c751e8b465ee728b) (PreviewImporter) -> (artifact id: '4af6da221e47383b4e3ced571bc8454a') in 0.0188609 seconds
Number of updated asset objects reloaded before import = 0Number of asset objects unloaded after import = 12

========================================================================
Received Import Request.
  Time since last request: 0.000027 seconds.
  path: Assets/Kabungus/HouseholdItems/Prefabs/Hatchet.prefab
  artifactKey: Guid(099057114fbfa384cac15e9afd032ec7) Importer(815301076,1909f56bfc062723c751e8b465ee728b)
Start importing Assets/Kabungus/HouseholdItems/Prefabs/Hatchet.prefab using Guid(099057114fbfa384cac15e9afd032ec7) Importer(815301076,1909f56bfc062723c751e8b465ee728b) (PreviewImporter) -> (artifact id: '879c78413449c8e6b0c2efc7a606f2f2') in 0.0088926 seconds
Number of updated asset objects reloaded before import = 0Number of asset objects unloaded after import = 14

========================================================================
Received Import Request.
  Time since last request: 0.000016 seconds.
  path: Assets/Park Assets/Prefab/Hill_01.prefab
  artifactKey: Guid(620dfba8ed3cda6499892978b040ee38) Importer(815301076,1909f56bfc062723c751e8b465ee728b)
Start importing Assets/Park Assets/Prefab/Hill_01.prefab using Guid(620dfba8ed3cda6499892978b040ee38) Importer(815301076,1909f56bfc062723c751e8b465ee728b) (PreviewImporter) -> (artifact id: '5ed37089e1d413d2ed51d2f0c821d2ff') in 0.0093146 seconds
Number of updated asset objects reloaded before import = 0Number of asset objects unloaded after import = 10

========================================================================
Received Import Request.
  Time since last request: 0.000017 seconds.
  path: Assets/Kabungus/HouseholdItems/Prefabs/HealthKit.prefab
  artifactKey: Guid(99522760dea2fad49830d37037ed51e6) Importer(815301076,1909f56bfc062723c751e8b465ee728b)
Start importing Assets/Kabungus/HouseholdItems/Prefabs/HealthKit.prefab using Guid(99522760dea2fad49830d37037ed51e6) Importer(815301076,1909f56bfc062723c751e8b465ee728b) (PreviewImporter) -> (artifact id: '8bb257434c2f1b34d3615a0ce336a862') in 0.0080926 seconds
Number of updated asset objects reloaded before import = 0Number of asset objects unloaded after import = 14

========================================================================
Received Import Request.
  Time since last request: 0.000022 seconds.
  path: Assets/ModularHousePack1/Prefabs/Modules/Curtains/Parts/HooksA.prefab
  artifactKey: Guid(87f5ad15529eba04991f2e3999745f67) Importer(815301076,1909f56bfc062723c751e8b465ee728b)
Start importing Assets/ModularHousePack1/Prefabs/Modules/Curtains/Parts/HooksA.prefab using Guid(87f5ad15529eba04991f2e3999745f67) Importer(815301076,1909f56bfc062723c751e8b465ee728b) (PreviewImporter) -> (artifact id: '150e25a85b5d87cc6da27c6aedf97a07') in 0.017618 seconds
Number of updated asset objects reloaded before import = 0Number of asset objects unloaded after import = 12

========================================================================
Received Import Request.
  Time since last request: 0.000034 seconds.
  path: Assets/Kabungus/HouseholdItems/Prefabs/Fork.prefab
  artifactKey: Guid(3cf00da793ccf734bb21f1e166c9b7ea) Importer(815301076,1909f56bfc062723c751e8b465ee728b)
Start importing Assets/Kabungus/HouseholdItems/Prefabs/Fork.prefab using Guid(3cf00da793ccf734bb21f1e166c9b7ea) Importer(815301076,1909f56bfc062723c751e8b465ee728b) (PreviewImporter) -> (artifact id: '51e15653302e3024b5a751934f72249d') in 0.0108048 seconds
Number of updated asset objects reloaded before import = 0Number of asset objects unloaded after import = 14

========================================================================
Received Import Request.
  Time since last request: 0.000017 seconds.
  path: Assets/ModularHousePack1/Prefabs/Modules/Fences/Fence_6.prefab
  artifactKey: Guid(d4a2dbe7fa3bfce46bc1ef7446af2878) Importer(815301076,1909f56bfc062723c751e8b465ee728b)
Start importing Assets/ModularHousePack1/Prefabs/Modules/Fences/Fence_6.prefab using Guid(d4a2dbe7fa3bfce46bc1ef7446af2878) Importer(815301076,1909f56bfc062723c751e8b465ee728b) (PreviewImporter) -> (artifact id: '6fdb8f0dd51b5dbdd1a90c3949751460') in 0.0183478 seconds
Number of updated asset objects reloaded before import = 0Number of asset objects unloaded after import = 12

========================================================================
Received Import Request.
  Time since last request: 0.399314 seconds.
  path: Assets/ModularHousePack1/Prefabs/Modules/Corners/Parts/Interior_Corner_1.prefab
  artifactKey: Guid(68625caa42caf4a4c8092b6e4cd7c05d) Importer(815301076,1909f56bfc062723c751e8b465ee728b)
Start importing Assets/ModularHousePack1/Prefabs/Modules/Corners/Parts/Interior_Corner_1.prefab using Guid(68625caa42caf4a4c8092b6e4cd7c05d) Importer(815301076,1909f56bfc062723c751e8b465ee728b) (PreviewImporter) -> (artifact id: 'b92c861c1f21754298a529da268db591') in 0.0231522 seconds
Number of updated asset objects reloaded before import = 0Number of asset objects unloaded after import = 11

========================================================================
Received Import Request.
  Time since last request: 0.000019 seconds.
  path: Assets/ModularHousePack1/Prefabs/Modules/Doors/Parts/Interior_Door_Baseboard.prefab
  artifactKey: Guid(5f5fd3c2188df8f43a4b5a648002990f) Importer(815301076,1909f56bfc062723c751e8b465ee728b)
Start importing Assets/ModularHousePack1/Prefabs/Modules/Doors/Parts/Interior_Door_Baseboard.prefab using Guid(5f5fd3c2188df8f43a4b5a648002990f) Importer(815301076,1909f56bfc062723c751e8b465ee728b) (PreviewImporter) -> (artifact id: '650b502504eaafb1cac34be7753f8ef9') in 0.0256175 seconds
Number of updated asset objects reloaded before import = 0Number of asset objects unloaded after import = 11

========================================================================
Received Import Request.
  Time since last request: 0.000023 seconds.
  path: Assets/ModularHousePack1/Prefabs/Modules/Doors/Parts/Interior_Door_Lock.prefab
  artifactKey: Guid(08f110985fcd3b148b2f4fea2a9672d0) Importer(815301076,1909f56bfc062723c751e8b465ee728b)
Start importing Assets/ModularHousePack1/Prefabs/Modules/Doors/Parts/Interior_Door_Lock.prefab using Guid(08f110985fcd3b148b2f4fea2a9672d0) Importer(815301076,1909f56bfc062723c751e8b465ee728b) (PreviewImporter) -> (artifact id: '4adba0de154cb4ec06473b4914f4a123') in 0.0267347 seconds
Number of updated asset objects reloaded before import = 0Number of asset objects unloaded after import = 12

========================================================================
Received Import Request.
  Time since last request: 0.000018 seconds.
  path: Assets/ModularHousePack1/Prefabs/Modules/Walls/Parts/Interior_WallB.prefab
  artifactKey: Guid(9c0a9e1a998861d408ca54a9f808af2c) Importer(815301076,1909f56bfc062723c751e8b465ee728b)
Start importing Assets/ModularHousePack1/Prefabs/Modules/Walls/Parts/Interior_WallB.prefab using Guid(9c0a9e1a998861d408ca54a9f808af2c) Importer(815301076,1909f56bfc062723c751e8b465ee728b) (PreviewImporter) -> (artifact id: 'a23d9b1211d17815c7dac9ee4b6cb45e') in 0.0206353 seconds
Number of updated asset objects reloaded before import = 0Number of asset objects unloaded after import = 10

========================================================================
Received Import Request.
  Time since last request: 0.000027 seconds.
  path: Assets/ModularHousePack1/Prefabs/Modules/Floors/Parts/Interior_Floor.prefab
  artifactKey: Guid(fe09c155ffafe1c4d91d6ebd42d1f5aa) Importer(815301076,1909f56bfc062723c751e8b465ee728b)
Start importing Assets/ModularHousePack1/Prefabs/Modules/Floors/Parts/Interior_Floor.prefab using Guid(fe09c155ffafe1c4d91d6ebd42d1f5aa) Importer(815301076,1909f56bfc062723c751e8b465ee728b) (PreviewImporter) -> (artifact id: '42477cf48bcd91a61cb5b86d7eba620a') in 0.0214656 seconds
Number of updated asset objects reloaded before import = 0Number of asset objects unloaded after import = 11

========================================================================
Received Import Request.
  Time since last request: 0.000047 seconds.
  path: Assets/ModularHousePack1/Prefabs/Modules/Doors/Parts/Interior_Door_WallB.prefab
  artifactKey: Guid(56ee302379118a64982ab1105fedfdc0) Importer(815301076,1909f56bfc062723c751e8b465ee728b)
Start importing Assets/ModularHousePack1/Prefabs/Modules/Doors/Parts/Interior_Door_WallB.prefab using Guid(56ee302379118a64982ab1105fedfdc0) Importer(815301076,1909f56bfc062723c751e8b465ee728b) (PreviewImporter) -> (artifact id: '59b96931fc54aeea8cb9f8ba73c40fb6') in 0.0193879 seconds
Number of updated asset objects reloaded before import = 0Number of asset objects unloaded after import = 10

========================================================================
Received Import Request.
  Time since last request: 0.000014 seconds.
  path: Assets/ModularHousePack1/Prefabs/Modules/Floors/Parts/Interior_FloorToRoof_Up.prefab
  artifactKey: Guid(515421c9cde82904484842a01492abf8) Importer(815301076,1909f56bfc062723c751e8b465ee728b)
Start importing Assets/ModularHousePack1/Prefabs/Modules/Floors/Parts/Interior_FloorToRoof_Up.prefab using Guid(515421c9cde82904484842a01492abf8) Importer(815301076,1909f56bfc062723c751e8b465ee728b) (PreviewImporter) -> (artifact id: '7cae6b99b38825ea822373d73a82fdd9') in 0.0293134 seconds
Number of updated asset objects reloaded before import = 0Number of asset objects unloaded after import = 11

========================================================================
Received Import Request.
  Time since last request: 0.178760 seconds.
  path: Assets/Kabungus/HouseholdItems/Prefabs/KitchenKnife.prefab
  artifactKey: Guid(6dfa99702458ec940b19f2d3e6f86da0) Importer(815301076,1909f56bfc062723c751e8b465ee728b)
Start importing Assets/Kabungus/HouseholdItems/Prefabs/KitchenKnife.prefab using Guid(6dfa99702458ec940b19f2d3e6f86da0) Importer(815301076,1909f56bfc062723c751e8b465ee728b) (PreviewImporter) -> (artifact id: '9507656226b0d30f89b045796a46cb10') in 0.0082003 seconds
Number of updated asset objects reloaded before import = 0Number of asset objects unloaded after import = 14

========================================================================
Received Import Request.
  Time since last request: 0.000020 seconds.
  path: Assets/Kabungus/HouseholdItems/Prefabs/MilkCartonRed.prefab
  artifactKey: Guid(55806676c5f5a2c4498bc7a821d7c7ab) Importer(815301076,1909f56bfc062723c751e8b465ee728b)
Start importing Assets/Kabungus/HouseholdItems/Prefabs/MilkCartonRed.prefab using Guid(55806676c5f5a2c4498bc7a821d7c7ab) Importer(815301076,1909f56bfc062723c751e8b465ee728b) (PreviewImporter) -> (artifact id: '04ab45c74f71a5e7667a2d689779c351') in 0.010532 seconds
Number of updated asset objects reloaded before import = 0Number of asset objects unloaded after import = 14

========================================================================
Received Import Request.
  Time since last request: 0.000023 seconds.
  path: Assets/Kabungus/HouseholdItems/Prefabs/MilkCartonBlue.prefab
  artifactKey: Guid(6d08c488831fb6f43931534c0980cf22) Importer(815301076,1909f56bfc062723c751e8b465ee728b)
Start importing Assets/Kabungus/HouseholdItems/Prefabs/MilkCartonBlue.prefab using Guid(6d08c488831fb6f43931534c0980cf22) Importer(815301076,1909f56bfc062723c751e8b465ee728b) (PreviewImporter) -> (artifact id: '17d523b5821c43de9c47cc29d8773587') in 0.0092101 seconds
Number of updated asset objects reloaded before import = 0Number of asset objects unloaded after import = 14

========================================================================
Received Import Request.
  Time since last request: 0.000028 seconds.
  path: Assets/Kabungus/HouseholdItems/Prefabs/Medkit.prefab
  artifactKey: Guid(f281bc33191a33d48aaa6b157ebaa913) Importer(815301076,1909f56bfc062723c751e8b465ee728b)
Start importing Assets/Kabungus/HouseholdItems/Prefabs/Medkit.prefab using Guid(f281bc33191a33d48aaa6b157ebaa913) Importer(815301076,1909f56bfc062723c751e8b465ee728b) (PreviewImporter) -> (artifact id: 'c68de3a12fe4e817bc855890b1fc16ed') in 0.011411 seconds
Number of updated asset objects reloaded before import = 0Number of asset objects unloaded after import = 14

========================================================================
Received Import Request.
  Time since last request: 0.010703 seconds.
  path: Assets/Kabungus/HouseholdItems/Prefabs/Pan.prefab
  artifactKey: Guid(6466c314cb3c8424eb2c13a334acb958) Importer(815301076,1909f56bfc062723c751e8b465ee728b)
Start importing Assets/Kabungus/HouseholdItems/Prefabs/Pan.prefab using Guid(6466c314cb3c8424eb2c13a334acb958) Importer(815301076,1909f56bfc062723c751e8b465ee728b) (PreviewImporter) -> (artifact id: 'c121f428a898f7455437be6e15360916') in 0.0087288 seconds
Number of updated asset objects reloaded before import = 0Number of asset objects unloaded after import = 14

========================================================================
Received Import Request.
  Time since last request: 0.000014 seconds.
  path: Assets/ModularHousePack1/Prefabs/Modules/Roads/Parts/Pavement_3.prefab
  artifactKey: Guid(1f8ff9c428b6f9e419cbdfdc523f83e6) Importer(815301076,1909f56bfc062723c751e8b465ee728b)
Start importing Assets/ModularHousePack1/Prefabs/Modules/Roads/Parts/Pavement_3.prefab using Guid(1f8ff9c428b6f9e419cbdfdc523f83e6) Importer(815301076,1909f56bfc062723c751e8b465ee728b) (PreviewImporter) -> (artifact id: '6e9fdada62325cbe8d37ce058f7c7ea7') in 0.0272846 seconds
Number of updated asset objects reloaded before import = 0Number of asset objects unloaded after import = 14

========================================================================
Received Import Request.
  Time since last request: 0.000020 seconds.
  path: Assets/Kabungus/HouseholdItems/Prefabs/Pencil.prefab
  artifactKey: Guid(63cf03f93fe7e0946ba68936c9807e6a) Importer(815301076,1909f56bfc062723c751e8b465ee728b)
Start importing Assets/Kabungus/HouseholdItems/Prefabs/Pencil.prefab using Guid(63cf03f93fe7e0946ba68936c9807e6a) Importer(815301076,1909f56bfc062723c751e8b465ee728b) (PreviewImporter) -> (artifact id: '0c640fb50c6cd0e17dd9a6d96a09f9a3') in 0.0117416 seconds
Number of updated asset objects reloaded before import = 0Number of asset objects unloaded after import = 14

========================================================================
Received Import Request.
  Time since last request: 0.000016 seconds.
  path: Assets/ModularHousePack1/Prefabs/Modules/Roads/Parts/Road_1.prefab
  artifactKey: Guid(3133e5149236b8d4cbc502ebd3a2b25f) Importer(815301076,1909f56bfc062723c751e8b465ee728b)
Start importing Assets/ModularHousePack1/Prefabs/Modules/Roads/Parts/Road_1.prefab using Guid(3133e5149236b8d4cbc502ebd3a2b25f) Importer(815301076,1909f56bfc062723c751e8b465ee728b) (PreviewImporter) -> (artifact id: '58ab1fea767741961618f00e5db53368') in 0.0317279 seconds
Number of updated asset objects reloaded before import = 0Number of asset objects unloaded after import = 12

========================================================================
Received Import Request.
  Time since last request: 0.000031 seconds.
  path: Assets/ModularHousePack1/Prefabs/Modules/Roads/Road_4.prefab
  artifactKey: Guid(7b9f3c8d21e94104890a51e94bdb7178) Importer(815301076,1909f56bfc062723c751e8b465ee728b)
Start importing Assets/ModularHousePack1/Prefabs/Modules/Roads/Road_4.prefab using Guid(7b9f3c8d21e94104890a51e94bdb7178) Importer(815301076,1909f56bfc062723c751e8b465ee728b) (PreviewImporter) -> (artifact id: 'be53525f3ac5f60f5cae481c4f60b56a') in 0.0910976 seconds
Number of updated asset objects reloaded before import = 0Number of asset objects unloaded after import = 119

========================================================================
Received Import Request.
  Time since last request: 0.000027 seconds.
  path: Assets/ModularHousePack1/Prefabs/Modules/Roofs/Parts/RoofB_Beams.prefab
  artifactKey: Guid(5923faf9cf6e80d4b850657613cf61b0) Importer(815301076,1909f56bfc062723c751e8b465ee728b)
Start importing Assets/ModularHousePack1/Prefabs/Modules/Roofs/Parts/RoofB_Beams.prefab using Guid(5923faf9cf6e80d4b850657613cf61b0) Importer(815301076,1909f56bfc062723c751e8b465ee728b) (PreviewImporter) -> (artifact id: '1227fb720ec6b62186a54adc2e677d04') in 0.0196963 seconds
Number of updated asset objects reloaded before import = 0Number of asset objects unloaded after import = 11

========================================================================
Received Import Request.
  Time since last request: 0.000091 seconds.
  path: Assets/ModularHousePack1/Prefabs/Modules/Roads/Parts/Road_5.prefab
  artifactKey: Guid(c22d7a0efa417a74aadb83bc4c94df24) Importer(815301076,1909f56bfc062723c751e8b465ee728b)
Start importing Assets/ModularHousePack1/Prefabs/Modules/Roads/Parts/Road_5.prefab using Guid(c22d7a0efa417a74aadb83bc4c94df24) Importer(815301076,1909f56bfc062723c751e8b465ee728b) (PreviewImporter) -> (artifact id: 'e0ef2fad4b453f857fd9b7178a72a3f4') in 0.0198944 seconds
Number of updated asset objects reloaded before import = 0Number of asset objects unloaded after import = 12

========================================================================
Received Import Request.
  Time since last request: 0.000022 seconds.
  path: Assets/ModularHousePack1/Prefabs/Modules/Roofs/Parts/RoofA_Ceiling.prefab
  artifactKey: Guid(8a1733c61651068439dc959b236e78a9) Importer(815301076,1909f56bfc062723c751e8b465ee728b)
Start importing Assets/ModularHousePack1/Prefabs/Modules/Roofs/Parts/RoofA_Ceiling.prefab using Guid(8a1733c61651068439dc959b236e78a9) Importer(815301076,1909f56bfc062723c751e8b465ee728b) (PreviewImporter) -> (artifact id: 'c56be85a0346157ac119dff4ca25a4d1') in 0.0244682 seconds
Number of updated asset objects reloaded before import = 0Number of asset objects unloaded after import = 12

========================================================================
Received Import Request.
  Time since last request: 0.000022 seconds.
  path: Assets/Kabungus/HouseholdItems/Prefabs/Plate.prefab
  artifactKey: Guid(ac153637cab135d4fbb8ee7d267b6a4b) Importer(815301076,1909f56bfc062723c751e8b465ee728b)
Start importing Assets/Kabungus/HouseholdItems/Prefabs/Plate.prefab using Guid(ac153637cab135d4fbb8ee7d267b6a4b) Importer(815301076,1909f56bfc062723c751e8b465ee728b) (PreviewImporter) -> (artifact id: '5d5ab9cc5c0f4ff61faac68f7f4d3617') in 0.0107858 seconds
Number of updated asset objects reloaded before import = 0Number of asset objects unloaded after import = 14

========================================================================
Received Import Request.
  Time since last request: 0.000026 seconds.
  path: Assets/ModularHousePack1/Prefabs/Modules/Roads/Road_3.prefab
  artifactKey: Guid(9dcf0954a8ecb2840be2b74024597742) Importer(815301076,1909f56bfc062723c751e8b465ee728b)
Start importing Assets/ModularHousePack1/Prefabs/Modules/Roads/Road_3.prefab using Guid(9dcf0954a8ecb2840be2b74024597742) Importer(815301076,1909f56bfc062723c751e8b465ee728b) (PreviewImporter) -> (artifact id: '3d45a24db76c33960c6543ddce27f318') in 0.0737415 seconds
Number of updated asset objects reloaded before import = 0Number of asset objects unloaded after import = 119

========================================================================
Received Import Request.
  Time since last request: 0.000021 seconds.
  path: Assets/ModularHousePack1/Prefabs/Modules/Roads/Parts/Pavement_4.prefab
  artifactKey: Guid(b4a25529b95c7da4d9397daed0afba44) Importer(815301076,1909f56bfc062723c751e8b465ee728b)
Start importing Assets/ModularHousePack1/Prefabs/Modules/Roads/Parts/Pavement_4.prefab using Guid(b4a25529b95c7da4d9397daed0afba44) Importer(815301076,1909f56bfc062723c751e8b465ee728b) (PreviewImporter) -> (artifact id: '9322fd82a7c44f694eeb48e60d10771d') in 0.0170974 seconds
Number of updated asset objects reloaded before import = 0Number of asset objects unloaded after import = 14

========================================================================
Received Import Request.
  Time since last request: 0.000015 seconds.
  path: Assets/ModularHousePack1/Prefabs/Modules/Roofs/Parts/RoofD1_Clouses.prefab
  artifactKey: Guid(72183abec4658344682f12628a5e8479) Importer(815301076,1909f56bfc062723c751e8b465ee728b)
Start importing Assets/ModularHousePack1/Prefabs/Modules/Roofs/Parts/RoofD1_Clouses.prefab using Guid(72183abec4658344682f12628a5e8479) Importer(815301076,1909f56bfc062723c751e8b465ee728b) (PreviewImporter) -> (artifact id: '8de31e83bc96e5ede235b890cbe95ecb') in 0.0167506 seconds
Number of updated asset objects reloaded before import = 0Number of asset objects unloaded after import = 11

========================================================================
Received Import Request.
  Time since last request: 0.000019 seconds.
  path: Assets/ModularHousePack1/Prefabs/Modules/Roofs/RoofF.prefab
  artifactKey: Guid(b22afd795905e6c468faa199cbbe38dc) Importer(815301076,1909f56bfc062723c751e8b465ee728b)
Start importing Assets/ModularHousePack1/Prefabs/Modules/Roofs/RoofF.prefab using Guid(b22afd795905e6c468faa199cbbe38dc) Importer(815301076,1909f56bfc062723c751e8b465ee728b) (PreviewImporter) -> (artifact id: 'e04dff717fcf73d4c79a20445b0a56b7') in 0.0675444 seconds
Number of updated asset objects reloaded before import = 0Number of asset objects unloaded after import = 66

========================================================================
Received Import Request.
  Time since last request: 0.000039 seconds.
  path: Assets/ModularHousePack1/Prefabs/Modules/Roofs/RoofD2.prefab
  artifactKey: Guid(6694a56745f1eab4d8a1c5746e21639d) Importer(815301076,1909f56bfc062723c751e8b465ee728b)
Start importing Assets/ModularHousePack1/Prefabs/Modules/Roofs/RoofD2.prefab using Guid(6694a56745f1eab4d8a1c5746e21639d) Importer(815301076,1909f56bfc062723c751e8b465ee728b) (PreviewImporter) -> (artifact id: '20cf6773125b7db0e0caa0b181059bad') in 0.0461253 seconds
Number of updated asset objects reloaded before import = 0Number of asset objects unloaded after import = 51

========================================================================
Received Import Request.
  Time since last request: 0.000048 seconds.
  path: Assets/ModularHousePack1/Prefabs/Modules/Curtains/Parts/Rod.prefab
  artifactKey: Guid(a30f419fdbfdbd040a4dff7694abe85c) Importer(815301076,1909f56bfc062723c751e8b465ee728b)
Start importing Assets/ModularHousePack1/Prefabs/Modules/Curtains/Parts/Rod.prefab using Guid(a30f419fdbfdbd040a4dff7694abe85c) Importer(815301076,1909f56bfc062723c751e8b465ee728b) (PreviewImporter) -> (artifact id: 'f36b505afce4064f5be9553182c1b1a6') in 0.0196616 seconds
Number of updated asset objects reloaded before import = 0Number of asset objects unloaded after import = 12

========================================================================
Received Import Request.
  Time since last request: 0.000021 seconds.
  path: Assets/ModularHousePack1/Prefabs/Modules/Roofs/Parts/RoofD2_Ceiling.prefab
  artifactKey: Guid(0309f2f28bc78a24ab308200ded523c3) Importer(815301076,1909f56bfc062723c751e8b465ee728b)
Start importing Assets/ModularHousePack1/Prefabs/Modules/Roofs/Parts/RoofD2_Ceiling.prefab using Guid(0309f2f28bc78a24ab308200ded523c3) Importer(815301076,1909f56bfc062723c751e8b465ee728b) (PreviewImporter) -> (artifact id: 'c29bb382796991b10f476fd40b6dfaa7') in 0.020898 seconds
Number of updated asset objects reloaded before import = 0Number of asset objects unloaded after import = 12

========================================================================
Received Import Request.
  Time since last request: 0.000023 seconds.
  path: Assets/ModularHousePack1/Prefabs/Modules/Roofs/RoofE.prefab
  artifactKey: Guid(c9cf8d0bbe0aa7a4781e0cf06a546bcd) Importer(815301076,1909f56bfc062723c751e8b465ee728b)
Start importing Assets/ModularHousePack1/Prefabs/Modules/Roofs/RoofE.prefab using Guid(c9cf8d0bbe0aa7a4781e0cf06a546bcd) Importer(815301076,1909f56bfc062723c751e8b465ee728b) (PreviewImporter) -> (artifact id: '37d94e597ec61432bf2728d27f404339') in 0.0539028 seconds
Number of updated asset objects reloaded before import = 0Number of asset objects unloaded after import = 66

========================================================================
Received Import Request.
  Time since last request: 0.059627 seconds.
  path: Assets/ModularHousePack1/Prefabs/Modules/Roofs/Parts/RoofF_Beam.prefab
  artifactKey: Guid(f8761bda93622bc44a675220a50841b3) Importer(815301076,1909f56bfc062723c751e8b465ee728b)
Start importing Assets/ModularHousePack1/Prefabs/Modules/Roofs/Parts/RoofF_Beam.prefab using Guid(f8761bda93622bc44a675220a50841b3) Importer(815301076,1909f56bfc062723c751e8b465ee728b) (PreviewImporter) -> (artifact id: 'e705a72151b2bdb63dc3775f4db26374') in 0.0169106 seconds
Number of updated asset objects reloaded before import = 0Number of asset objects unloaded after import = 11

========================================================================
Received Import Request.
  Time since last request: 0.000014 seconds.
  path: Assets/ModularHousePack1/Prefabs/Modules/Floors/RoofFloor.prefab
  artifactKey: Guid(beb740d872f755c4797491edaa67e321) Importer(815301076,1909f56bfc062723c751e8b465ee728b)
Start importing Assets/ModularHousePack1/Prefabs/Modules/Floors/RoofFloor.prefab using Guid(beb740d872f755c4797491edaa67e321) Importer(815301076,1909f56bfc062723c751e8b465ee728b) (PreviewImporter) -> (artifact id: '35739889ed99a832edefc533b9a30f0a') in 0.0247048 seconds
Number of updated asset objects reloaded before import = 0Number of asset objects unloaded after import = 35

========================================================================
Received Import Request.
  Time since last request: 0.000025 seconds.
  path: Assets/Kabungus/HouseholdItems/Prefabs/SledgeHammer.prefab
  artifactKey: Guid(7c84ec7fc361f7d4cbe6b06be010b561) Importer(815301076,1909f56bfc062723c751e8b465ee728b)
Start importing Assets/Kabungus/HouseholdItems/Prefabs/SledgeHammer.prefab using Guid(7c84ec7fc361f7d4cbe6b06be010b561) Importer(815301076,1909f56bfc062723c751e8b465ee728b) (PreviewImporter) -> (artifact id: '50a64bccda1f3d85abe71e71d57f10d2') in 0.0096566 seconds
Number of updated asset objects reloaded before import = 0Number of asset objects unloaded after import = 14

========================================================================
Received Import Request.
  Time since last request: 0.000023 seconds.
  path: Assets/ModularHousePack1/Prefabs/Modules/Roads/Parts/Slab_4.prefab
  artifactKey: Guid(99678c72fbbea914cae66d3fd86f2d76) Importer(815301076,1909f56bfc062723c751e8b465ee728b)
Start importing Assets/ModularHousePack1/Prefabs/Modules/Roads/Parts/Slab_4.prefab using Guid(99678c72fbbea914cae66d3fd86f2d76) Importer(815301076,1909f56bfc062723c751e8b465ee728b) (PreviewImporter) -> (artifact id: 'f668ea08926c8dbbb03e83206cf9e572') in 0.0182421 seconds
Number of updated asset objects reloaded before import = 0Number of asset objects unloaded after import = 12

========================================================================
Received Import Request.
  Time since last request: 0.000021 seconds.
  path: Assets/Kabungus/HouseholdItems/Prefabs/Spatula.prefab
  artifactKey: Guid(1c10448b6e7f12640a99174e814454ad) Importer(815301076,1909f56bfc062723c751e8b465ee728b)
Start importing Assets/Kabungus/HouseholdItems/Prefabs/Spatula.prefab using Guid(1c10448b6e7f12640a99174e814454ad) Importer(815301076,1909f56bfc062723c751e8b465ee728b) (PreviewImporter) -> (artifact id: '6dfee111f8e0d02bd7f276021d1aef56') in 0.0103163 seconds
Number of updated asset objects reloaded before import = 0Number of asset objects unloaded after import = 14

========================================================================
Received Import Request.
  Time since last request: 0.000017 seconds.
  path: Assets/Kabungus/HouseholdItems/Prefabs/SmartPhoneBlue.prefab
  artifactKey: Guid(2719a95c38b0e9740803f39cddce0c4a) Importer(815301076,1909f56bfc062723c751e8b465ee728b)
Start importing Assets/Kabungus/HouseholdItems/Prefabs/SmartPhoneBlue.prefab using Guid(2719a95c38b0e9740803f39cddce0c4a) Importer(815301076,1909f56bfc062723c751e8b465ee728b) (PreviewImporter) -> (artifact id: 'c206f5b1276bd3e2dbb09a859232118e') in 0.0093376 seconds
Number of updated asset objects reloaded before import = 0Number of asset objects unloaded after import = 14

========================================================================
Received Import Request.
  Time since last request: 0.000024 seconds.
  path: Assets/ModularHousePack1/Prefabs/Modules/Roads/Parts/Slab_3.prefab
  artifactKey: Guid(5eb4cd7b2948ce241a0eede50313b3cd) Importer(815301076,1909f56bfc062723c751e8b465ee728b)
Start importing Assets/ModularHousePack1/Prefabs/Modules/Roads/Parts/Slab_3.prefab using Guid(5eb4cd7b2948ce241a0eede50313b3cd) Importer(815301076,1909f56bfc062723c751e8b465ee728b) (PreviewImporter) -> (artifact id: '40172f5e60aec7dca2b34af07be9dd17') in 0.0177765 seconds
Number of updated asset objects reloaded before import = 0Number of asset objects unloaded after import = 12

========================================================================
Received Import Request.
  Time since last request: 0.000042 seconds.
  path: Assets/Kabungus/HouseholdItems/Prefabs/SmartPhoneWhite.prefab
  artifactKey: Guid(ccf59782de3e9174994f5e5dcfec3ed8) Importer(815301076,1909f56bfc062723c751e8b465ee728b)
Start importing Assets/Kabungus/HouseholdItems/Prefabs/SmartPhoneWhite.prefab using Guid(ccf59782de3e9174994f5e5dcfec3ed8) Importer(815301076,1909f56bfc062723c751e8b465ee728b) (PreviewImporter) -> (artifact id: '611cca68474256bee0a51877d28edb62') in 0.0084415 seconds
Number of updated asset objects reloaded before import = 0Number of asset objects unloaded after import = 14

========================================================================
Received Import Request.
  Time since last request: 0.000031 seconds.
  path: Assets/Kabungus/HouseholdItems/Prefabs/Shovel.prefab
  artifactKey: Guid(dfb026ff6915bf642b5738683a90d714) Importer(815301076,1909f56bfc062723c751e8b465ee728b)
Start importing Assets/Kabungus/HouseholdItems/Prefabs/Shovel.prefab using Guid(dfb026ff6915bf642b5738683a90d714) Importer(815301076,1909f56bfc062723c751e8b465ee728b) (PreviewImporter) -> (artifact id: '850395b837320258d9ee122361b60e41') in 0.0083103 seconds
Number of updated asset objects reloaded before import = 0Number of asset objects unloaded after import = 14

========================================================================
Received Import Request.
  Time since last request: 0.000019 seconds.
  path: Assets/Kabungus/HouseholdItems/Prefabs/SmartPhoneGreen.prefab
  artifactKey: Guid(f193c0694f6c77141b8317c4fb5d55e1) Importer(815301076,1909f56bfc062723c751e8b465ee728b)
Start importing Assets/Kabungus/HouseholdItems/Prefabs/SmartPhoneGreen.prefab using Guid(f193c0694f6c77141b8317c4fb5d55e1) Importer(815301076,1909f56bfc062723c751e8b465ee728b) (PreviewImporter) -> (artifact id: '159f72a119759703c3db44d04b6f7e87') in 0.0091427 seconds
Number of updated asset objects reloaded before import = 0Number of asset objects unloaded after import = 14

========================================================================
Received Import Request.
  Time since last request: 0.000015 seconds.
  path: Assets/ModularHousePack1/Prefabs/Modules/Roofs/Parts/RoofFlat_CeilingB.prefab
  artifactKey: Guid(4d3570b3edd6fdc4ab77bfeb659e6370) Importer(815301076,1909f56bfc062723c751e8b465ee728b)
Start importing Assets/ModularHousePack1/Prefabs/Modules/Roofs/Parts/RoofFlat_CeilingB.prefab using Guid(4d3570b3edd6fdc4ab77bfeb659e6370) Importer(815301076,1909f56bfc062723c751e8b465ee728b) (PreviewImporter) -> (artifact id: '8d92c0234ce2ab77c45cecd91434f13b') in 0.0155091 seconds
Number of updated asset objects reloaded before import = 0Number of asset objects unloaded after import = 10

========================================================================
Received Import Request.
  Time since last request: 0.000019 seconds.
  path: Assets/Kabungus/HouseholdItems/Prefabs/Spoon.prefab
  artifactKey: Guid(442eaa97db620e14598bf388fa834a72) Importer(815301076,1909f56bfc062723c751e8b465ee728b)
Start importing Assets/Kabungus/HouseholdItems/Prefabs/Spoon.prefab using Guid(442eaa97db620e14598bf388fa834a72) Importer(815301076,1909f56bfc062723c751e8b465ee728b) (PreviewImporter) -> (artifact id: 'fe84337c3bf4569b8a582e73b0f41dce') in 0.0093901 seconds
Number of updated asset objects reloaded before import = 0Number of asset objects unloaded after import = 14

========================================================================
Received Import Request.
  Time since last request: 0.177492 seconds.
  path: Assets/ModularHousePack1/Prefabs/Modules/Stairs/Parts/Stairs1_Walls.prefab
  artifactKey: Guid(0229a40f269643b4f9ede35fd3403057) Importer(815301076,1909f56bfc062723c751e8b465ee728b)
Start importing Assets/ModularHousePack1/Prefabs/Modules/Stairs/Parts/Stairs1_Walls.prefab using Guid(0229a40f269643b4f9ede35fd3403057) Importer(815301076,1909f56bfc062723c751e8b465ee728b) (PreviewImporter) -> (artifact id: '9e716608484060f2e5148fdbeeef7e5e') in 0.0174566 seconds
Number of updated asset objects reloaded before import = 0Number of asset objects unloaded after import = 10

========================================================================
Received Import Request.
  Time since last request: 0.000031 seconds.
  path: Assets/ModularHousePack1/Prefabs/Modules/Stairs/Parts/Stairs2_Scuttlehandle.prefab
  artifactKey: Guid(96a6d753f5d8ca443b9dbd7a24a1ada3) Importer(815301076,1909f56bfc062723c751e8b465ee728b)
Start importing Assets/ModularHousePack1/Prefabs/Modules/Stairs/Parts/Stairs2_Scuttlehandle.prefab using Guid(96a6d753f5d8ca443b9dbd7a24a1ada3) Importer(815301076,1909f56bfc062723c751e8b465ee728b) (PreviewImporter) -> (artifact id: '6fd2f7afbf04b7da1c9dbbcf20d941ef') in 0.0255544 seconds
Number of updated asset objects reloaded before import = 0Number of asset objects unloaded after import = 12

========================================================================
Received Import Request.
  Time since last request: 0.000073 seconds.
  path: Assets/ModularHousePack1/Prefabs/Modules/Stairs/Stairs_3B.prefab
  artifactKey: Guid(c0804da773bf1ed43b03138c53a0e865) Importer(815301076,1909f56bfc062723c751e8b465ee728b)
Start importing Assets/ModularHousePack1/Prefabs/Modules/Stairs/Stairs_3B.prefab using Guid(c0804da773bf1ed43b03138c53a0e865) Importer(815301076,1909f56bfc062723c751e8b465ee728b) (PreviewImporter) -> (artifact id: 'bda5432713348776fbeb4945a1f5dc7a') in 0.0902322 seconds
Number of updated asset objects reloaded before import = 0Number of asset objects unloaded after import = 169

========================================================================
Received Import Request.
  Time since last request: 0.000044 seconds.
  path: Assets/ModularHousePack1/Prefabs/Modules/Stairs/Parts/Stairs2_Screws.prefab
  artifactKey: Guid(d43b50086e32f944793396268070ced4) Importer(815301076,1909f56bfc062723c751e8b465ee728b)
Start importing Assets/ModularHousePack1/Prefabs/Modules/Stairs/Parts/Stairs2_Screws.prefab using Guid(d43b50086e32f944793396268070ced4) Importer(815301076,1909f56bfc062723c751e8b465ee728b) (PreviewImporter) -> (artifact id: '71f12db0be431bf3333e63b1b007dbe5') in 0.0257032 seconds
Number of updated asset objects reloaded before import = 0Number of asset objects unloaded after import = 12

========================================================================
Received Import Request.
  Time since last request: 0.000071 seconds.
  path: Assets/ModularHousePack1/Prefabs/Modules/Stairs/Stairs_1D.prefab
  artifactKey: Guid(32286ae5907ae704cb886c41a8c0ddfb) Importer(815301076,1909f56bfc062723c751e8b465ee728b)
Start importing Assets/ModularHousePack1/Prefabs/Modules/Stairs/Stairs_1D.prefab using Guid(32286ae5907ae704cb886c41a8c0ddfb) Importer(815301076,1909f56bfc062723c751e8b465ee728b) (PreviewImporter) -> (artifact id: '198c96181b9fa888294e8da49927fdfc') in 0.0726707 seconds
Number of updated asset objects reloaded before import = 0Number of asset objects unloaded after import = 180

========================================================================
Received Import Request.
  Time since last request: 0.000029 seconds.
  path: Assets/ModularHousePack1/Prefabs/Modules/Stairs/Stairs_5.prefab
  artifactKey: Guid(b07b02b9cecee40439fc5a6f95104011) Importer(815301076,1909f56bfc062723c751e8b465ee728b)
Start importing Assets/ModularHousePack1/Prefabs/Modules/Stairs/Stairs_5.prefab using Guid(b07b02b9cecee40439fc5a6f95104011) Importer(815301076,1909f56bfc062723c751e8b465ee728b) (PreviewImporter) -> (artifact id: 'f62307d7f905512d408fd58b952a2200') in 0.0719266 seconds
Number of updated asset objects reloaded before import = 0Number of asset objects unloaded after import = 126

========================================================================
Received Import Request.
  Time since last request: 0.000028 seconds.
  path: Assets/ModularHousePack1/Prefabs/Modules/Stairs/Parts/Stairs2_StairB.prefab
  artifactKey: Guid(a260f13f43161fd4c8dcc48c281bb1d6) Importer(815301076,1909f56bfc062723c751e8b465ee728b)
Start importing Assets/ModularHousePack1/Prefabs/Modules/Stairs/Parts/Stairs2_StairB.prefab using Guid(a260f13f43161fd4c8dcc48c281bb1d6) Importer(815301076,1909f56bfc062723c751e8b465ee728b) (PreviewImporter) -> (artifact id: 'ca0c5eb2a5d0cf0c5eff45c3224f0bc7') in 0.0187252 seconds
Number of updated asset objects reloaded before import = 0Number of asset objects unloaded after import = 11

========================================================================
Received Import Request.
  Time since last request: 0.000018 seconds.
  path: Assets/ModularHousePack1/Prefabs/Modules/Roads/Streetlight.prefab
  artifactKey: Guid(e29d08a1ea3fad84183d7e143d1798d5) Importer(815301076,1909f56bfc062723c751e8b465ee728b)
Start importing Assets/ModularHousePack1/Prefabs/Modules/Roads/Streetlight.prefab using Guid(e29d08a1ea3fad84183d7e143d1798d5) Importer(815301076,1909f56bfc062723c751e8b465ee728b) (PreviewImporter) -> (artifact id: '060019b96831e6792ff9cec21f538d4f') in 0.0251017 seconds
Number of updated asset objects reloaded before import = 0Number of asset objects unloaded after import = 45

========================================================================
Received Import Request.
  Time since last request: 0.000021 seconds.
  path: Assets/Park Assets/Prefab/Stone_Path_Straight.prefab
  artifactKey: Guid(2294ac72b60f4da46974d1f746b56439) Importer(815301076,1909f56bfc062723c751e8b465ee728b)
Start importing Assets/Park Assets/Prefab/Stone_Path_Straight.prefab using Guid(2294ac72b60f4da46974d1f746b56439) Importer(815301076,1909f56bfc062723c751e8b465ee728b) (PreviewImporter) -> (artifact id: 'e9c008641138cf6ef145329a10c36841') in 0.0094767 seconds
Number of updated asset objects reloaded before import = 0Number of asset objects unloaded after import = 10

========================================================================
Received Import Request.
  Time since last request: 0.000019 seconds.
  path: Assets/Kabungus/HouseholdItems/Prefabs/TVStand.prefab
  artifactKey: Guid(995d572cf8cf5154497fdab8dc93f5d2) Importer(815301076,1909f56bfc062723c751e8b465ee728b)
Start importing Assets/Kabungus/HouseholdItems/Prefabs/TVStand.prefab using Guid(995d572cf8cf5154497fdab8dc93f5d2) Importer(815301076,1909f56bfc062723c751e8b465ee728b) (PreviewImporter) -> (artifact id: 'e098fece762cc9b133b9e4e40205901a') in 0.0086212 seconds
Number of updated asset objects reloaded before import = 0Number of asset objects unloaded after import = 14

========================================================================
Received Import Request.
  Time since last request: 0.000028 seconds.
  path: Assets/Kabungus/HouseholdItems/Prefabs/ToothbrushBlue.prefab
  artifactKey: Guid(5b163acf2203c4347ba7005c61099f50) Importer(815301076,1909f56bfc062723c751e8b465ee728b)
Start importing Assets/Kabungus/HouseholdItems/Prefabs/ToothbrushBlue.prefab using Guid(5b163acf2203c4347ba7005c61099f50) Importer(815301076,1909f56bfc062723c751e8b465ee728b) (PreviewImporter) -> (artifact id: 'c7e2a28ed008c3872a4fcf4426135eb4') in 0.0072136 seconds
Number of updated asset objects reloaded before import = 0Number of asset objects unloaded after import = 14

========================================================================
Received Import Request.
  Time since last request: 0.000026 seconds.
  path: Assets/Park Assets/Prefab/Tree2.prefab
  artifactKey: Guid(cf28a4dd9a1a5b948a40dd44a4392f11) Importer(815301076,1909f56bfc062723c751e8b465ee728b)
Start importing Assets/Park Assets/Prefab/Tree2.prefab using Guid(cf28a4dd9a1a5b948a40dd44a4392f11) Importer(815301076,1909f56bfc062723c751e8b465ee728b) (PreviewImporter) -> (artifact id: 'a6c6416aa3a349d9f916e97678b6496c') in 0.0086208 seconds
Number of updated asset objects reloaded before import = 0Number of asset objects unloaded after import = 10

========================================================================
Received Import Request.
  Time since last request: 0.000025 seconds.
  path: Assets/ModularHousePack1/Prefabs/Modules/Walls/Wall_2C.prefab
  artifactKey: Guid(5477aadb65cb82043b69f9cb0152af42) Importer(815301076,1909f56bfc062723c751e8b465ee728b)
Start importing Assets/ModularHousePack1/Prefabs/Modules/Walls/Wall_2C.prefab using Guid(5477aadb65cb82043b69f9cb0152af42) Importer(815301076,1909f56bfc062723c751e8b465ee728b) (PreviewImporter) -> (artifact id: '4c6616242d572a376ec28cf9d8d67fbc') in 0.0308331 seconds
Number of updated asset objects reloaded before import = 0Number of asset objects unloaded after import = 46

========================================================================
Received Import Request.
  Time since last request: 0.000045 seconds.
  path: Assets/Kabungus/HouseholdItems/Prefabs/Wrench.prefab
  artifactKey: Guid(38c8e93fabc5887448f6592869f6799c) Importer(815301076,1909f56bfc062723c751e8b465ee728b)
Start importing Assets/Kabungus/HouseholdItems/Prefabs/Wrench.prefab using Guid(38c8e93fabc5887448f6592869f6799c) Importer(815301076,1909f56bfc062723c751e8b465ee728b) (PreviewImporter) -> (artifact id: '829cc2c26f286e6084f7d66f555549be') in 0.0104388 seconds
Number of updated asset objects reloaded before import = 0Number of asset objects unloaded after import = 14

========================================================================
Received Import Request.
  Time since last request: 0.000020 seconds.
  path: Assets/Kabungus/HouseholdItems/Prefabs/ToothbrushGreen.prefab
  artifactKey: Guid(21745a84fb3758344b99562a200df787) Importer(815301076,1909f56bfc062723c751e8b465ee728b)
Start importing Assets/Kabungus/HouseholdItems/Prefabs/ToothbrushGreen.prefab using Guid(21745a84fb3758344b99562a200df787) Importer(815301076,1909f56bfc062723c751e8b465ee728b) (PreviewImporter) -> (artifact id: 'e3d610c787e52be6fc8ae84a560e6c2d') in 0.0075583 seconds
Number of updated asset objects reloaded before import = 0Number of asset objects unloaded after import = 14

========================================================================
Received Import Request.
  Time since last request: 0.000015 seconds.
  path: Assets/ModularHousePack1/Prefabs/Modules/Walls/Wall_2E.prefab
  artifactKey: Guid(815c8ca40c44f9847ba89b81d0f80175) Importer(815301076,1909f56bfc062723c751e8b465ee728b)
Start importing Assets/ModularHousePack1/Prefabs/Modules/Walls/Wall_2E.prefab using Guid(815c8ca40c44f9847ba89b81d0f80175) Importer(815301076,1909f56bfc062723c751e8b465ee728b) (PreviewImporter) -> (artifact id: 'd1b30612aff4939bf98d5c8b72d603d8') in 0.030454 seconds
Number of updated asset objects reloaded before import = 0Number of asset objects unloaded after import = 35

========================================================================
Received Import Request.
  Time since last request: 0.000022 seconds.
  path: Assets/ModularHousePack1/Prefabs/Modules/Window/Window_1A.prefab
  artifactKey: Guid(c2327c57515b43d41ba2728111012dfa) Importer(815301076,1909f56bfc062723c751e8b465ee728b)
Start importing Assets/ModularHousePack1/Prefabs/Modules/Window/Window_1A.prefab using Guid(c2327c57515b43d41ba2728111012dfa) Importer(815301076,1909f56bfc062723c751e8b465ee728b) (PreviewImporter) -> (artifact id: '1c1bbaac85bbd076d158dec97fb55dbb') in 0.0909731 seconds
Number of updated asset objects reloaded before import = 0Number of asset objects unloaded after import = 181

========================================================================
Received Import Request.
  Time since last request: 0.000042 seconds.
  path: Assets/Kabungus/HouseholdItems/Prefabs/ToolboxBlue.prefab
  artifactKey: Guid(683e4b3920c6a1f4b92af28950055a52) Importer(815301076,1909f56bfc062723c751e8b465ee728b)
Start importing Assets/Kabungus/HouseholdItems/Prefabs/ToolboxBlue.prefab using Guid(683e4b3920c6a1f4b92af28950055a52) Importer(815301076,1909f56bfc062723c751e8b465ee728b) (PreviewImporter) -> (artifact id: '6b8c20ccb9d0db4a0c34b7d623c397e1') in 0.0090531 seconds
Number of updated asset objects reloaded before import = 0Number of asset objects unloaded after import = 27

========================================================================
Received Import Request.
  Time since last request: 0.000024 seconds.
  path: Assets/Kabungus/HouseholdItems/Prefabs/Table.prefab
  artifactKey: Guid(2d59a8765efbde941a0fff9e8280286c) Importer(815301076,1909f56bfc062723c751e8b465ee728b)
Start importing Assets/Kabungus/HouseholdItems/Prefabs/Table.prefab using Guid(2d59a8765efbde941a0fff9e8280286c) Importer(815301076,1909f56bfc062723c751e8b465ee728b) (PreviewImporter) -> (artifact id: '01df40dda5d78200992986849b490559') in 0.0101525 seconds
Number of updated asset objects reloaded before import = 0Number of asset objects unloaded after import = 14

========================================================================
Received Import Request.
  Time since last request: 0.000082 seconds.
  path: Assets/ModularHousePack1/Prefabs/Modules/Walls/Wall_1B.prefab
  artifactKey: Guid(30a4853d16a9aea4ba5ede2026f9be51) Importer(815301076,1909f56bfc062723c751e8b465ee728b)
Start importing Assets/ModularHousePack1/Prefabs/Modules/Walls/Wall_1B.prefab using Guid(30a4853d16a9aea4ba5ede2026f9be51) Importer(815301076,1909f56bfc062723c751e8b465ee728b) (PreviewImporter) -> (artifact id: '1cff4d00c5c1c209d321311eba01cc29') in 0.0410229 seconds
Number of updated asset objects reloaded before import = 0Number of asset objects unloaded after import = 37

========================================================================
Received Import Request.
  Time since last request: 2.830032 seconds.
  path: Assets/Materials/pm0026_00_Body1.mat
  artifactKey: Guid(09ed0c08ef1b2794992f3cd9f4d131b1) Importer(815301076,1909f56bfc062723c751e8b465ee728b)
Start importing Assets/Materials/pm0026_00_Body1.mat using Guid(09ed0c08ef1b2794992f3cd9f4d131b1) Importer(815301076,1909f56bfc062723c751e8b465ee728b) (PreviewImporter) -> (artifact id: '4d04ef230269aee11803a690331ca054') in 0.0080185 seconds
Number of updated asset objects reloaded before import = 0Number of asset objects unloaded after import = 1

========================================================================
Received Import Request.
  Time since last request: 0.000034 seconds.
  path: Assets/Scenes/URP/SampleSceneFloorURP.mat
  artifactKey: Guid(959e414235007ec42bf5cc5e374ce010) Importer(815301076,1909f56bfc062723c751e8b465ee728b)
Start importing Assets/Scenes/URP/SampleSceneFloorURP.mat using Guid(959e414235007ec42bf5cc5e374ce010) Importer(815301076,1909f56bfc062723c751e8b465ee728b) (PreviewImporter) -> (artifact id: '1512a78dcf953e8a9b5ed4b18bb33f91') in 0.0118503 seconds
Number of updated asset objects reloaded before import = 0Number of asset objects unloaded after import = 1

========================================================================
Received Import Request.
  Time since last request: 0.000152 seconds.
  path: Assets/Scenes/SRP/SampleSceneWall.mat
  artifactKey: Guid(3ff3fb06c1fa6f844ab6641364cd80df) Importer(815301076,1909f56bfc062723c751e8b465ee728b)
Start importing Assets/Scenes/SRP/SampleSceneWall.mat using Guid(3ff3fb06c1fa6f844ab6641364cd80df) Importer(815301076,1909f56bfc062723c751e8b465ee728b) (PreviewImporter) -> (artifact id: 'fa526b520cacb0d5b22c41b4f48836d0') in 0.014002 seconds
Number of updated asset objects reloaded before import = 0Number of asset objects unloaded after import = 1

========================================================================
Received Import Request.
  Time since last request: 0.270553 seconds.
  path: Assets/Park Assets/Materials/Low_Poly_Mat.mat
  artifactKey: Guid(97624b71c12bc624ba1e7148e6470055) Importer(815301076,1909f56bfc062723c751e8b465ee728b)
Start importing Assets/Park Assets/Materials/Low_Poly_Mat.mat using Guid(97624b71c12bc624ba1e7148e6470055) Importer(815301076,1909f56bfc062723c751e8b465ee728b) (PreviewImporter) -> (artifact id: 'c891dff2e6929650bdc6ae20d41703ee') in 0.0092016 seconds
Number of updated asset objects reloaded before import = 0Number of asset objects unloaded after import = 2

========================================================================
Received Import Request.
  Time since last request: 0.032346 seconds.
  path: Assets/Materials/char16_detail_d1.mat
  artifactKey: Guid(b3dbdc29d07107f4b80727e26db22d2c) Importer(815301076,1909f56bfc062723c751e8b465ee728b)
Start importing Assets/Materials/char16_detail_d1.mat using Guid(b3dbdc29d07107f4b80727e26db22d2c) Importer(815301076,1909f56bfc062723c751e8b465ee728b) (PreviewImporter) -> (artifact id: 'bb4505748dc72d6bf29bc393296358e8') in 0.0110324 seconds
Number of updated asset objects reloaded before import = 0Number of asset objects unloaded after import = 2

========================================================================
Received Import Request.
  Time since last request: 0.000013 seconds.
  path: Assets/Park Assets/Materials/Grass.mat
  artifactKey: Guid(240e05a8bd75c4b44978cec5eeda76f0) Importer(815301076,1909f56bfc062723c751e8b465ee728b)
Start importing Assets/Park Assets/Materials/Grass.mat using Guid(240e05a8bd75c4b44978cec5eeda76f0) Importer(815301076,1909f56bfc062723c751e8b465ee728b) (PreviewImporter) -> (artifact id: '991392ca963bbbf7225099161ee7a7ca') in 0.0118284 seconds
Number of updated asset objects reloaded before import = 0Number of asset objects unloaded after import = 1

========================================================================
Received Import Request.
  Time since last request: 0.000043 seconds.
  path: Assets/Materials/char16_lowerbody_d_high.mat
  artifactKey: Guid(d3c17e898cde9714cb6b596f9c2db627) Importer(815301076,1909f56bfc062723c751e8b465ee728b)
Start importing Assets/Materials/char16_lowerbody_d_high.mat using Guid(d3c17e898cde9714cb6b596f9c2db627) Importer(815301076,1909f56bfc062723c751e8b465ee728b) (PreviewImporter) -> (artifact id: '3345504a55254742f48000abb840f83b') in 0.0247038 seconds
Number of updated asset objects reloaded before import = 0Number of asset objects unloaded after import = 2

========================================================================
Received Import Request.
  Time since last request: 0.000077 seconds.
  path: Assets/Materials/com_m_arm_regular_cau01_d_high.mat
  artifactKey: Guid(36a38cbd644ef0441a2c6cd293ea604e) Importer(815301076,1909f56bfc062723c751e8b465ee728b)
Start importing Assets/Materials/com_m_arm_regular_cau01_d_high.mat using Guid(36a38cbd644ef0441a2c6cd293ea604e) Importer(815301076,1909f56bfc062723c751e8b465ee728b) (PreviewImporter) -> (artifact id: '8204b7f47eda9a3f21cc4b8eca6544f5') in 0.0148983 seconds
Number of updated asset objects reloaded before import = 0Number of asset objects unloaded after import = 2

