Using pre-set license
Built from '2023.2/staging' branch; Version is '2023.2.20f1 (0e25a174756c) revision 927137'; Using compiler version '193431935'; Build Type 'Release'
OS: 'Windows 11  (10.0.22631) 64bit Core' Language: 'en' Physical Memory: 16251 MB
BatchMode: 1, IsHumanControllingUs: 0, StartBugReporterOnCrash: 0, Is64bit: 1, IsPro: 1

COMMAND LINE ARGUMENTS:
C:\Program Files\Unity 2023.2.20f1\Editor\Unity.exe
-adb2
-batchMode
-noUpm
-name
AssetImportWorker0
-projectPath
C:/Users/qqvoo/TestMap
-logFile
Logs/AssetImportWorker0.log
-srvPort
65047
-job-worker-count
5
-background-job-worker-count
8
-asset-garbage-collectors
1
Successfully changed project path to: C:/Users/qqvoo/TestMap
C:/Users/qqvoo/TestMap
[UnityMemory] Configuration Parameters - Can be set up in boot.config
    "memorysetup-bucket-allocator-granularity=16"
    "memorysetup-bucket-allocator-bucket-count=8"
    "memorysetup-bucket-allocator-block-size=33554432"
    "memorysetup-bucket-allocator-block-count=8"
    "memorysetup-main-allocator-block-size=16777216"
    "memorysetup-thread-allocator-block-size=16777216"
    "memorysetup-gfx-main-allocator-block-size=16777216"
    "memorysetup-gfx-thread-allocator-block-size=16777216"
    "memorysetup-cache-allocator-block-size=4194304"
    "memorysetup-typetree-allocator-block-size=2097152"
    "memorysetup-profiler-bucket-allocator-granularity=16"
    "memorysetup-profiler-bucket-allocator-bucket-count=8"
    "memorysetup-profiler-bucket-allocator-block-size=33554432"
    "memorysetup-profiler-bucket-allocator-block-count=8"
    "memorysetup-profiler-allocator-block-size=16777216"
    "memorysetup-profiler-editor-allocator-block-size=1048576"
    "memorysetup-temp-allocator-size-main=16777216"
    "memorysetup-job-temp-allocator-block-size=2097152"
    "memorysetup-job-temp-allocator-block-size-background=1048576"
    "memorysetup-job-temp-allocator-reduction-small-platforms=262144"
    "memorysetup-allocator-temp-initial-block-size-main=262144"
    "memorysetup-allocator-temp-initial-block-size-worker=262144"
    "memorysetup-temp-allocator-size-background-worker=32768"
    "memorysetup-temp-allocator-size-job-worker=262144"
    "memorysetup-temp-allocator-size-preload-manager=33554432"
    "memorysetup-temp-allocator-size-nav-mesh-worker=65536"
    "memorysetup-temp-allocator-size-audio-worker=65536"
    "memorysetup-temp-allocator-size-cloud-worker=32768"
    "memorysetup-temp-allocator-size-gi-baking-worker=262144"
    "memorysetup-temp-allocator-size-gi-baking-worker=262144"
    "memorysetup-temp-allocator-size-gi-baking-worker=262144"
    "memorysetup-temp-allocator-size-gi-baking-worker=262144"
    "memorysetup-temp-allocator-size-gfx=262144"
Player connection [34804] Host "[IP] 192.168.1.106 [Port] 0 [Flags] 2 [Guid] 1790947155 [EditorId] 1790947155 [Version] 1048832 [Id] WindowsEditor(7,LAPTOP-7OJ65J5B) [Debug] 1 [PackageName] WindowsEditor [ProjectName] Editor" joined multi-casting on [225.0.0.222:54997]...
Player connection [34804] Host "[IP] 192.168.1.106 [Port] 0 [Flags] 2 [Guid] 1790947155 [EditorId] 1790947155 [Version] 1048832 [Id] WindowsEditor(7,LAPTOP-7OJ65J5B) [Debug] 1 [PackageName] WindowsEditor [ProjectName] Editor" joined alternative multi-casting on [225.0.0.222:34997]...
JobSystem: Creating JobQueue using job-worker-count value 5
[Physics::Module] Initialized MultithreadedJobDispatcher with 5 workers.
Library Redirect Path: Library/
Refreshing native plugins compatible for Editor in 12.57 ms, found 3 plugins.
Preloading 0 native plugins for Editor in 0.00 ms.
Initialize engine version: 2023.2.20f1 (0e25a174756c)
[Subsystems] Discovering subsystems at path C:/Program Files/Unity 2023.2.20f1/Editor/Data/Resources/UnitySubsystems
[Subsystems] Discovering subsystems at path C:/Users/qqvoo/TestMap/Assets
GfxDevice: creating device client; kGfxThreadingModeNonThreaded
Direct3D:
    Version:  Direct3D 11.0 [level 11.1]
    Renderer: NVIDIA GeForce GTX 1650 (ID=0x1f99)
    Vendor:   NVIDIA
    VRAM:     3962 MB
    Driver:   27.21.14.6230
Initialize mono
Mono path[0] = 'C:/Program Files/Unity 2023.2.20f1/Editor/Data/Managed'
Mono path[1] = 'C:/Program Files/Unity 2023.2.20f1/Editor/Data/MonoBleedingEdge/lib/mono/unityjit-win32'
Mono config path = 'C:/Program Files/Unity 2023.2.20f1/Editor/Data/MonoBleedingEdge/etc'
Using monoOptions --debugger-agent=transport=dt_socket,embedding=1,server=y,suspend=n,address=127.0.0.1:56908
Begin MonoManager ReloadAssembly
Registering precompiled unity dll's ...
Register platform support module: C:/Program Files/Unity 2023.2.20f1/Editor/Data/PlaybackEngines/WebGLSupport/UnityEditor.WebGL.Extensions.dll
Register platform support module: C:/Program Files/Unity 2023.2.20f1/Editor/Data/PlaybackEngines/WindowsStandaloneSupport/UnityEditor.WindowsStandalone.Extensions.dll
Register platform support module: C:/Program Files/Unity 2023.2.20f1/Editor/Data/PlaybackEngines/AndroidPlayer/UnityEditor.Android.Extensions.dll
Registered in 0.007531 seconds.
- Loaded All Assemblies, in  0.710 seconds
Native extension for Android target not found
Native extension for WindowsStandalone target not found
Native extension for WebGL target not found
Mono: successfully reloaded assembly
- Finished resetting the current domain, in  0.483 seconds
Domain Reload Profiling: 1186ms
	BeginReloadAssembly (291ms)
		ExecutionOrderSort (0ms)
		DisableScriptedObjects (0ms)
		BackupInstance (0ms)
		ReleaseScriptingObjects (0ms)
		CreateAndSetChildDomain (2ms)
	RebuildCommonClasses (60ms)
	RebuildNativeTypeToScriptingClass (23ms)
	initialDomainReloadingComplete (83ms)
	LoadAllAssembliesAndSetupDomain (245ms)
		LoadAssemblies (279ms)
		RebuildTransferFunctionScriptingTraits (0ms)
		AnalyzeDomain (241ms)
			TypeCache.Refresh (240ms)
				TypeCache.ScanAssembly (223ms)
			BuildScriptInfoCaches (0ms)
			ResolveRequiredComponents (0ms)
	FinalizeReload (483ms)
		ReleaseScriptCaches (0ms)
		RebuildScriptCaches (0ms)
		SetupLoadedEditorAssemblies (415ms)
			LogAssemblyErrors (0ms)
			InitializePlatformSupportModulesInManaged (106ms)
			SetLoadedEditorAssemblies (4ms)
			BeforeProcessingInitializeOnLoad (6ms)
			ProcessInitializeOnLoadAttributes (225ms)
			ProcessInitializeOnLoadMethodAttributes (74ms)
			AfterProcessingInitializeOnLoad (0ms)
			EditorAssembliesLoaded (0ms)
		ExecutionOrderSort2 (0ms)
		AwakeInstancesAfterBackupRestoration (0ms)
========================================================================
Worker process is ready to serve import requests
Import Worker Mode flag is 0x00
Begin MonoManager ReloadAssembly
Symbol file LoadedFromMemory doesn't match image C:\Users\qqvoo\TestMap\Library\PackageCache\com.unity.visualscripting@1.8.0\Editor\VisualScripting.Core\Dependencies\YamlDotNet\Unity.VisualScripting.YamlDotNet.dll
Symbol file LoadedFromMemory doesn't match image C:\Users\qqvoo\TestMap\Library\PackageCache\com.unity.visualscripting@1.8.0\Editor\VisualScripting.Core\Dependencies\DotNetZip\Unity.VisualScripting.IonicZip.dll
- Loaded All Assemblies, in  1.701 seconds
Refreshing native plugins compatible for Editor in 1.56 ms, found 3 plugins.
Native extension for Android target not found
Native extension for WindowsStandalone target not found
Native extension for WebGL target not found
Mono: successfully reloaded assembly
- Finished resetting the current domain, in  0.809 seconds
Domain Reload Profiling: 2500ms
	BeginReloadAssembly (909ms)
		ExecutionOrderSort (0ms)
		DisableScriptedObjects (9ms)
		BackupInstance (0ms)
		ReleaseScriptingObjects (0ms)
		CreateAndSetChildDomain (35ms)
	RebuildCommonClasses (55ms)
	RebuildNativeTypeToScriptingClass (26ms)
	initialDomainReloadingComplete (55ms)
	LoadAllAssembliesAndSetupDomain (644ms)
		LoadAssemblies (559ms)
		RebuildTransferFunctionScriptingTraits (0ms)
		AnalyzeDomain (236ms)
			TypeCache.Refresh (202ms)
				TypeCache.ScanAssembly (178ms)
			BuildScriptInfoCaches (25ms)
			ResolveRequiredComponents (6ms)
	FinalizeReload (810ms)
		ReleaseScriptCaches (0ms)
		RebuildScriptCaches (0ms)
		SetupLoadedEditorAssemblies (565ms)
			LogAssemblyErrors (0ms)
			InitializePlatformSupportModulesInManaged (29ms)
			SetLoadedEditorAssemblies (7ms)
			BeforeProcessingInitializeOnLoad (67ms)
			ProcessInitializeOnLoadAttributes (421ms)
			ProcessInitializeOnLoadMethodAttributes (28ms)
			AfterProcessingInitializeOnLoad (14ms)
			EditorAssembliesLoaded (0ms)
		ExecutionOrderSort2 (0ms)
		AwakeInstancesAfterBackupRestoration (13ms)
Launched and connected shader compiler UnityShaderCompiler.exe after 0.02 seconds
Refreshing native plugins compatible for Editor in 1.84 ms, found 3 plugins.
Preloading 0 native plugins for Editor in 0.00 ms.
Unloading 11 Unused Serialized files (Serialized files now loaded: 0)
Unloading 3196 unused Assets / (1.1 MB). Loaded Objects now: 3794.
Memory consumption went from 106.0 MB to 104.9 MB.
Total: 9.446100 ms (FindLiveObjects: 0.499600 ms CreateObjectMapping: 0.709800 ms MarkObjects: 6.617100 ms  DeleteObjects: 1.618300 ms)

========================================================================
Received Import Request.
  Time since last request: 1228805.219466 seconds.
  path: Assets/Kabungus/HouseholdItems/Prefabs/BookBlue.prefab
  artifactKey: Guid(164e398b45d0b2e45b7937efbe8699ce) Importer(815301076,1909f56bfc062723c751e8b465ee728b)
Start importing Assets/Kabungus/HouseholdItems/Prefabs/BookBlue.prefab using Guid(164e398b45d0b2e45b7937efbe8699ce) Importer(815301076,1909f56bfc062723c751e8b465ee728b) (PreviewImporter) -> (artifact id: 'ecc80b98f0d941aa65baeaaece243447') in 0.1468444 seconds
Number of updated asset objects reloaded before import = 0Number of asset objects unloaded after import = 14

========================================================================
Received Import Request.
  Time since last request: 0.000019 seconds.
  path: Assets/Kabungus/HouseholdItems/Models/Spoon.fbx
  artifactKey: Guid(25b1a2c214aa2494e85518ad6711b3d2) Importer(815301076,1909f56bfc062723c751e8b465ee728b)
Start importing Assets/Kabungus/HouseholdItems/Models/Spoon.fbx using Guid(25b1a2c214aa2494e85518ad6711b3d2) Importer(815301076,1909f56bfc062723c751e8b465ee728b) (PreviewImporter) -> (artifact id: '9385f8b3f60a0fe631a90826324bcb17') in 0.0582669 seconds
Number of updated asset objects reloaded before import = 0Number of asset objects unloaded after import = 9

========================================================================
Received Import Request.
  Time since last request: 0.000022 seconds.
  path: Assets/Kabungus/HouseholdItems/Models/GasCan.fbx
  artifactKey: Guid(f1b3aa88dc1fd4647a8999fbb3a53951) Importer(815301076,1909f56bfc062723c751e8b465ee728b)
Start importing Assets/Kabungus/HouseholdItems/Models/GasCan.fbx using Guid(f1b3aa88dc1fd4647a8999fbb3a53951) Importer(815301076,1909f56bfc062723c751e8b465ee728b) (PreviewImporter) -> (artifact id: '9db9445861678013b8002a82ed75478c') in 0.0344343 seconds
Number of updated asset objects reloaded before import = 0Number of asset objects unloaded after import = 9

========================================================================
Received Import Request.
  Time since last request: 0.000028 seconds.
  path: Assets/Park Assets/Prefab/Bush.prefab
  artifactKey: Guid(357b31d3b75bae24ba0434ac20bfa6d3) Importer(815301076,1909f56bfc062723c751e8b465ee728b)
Start importing Assets/Park Assets/Prefab/Bush.prefab using Guid(357b31d3b75bae24ba0434ac20bfa6d3) Importer(815301076,1909f56bfc062723c751e8b465ee728b) (PreviewImporter) -> (artifact id: '69f4d519838c6b9c3915df1fb7306a71') in 0.0113139 seconds
Number of updated asset objects reloaded before import = 0Number of asset objects unloaded after import = 10

========================================================================
Received Import Request.
  Time since last request: 0.000014 seconds.
  path: Assets/Kabungus/HouseholdItems/Prefabs/Bottle2.prefab
  artifactKey: Guid(69279df67a555c54eb2fa4d2b058f581) Importer(815301076,1909f56bfc062723c751e8b465ee728b)
Start importing Assets/Kabungus/HouseholdItems/Prefabs/Bottle2.prefab using Guid(69279df67a555c54eb2fa4d2b058f581) Importer(815301076,1909f56bfc062723c751e8b465ee728b) (PreviewImporter) -> (artifact id: '26289c7890849ac7e3bad88a53fa19e0') in 0.0093075 seconds
Number of updated asset objects reloaded before import = 0Number of asset objects unloaded after import = 14

========================================================================
Received Import Request.
  Time since last request: 0.000019 seconds.
  path: Assets/Kabungus/HouseholdItems/Models/MedBook.fbx
  artifactKey: Guid(f266f199da84056439c44e0747b893be) Importer(815301076,1909f56bfc062723c751e8b465ee728b)
Start importing Assets/Kabungus/HouseholdItems/Models/MedBook.fbx using Guid(f266f199da84056439c44e0747b893be) Importer(815301076,1909f56bfc062723c751e8b465ee728b) (PreviewImporter) -> (artifact id: '2a4aef92381274a4ee44e6cc1ebe07cc') in 0.0190228 seconds
Number of updated asset objects reloaded before import = 0Number of asset objects unloaded after import = 9

========================================================================
Received Import Request.
  Time since last request: 0.000017 seconds.
  path: Assets/Kabungus/HouseholdItems/Models/Money.fbx
  artifactKey: Guid(06175cfee688f5344a660f847b47fb85) Importer(815301076,1909f56bfc062723c751e8b465ee728b)
Start importing Assets/Kabungus/HouseholdItems/Models/Money.fbx using Guid(06175cfee688f5344a660f847b47fb85) Importer(815301076,1909f56bfc062723c751e8b465ee728b) (PreviewImporter) -> (artifact id: '9cacafc7d1ee45ba5eb3b90318afe0f0') in 0.0190161 seconds
Number of updated asset objects reloaded before import = 0Number of asset objects unloaded after import = 9

========================================================================
Received Import Request.
  Time since last request: 0.000018 seconds.
  path: Assets/Kabungus/HouseholdItems/Prefabs/BookOrange.prefab
  artifactKey: Guid(eeea2201d68467f489dabe4e26024fbe) Importer(815301076,1909f56bfc062723c751e8b465ee728b)
Start importing Assets/Kabungus/HouseholdItems/Prefabs/BookOrange.prefab using Guid(eeea2201d68467f489dabe4e26024fbe) Importer(815301076,1909f56bfc062723c751e8b465ee728b) (PreviewImporter) -> (artifact id: 'd2c55de5b727abdffdd52f5104adf203') in 0.0105535 seconds
Number of updated asset objects reloaded before import = 0Number of asset objects unloaded after import = 14

========================================================================
Received Import Request.
  Time since last request: 0.000017 seconds.
  path: Assets/Kabungus/HouseholdItems/Prefabs/AmmoCase.prefab
  artifactKey: Guid(ea99e1f78d567fd43a874e5fceb5fcc2) Importer(815301076,1909f56bfc062723c751e8b465ee728b)
Start importing Assets/Kabungus/HouseholdItems/Prefabs/AmmoCase.prefab using Guid(ea99e1f78d567fd43a874e5fceb5fcc2) Importer(815301076,1909f56bfc062723c751e8b465ee728b) (PreviewImporter) -> (artifact id: 'c3ba01329597d8b07efc90a8b25f92d4') in 0.0094979 seconds
Number of updated asset objects reloaded before import = 0Number of asset objects unloaded after import = 14

========================================================================
Received Import Request.
  Time since last request: 0.000019 seconds.
  path: Assets/Kabungus/HouseholdItems/Prefabs/Binoculars.prefab
  artifactKey: Guid(feda0d677f60e87469cb9da36fbe622b) Importer(815301076,1909f56bfc062723c751e8b465ee728b)
Start importing Assets/Kabungus/HouseholdItems/Prefabs/Binoculars.prefab using Guid(feda0d677f60e87469cb9da36fbe622b) Importer(815301076,1909f56bfc062723c751e8b465ee728b) (PreviewImporter) -> (artifact id: '648e4f3aa16e8c371b7812500c2a1e62') in 0.0088449 seconds
Number of updated asset objects reloaded before import = 0Number of asset objects unloaded after import = 14

========================================================================
Received Import Request.
  Time since last request: 0.000019 seconds.
  path: Assets/Kabungus/HouseholdItems/Prefabs/Bat.prefab
  artifactKey: Guid(1a923a6404d972d40bae42bee1136b84) Importer(815301076,1909f56bfc062723c751e8b465ee728b)
Start importing Assets/Kabungus/HouseholdItems/Prefabs/Bat.prefab using Guid(1a923a6404d972d40bae42bee1136b84) Importer(815301076,1909f56bfc062723c751e8b465ee728b) (PreviewImporter) -> (artifact id: '9ccefe355abd4caa19faaf9bda8bca72') in 0.008123 seconds
Number of updated asset objects reloaded before import = 0Number of asset objects unloaded after import = 14

========================================================================
Received Import Request.
  Time since last request: 0.000040 seconds.
  path: Assets/Kabungus/HouseholdItems/Models/Fork.fbx
  artifactKey: Guid(a1c0e373d3f284a42967f0da362ec240) Importer(815301076,1909f56bfc062723c751e8b465ee728b)
Start importing Assets/Kabungus/HouseholdItems/Models/Fork.fbx using Guid(a1c0e373d3f284a42967f0da362ec240) Importer(815301076,1909f56bfc062723c751e8b465ee728b) (PreviewImporter) -> (artifact id: '94e9d5218668df6fd9c3d51d9145586c') in 0.016046 seconds
Number of updated asset objects reloaded before import = 0Number of asset objects unloaded after import = 9

========================================================================
Received Import Request.
  Time since last request: 0.000028 seconds.
  path: Assets/Kabungus/HouseholdItems/Models/SmartPhoneWhite.fbx
  artifactKey: Guid(daa587e242c9fb442badb9e5d02af889) Importer(815301076,1909f56bfc062723c751e8b465ee728b)
Start importing Assets/Kabungus/HouseholdItems/Models/SmartPhoneWhite.fbx using Guid(daa587e242c9fb442badb9e5d02af889) Importer(815301076,1909f56bfc062723c751e8b465ee728b) (PreviewImporter) -> (artifact id: 'c58383d70a941d7247588d31092f9b92') in 0.0186677 seconds
Number of updated asset objects reloaded before import = 0Number of asset objects unloaded after import = 9

========================================================================
Received Import Request.
  Time since last request: 0.000015 seconds.
  path: Assets/Kabungus/HouseholdItems/Prefabs/Bookshelf.prefab
  artifactKey: Guid(f925146e97b574945b581269a9251c10) Importer(815301076,1909f56bfc062723c751e8b465ee728b)
Start importing Assets/Kabungus/HouseholdItems/Prefabs/Bookshelf.prefab using Guid(f925146e97b574945b581269a9251c10) Importer(815301076,1909f56bfc062723c751e8b465ee728b) (PreviewImporter) -> (artifact id: '216f726c32829e462caf1278f23cd313') in 0.0075091 seconds
Number of updated asset objects reloaded before import = 0Number of asset objects unloaded after import = 14

========================================================================
Received Import Request.
  Time since last request: 0.000017 seconds.
  path: Assets/Kabungus/HouseholdItems/Models/TapeMeasurer.fbx
  artifactKey: Guid(8a4aa8011446a5d409ec1e4d3549b583) Importer(815301076,1909f56bfc062723c751e8b465ee728b)
Start importing Assets/Kabungus/HouseholdItems/Models/TapeMeasurer.fbx using Guid(8a4aa8011446a5d409ec1e4d3549b583) Importer(815301076,1909f56bfc062723c751e8b465ee728b) (PreviewImporter) -> (artifact id: '8baa5cc1482f06fa2209398807c4f1d9') in 0.0227475 seconds
Number of updated asset objects reloaded before import = 0Number of asset objects unloaded after import = 9

========================================================================
Received Import Request.
  Time since last request: 0.000015 seconds.
  path: Assets/Kabungus/HouseholdItems/Prefabs/Bottle2Purple.prefab
  artifactKey: Guid(99adc298dfe4d7c4ea42920fe16b1e4c) Importer(815301076,1909f56bfc062723c751e8b465ee728b)
Start importing Assets/Kabungus/HouseholdItems/Prefabs/Bottle2Purple.prefab using Guid(99adc298dfe4d7c4ea42920fe16b1e4c) Importer(815301076,1909f56bfc062723c751e8b465ee728b) (PreviewImporter) -> (artifact id: 'd30a6629a4cc1980493fd0c0dd6e4c91') in 0.0070886 seconds
Number of updated asset objects reloaded before import = 0Number of asset objects unloaded after import = 14

========================================================================
Received Import Request.
  Time since last request: 0.000018 seconds.
  path: Assets/Park Assets/Prefab/Cloud.prefab
  artifactKey: Guid(167eea3bc677b924a931082264cd3fbb) Importer(815301076,1909f56bfc062723c751e8b465ee728b)
Start importing Assets/Park Assets/Prefab/Cloud.prefab using Guid(167eea3bc677b924a931082264cd3fbb) Importer(815301076,1909f56bfc062723c751e8b465ee728b) (PreviewImporter) -> (artifact id: 'd5e2d0ad0a7d494d88739a129a5a1ae2') in 0.0099996 seconds
Number of updated asset objects reloaded before import = 0Number of asset objects unloaded after import = 9

========================================================================
Received Import Request.
  Time since last request: 0.000014 seconds.
  path: Assets/Kabungus/HouseholdItems/Models/Pan2.fbx
  artifactKey: Guid(6dcca7473d12a784ebb3e8eff754d489) Importer(815301076,1909f56bfc062723c751e8b465ee728b)
Start importing Assets/Kabungus/HouseholdItems/Models/Pan2.fbx using Guid(6dcca7473d12a784ebb3e8eff754d489) Importer(815301076,1909f56bfc062723c751e8b465ee728b) (PreviewImporter) -> (artifact id: 'a08821dcb50d79f2b42ac89ed234365c') in 0.015343 seconds
Number of updated asset objects reloaded before import = 0Number of asset objects unloaded after import = 9

========================================================================
Received Import Request.
  Time since last request: 0.000013 seconds.
  path: Assets/Kabungus/HouseholdItems/Models/KitchenKnife.fbx
  artifactKey: Guid(03aa2203db556a8418140b52afe7b00c) Importer(815301076,1909f56bfc062723c751e8b465ee728b)
Start importing Assets/Kabungus/HouseholdItems/Models/KitchenKnife.fbx using Guid(03aa2203db556a8418140b52afe7b00c) Importer(815301076,1909f56bfc062723c751e8b465ee728b) (PreviewImporter) -> (artifact id: '87868cec4983249f0e066cb304af2f41') in 0.0176418 seconds
Number of updated asset objects reloaded before import = 0Number of asset objects unloaded after import = 9

========================================================================
Received Import Request.
  Time since last request: 0.000014 seconds.
  path: Assets/Kabungus/HouseholdItems/Models/Spatula.fbx
  artifactKey: Guid(c49eba0198a94334a92aeab515e20052) Importer(815301076,1909f56bfc062723c751e8b465ee728b)
Start importing Assets/Kabungus/HouseholdItems/Models/Spatula.fbx using Guid(c49eba0198a94334a92aeab515e20052) Importer(815301076,1909f56bfc062723c751e8b465ee728b) (PreviewImporter) -> (artifact id: 'eea1b6b2ffabf3fa8b8e9fe39fc42f49') in 0.0138165 seconds
Number of updated asset objects reloaded before import = 0Number of asset objects unloaded after import = 9

========================================================================
Received Import Request.
  Time since last request: 0.000027 seconds.
  path: Assets/Kabungus/HouseholdItems/Models/SledgeHammer.fbx
  artifactKey: Guid(35e3af8eea5ba85488e6dd96363b8379) Importer(815301076,1909f56bfc062723c751e8b465ee728b)
Start importing Assets/Kabungus/HouseholdItems/Models/SledgeHammer.fbx using Guid(35e3af8eea5ba85488e6dd96363b8379) Importer(815301076,1909f56bfc062723c751e8b465ee728b) (PreviewImporter) -> (artifact id: 'b741893221a8a1fcdd486428054e8aeb') in 0.013797 seconds
Number of updated asset objects reloaded before import = 0Number of asset objects unloaded after import = 9

========================================================================
Received Import Request.
  Time since last request: 0.000034 seconds.
  path: Assets/Kabungus/HouseholdItems/Models/MilkCartonRed.fbx
  artifactKey: Guid(80d350825c0110c4595203ab7f4c1fb2) Importer(815301076,1909f56bfc062723c751e8b465ee728b)
Start importing Assets/Kabungus/HouseholdItems/Models/MilkCartonRed.fbx using Guid(80d350825c0110c4595203ab7f4c1fb2) Importer(815301076,1909f56bfc062723c751e8b465ee728b) (PreviewImporter) -> (artifact id: 'bba08c7783d497cc7dd87be5317c24eb') in 0.0140893 seconds
Number of updated asset objects reloaded before import = 0Number of asset objects unloaded after import = 9

========================================================================
Received Import Request.
  Time since last request: 0.000018 seconds.
  path: Assets/Kabungus/HouseholdItems/Prefabs/BriefcaseGrey.prefab
  artifactKey: Guid(71b64d729f2131044bccc1fb512fa4d0) Importer(815301076,1909f56bfc062723c751e8b465ee728b)
Start importing Assets/Kabungus/HouseholdItems/Prefabs/BriefcaseGrey.prefab using Guid(71b64d729f2131044bccc1fb512fa4d0) Importer(815301076,1909f56bfc062723c751e8b465ee728b) (PreviewImporter) -> (artifact id: 'eb1ad78513a097914712c9d5cc15137a') in 0.0105412 seconds
Number of updated asset objects reloaded before import = 0Number of asset objects unloaded after import = 14

========================================================================
Received Import Request.
  Time since last request: 0.000033 seconds.
  path: Assets/Kabungus/HouseholdItems/Models/ToolboxBlue.fbx
  artifactKey: Guid(9d383aa37b39fe249b548c32408b9d02) Importer(815301076,1909f56bfc062723c751e8b465ee728b)
Start importing Assets/Kabungus/HouseholdItems/Models/ToolboxBlue.fbx using Guid(9d383aa37b39fe249b548c32408b9d02) Importer(815301076,1909f56bfc062723c751e8b465ee728b) (PreviewImporter) -> (artifact id: 'd9eb2a6cc8a427d5e64e1ee34548c54c') in 0.0338684 seconds
Number of updated asset objects reloaded before import = 0Number of asset objects unloaded after import = 16

========================================================================
Received Import Request.
  Time since last request: 0.000025 seconds.
  path: Assets/Kabungus/HouseholdItems/Models/TV.fbx
  artifactKey: Guid(33214f9d37d795441875ba08bbe38a7c) Importer(815301076,1909f56bfc062723c751e8b465ee728b)
Start importing Assets/Kabungus/HouseholdItems/Models/TV.fbx using Guid(33214f9d37d795441875ba08bbe38a7c) Importer(815301076,1909f56bfc062723c751e8b465ee728b) (PreviewImporter) -> (artifact id: 'a0a52b0264c24a1d17ebf48b4d06e569') in 0.0190897 seconds
Number of updated asset objects reloaded before import = 0Number of asset objects unloaded after import = 9

========================================================================
Received Import Request.
  Time since last request: 0.000025 seconds.
  path: Assets/Kabungus/HouseholdItems/Models/KitchenKnifeBrown.fbx
  artifactKey: Guid(30b2d5ef486e90c4f84072fe791deea3) Importer(815301076,1909f56bfc062723c751e8b465ee728b)
Start importing Assets/Kabungus/HouseholdItems/Models/KitchenKnifeBrown.fbx using Guid(30b2d5ef486e90c4f84072fe791deea3) Importer(815301076,1909f56bfc062723c751e8b465ee728b) (PreviewImporter) -> (artifact id: '32b6a8c00377370d287a68dbb3b93270') in 0.0195992 seconds
Number of updated asset objects reloaded before import = 0Number of asset objects unloaded after import = 9

========================================================================
Received Import Request.
  Time since last request: 0.000036 seconds.
  path: Assets/Kabungus/HouseholdItems/Models/Saw.fbx
  artifactKey: Guid(2e5307c2c58b4c14faf1ef1cafc4d5d3) Importer(815301076,1909f56bfc062723c751e8b465ee728b)
Start importing Assets/Kabungus/HouseholdItems/Models/Saw.fbx using Guid(2e5307c2c58b4c14faf1ef1cafc4d5d3) Importer(815301076,1909f56bfc062723c751e8b465ee728b) (PreviewImporter) -> (artifact id: '5571a4f0e9c0fd87ca7e793e7244d85b') in 0.0148078 seconds
Number of updated asset objects reloaded before import = 0Number of asset objects unloaded after import = 9

========================================================================
Received Import Request.
  Time since last request: 0.000016 seconds.
  path: Assets/Kabungus/HouseholdItems/Models/ToothbrushGreen.fbx
  artifactKey: Guid(a9fa3dd73b805314f92355a335239f38) Importer(815301076,1909f56bfc062723c751e8b465ee728b)
Start importing Assets/Kabungus/HouseholdItems/Models/ToothbrushGreen.fbx using Guid(a9fa3dd73b805314f92355a335239f38) Importer(815301076,1909f56bfc062723c751e8b465ee728b) (PreviewImporter) -> (artifact id: 'bca769776c54dd7c9b3d22ded9ae6376') in 0.0193277 seconds
Number of updated asset objects reloaded before import = 0Number of asset objects unloaded after import = 9

========================================================================
Received Import Request.
  Time since last request: 0.000024 seconds.
  path: Assets/Kabungus/HouseholdItems/Models/SledgeHammer2.fbx
  artifactKey: Guid(35e118018193e934ba26c008aa81846f) Importer(815301076,1909f56bfc062723c751e8b465ee728b)
Start importing Assets/Kabungus/HouseholdItems/Models/SledgeHammer2.fbx using Guid(35e118018193e934ba26c008aa81846f) Importer(815301076,1909f56bfc062723c751e8b465ee728b) (PreviewImporter) -> (artifact id: '4a34c1349bf0f1b6573d92b58cb7fe25') in 0.0207328 seconds
Number of updated asset objects reloaded before import = 0Number of asset objects unloaded after import = 9

========================================================================
Received Import Request.
  Time since last request: 0.000016 seconds.
  path: Assets/Kabungus/HouseholdItems/Models/ScrewDriverRed.fbx
  artifactKey: Guid(fbefc2e875a47824eb596aa1f4a2511d) Importer(815301076,1909f56bfc062723c751e8b465ee728b)
Start importing Assets/Kabungus/HouseholdItems/Models/ScrewDriverRed.fbx using Guid(fbefc2e875a47824eb596aa1f4a2511d) Importer(815301076,1909f56bfc062723c751e8b465ee728b) (PreviewImporter) -> (artifact id: 'b7dbc3b48c1c84552f51a6a06ac237d2') in 0.0218298 seconds
Number of updated asset objects reloaded before import = 0Number of asset objects unloaded after import = 9

========================================================================
Received Import Request.
  Time since last request: 0.000023 seconds.
  path: Assets/Kabungus/HouseholdItems/Models/PillBottle.fbx
  artifactKey: Guid(21407b519341c0d4183e3dc546deadae) Importer(815301076,1909f56bfc062723c751e8b465ee728b)
Start importing Assets/Kabungus/HouseholdItems/Models/PillBottle.fbx using Guid(21407b519341c0d4183e3dc546deadae) Importer(815301076,1909f56bfc062723c751e8b465ee728b) (PreviewImporter) -> (artifact id: '7c0a80d4c851af8baf5b3d4db057f4b9') in 0.0186562 seconds
Number of updated asset objects reloaded before import = 0Number of asset objects unloaded after import = 9

========================================================================
Received Import Request.
  Time since last request: 0.000056 seconds.
  path: Assets/Kabungus/HouseholdItems/Models/Pan.fbx
  artifactKey: Guid(1315d495536bc9b438a8e8cac29f075f) Importer(815301076,1909f56bfc062723c751e8b465ee728b)
Start importing Assets/Kabungus/HouseholdItems/Models/Pan.fbx using Guid(1315d495536bc9b438a8e8cac29f075f) Importer(815301076,1909f56bfc062723c751e8b465ee728b) (PreviewImporter) -> (artifact id: 'a240711d74b433b13d68507368b09928') in 0.0173713 seconds
Number of updated asset objects reloaded before import = 0Number of asset objects unloaded after import = 9

========================================================================
Received Import Request.
  Time since last request: 0.000032 seconds.
  path: Assets/Kabungus/HouseholdItems/Models/FastFoodCupRed.fbx
  artifactKey: Guid(7a96eff1648e86445b9006ae68966fef) Importer(815301076,1909f56bfc062723c751e8b465ee728b)
Start importing Assets/Kabungus/HouseholdItems/Models/FastFoodCupRed.fbx using Guid(7a96eff1648e86445b9006ae68966fef) Importer(815301076,1909f56bfc062723c751e8b465ee728b) (PreviewImporter) -> (artifact id: '0fed4b900b4ac8156c73cc23ef3ecf33') in 0.0167687 seconds
Number of updated asset objects reloaded before import = 0Number of asset objects unloaded after import = 9

========================================================================
Received Import Request.
  Time since last request: 0.000034 seconds.
  path: Assets/Kabungus/HouseholdItems/Models/ToothbrushRed.fbx
  artifactKey: Guid(e74d1924ac407a941876450ee6017fd3) Importer(815301076,1909f56bfc062723c751e8b465ee728b)
Start importing Assets/Kabungus/HouseholdItems/Models/ToothbrushRed.fbx using Guid(e74d1924ac407a941876450ee6017fd3) Importer(815301076,1909f56bfc062723c751e8b465ee728b) (PreviewImporter) -> (artifact id: 'a9d5387ce8d28d95363b7b8d5087e6a6') in 0.0152177 seconds
Number of updated asset objects reloaded before import = 0Number of asset objects unloaded after import = 9

========================================================================
Received Import Request.
  Time since last request: 12.114943 seconds.
  path: Assets/ModularHousePack1/Prefabs/Modules/Corners/Corner_8.prefab
  artifactKey: Guid(0b906b7f8278b1b4abb9525951fde952) Importer(815301076,1909f56bfc062723c751e8b465ee728b)
Start importing Assets/ModularHousePack1/Prefabs/Modules/Corners/Corner_8.prefab using Guid(0b906b7f8278b1b4abb9525951fde952) Importer(815301076,1909f56bfc062723c751e8b465ee728b) (PreviewImporter) -> (artifact id: 'ad520cc4991829f91063695156358f7c') in 0.0471355 seconds
Number of updated asset objects reloaded before import = 0Number of asset objects unloaded after import = 22

========================================================================
Received Import Request.
  Time since last request: 0.000022 seconds.
  path: Assets/ModularHousePack1/Prefabs/Modules/Doors/Parts/Exterior_Door_Frame.prefab
  artifactKey: Guid(259ee55544bd9e34d9ca42065cb89c9b) Importer(815301076,1909f56bfc062723c751e8b465ee728b)
Start importing Assets/ModularHousePack1/Prefabs/Modules/Doors/Parts/Exterior_Door_Frame.prefab using Guid(259ee55544bd9e34d9ca42065cb89c9b) Importer(815301076,1909f56bfc062723c751e8b465ee728b) (PreviewImporter) -> (artifact id: 'd3140d673eb13fe0283837f7cd52d1e1') in 0.0238573 seconds
Number of updated asset objects reloaded before import = 0Number of asset objects unloaded after import = 11

========================================================================
Received Import Request.
  Time since last request: 0.000032 seconds.
  path: Assets/ModularHousePack1/Prefabs/Modules/Doors/Parts/Exterior_Door.prefab
  artifactKey: Guid(339aefca50fd7ea43a548819cf03cea6) Importer(815301076,1909f56bfc062723c751e8b465ee728b)
Start importing Assets/ModularHousePack1/Prefabs/Modules/Doors/Parts/Exterior_Door.prefab using Guid(339aefca50fd7ea43a548819cf03cea6) Importer(815301076,1909f56bfc062723c751e8b465ee728b) (PreviewImporter) -> (artifact id: '4e873e0494dfc331c3c83f74f816ac96') in 0.0199157 seconds
Number of updated asset objects reloaded before import = 0Number of asset objects unloaded after import = 12

========================================================================
Received Import Request.
  Time since last request: 0.000054 seconds.
  path: Assets/ModularHousePack1/Prefabs/Modules/Curtains/Curtain_3.prefab
  artifactKey: Guid(c41e94052ee226441abdcd000ee693d2) Importer(815301076,1909f56bfc062723c751e8b465ee728b)
Start importing Assets/ModularHousePack1/Prefabs/Modules/Curtains/Curtain_3.prefab using Guid(c41e94052ee226441abdcd000ee693d2) Importer(815301076,1909f56bfc062723c751e8b465ee728b) (PreviewImporter) -> (artifact id: '215278af8f6f367412d009099b669e98') in 0.0509918 seconds
Number of updated asset objects reloaded before import = 0Number of asset objects unloaded after import = 86

========================================================================
Received Import Request.
  Time since last request: 0.000037 seconds.
  path: Assets/Kabungus/HouseholdItems/Prefabs/Dumbell1.prefab
  artifactKey: Guid(92a82d4c42b533e458954bfb3e5afa85) Importer(815301076,1909f56bfc062723c751e8b465ee728b)
Start importing Assets/Kabungus/HouseholdItems/Prefabs/Dumbell1.prefab using Guid(92a82d4c42b533e458954bfb3e5afa85) Importer(815301076,1909f56bfc062723c751e8b465ee728b) (PreviewImporter) -> (artifact id: '0df1f5e267c72a798e11227165c0d3b5') in 0.0108457 seconds
Number of updated asset objects reloaded before import = 0Number of asset objects unloaded after import = 14

========================================================================
Received Import Request.
  Time since last request: 0.000020 seconds.
  path: Assets/ModularHousePack1/Prefabs/Modules/Curtains/Parts/CurtainB.prefab
  artifactKey: Guid(e62317892d639ed418b752e8578ec16c) Importer(815301076,1909f56bfc062723c751e8b465ee728b)
Start importing Assets/ModularHousePack1/Prefabs/Modules/Curtains/Parts/CurtainB.prefab using Guid(e62317892d639ed418b752e8578ec16c) Importer(815301076,1909f56bfc062723c751e8b465ee728b) (PreviewImporter) -> (artifact id: '6257fdf0c42d7dfd3ac3417c4d00b52d') in 0.0112899 seconds
Number of updated asset objects reloaded before import = 0Number of asset objects unloaded after import = 9

========================================================================
Received Import Request.
  Time since last request: 0.000015 seconds.
  path: Assets/ModularHousePack1/Prefabs/Modules/Doors/Door_1A.prefab
  artifactKey: Guid(0c447d68afe357744b28e7c773cd345b) Importer(815301076,1909f56bfc062723c751e8b465ee728b)
Start importing Assets/ModularHousePack1/Prefabs/Modules/Doors/Door_1A.prefab using Guid(0c447d68afe357744b28e7c773cd345b) Importer(815301076,1909f56bfc062723c751e8b465ee728b) (PreviewImporter) -> (artifact id: 'b0300a431dcadcfc77f2c83eec565bf8') in 0.0932927 seconds
Number of updated asset objects reloaded before import = 0Number of asset objects unloaded after import = 167

========================================================================
Received Import Request.
  Time since last request: 0.424903 seconds.
  path: Assets/ModularHousePack1/Prefabs/Modules/Corners/Corner_4A.prefab
  artifactKey: Guid(49064dfa47d1ce04d997be64fa79976f) Importer(815301076,1909f56bfc062723c751e8b465ee728b)
Start importing Assets/ModularHousePack1/Prefabs/Modules/Corners/Corner_4A.prefab using Guid(49064dfa47d1ce04d997be64fa79976f) Importer(815301076,1909f56bfc062723c751e8b465ee728b) (PreviewImporter) -> (artifact id: '7f1234ce2864a9635c801b40482e8259') in 0.0874722 seconds
Number of updated asset objects reloaded before import = 0Number of asset objects unloaded after import = 183

========================================================================
Received Import Request.
  Time since last request: 0.000021 seconds.
  path: Assets/ModularHousePack1/Prefabs/Modules/Corners/Corner_5C.prefab
  artifactKey: Guid(dcc08d4d9993c744395541a84cb87e36) Importer(815301076,1909f56bfc062723c751e8b465ee728b)
Start importing Assets/ModularHousePack1/Prefabs/Modules/Corners/Corner_5C.prefab using Guid(dcc08d4d9993c744395541a84cb87e36) Importer(815301076,1909f56bfc062723c751e8b465ee728b) (PreviewImporter) -> (artifact id: '1224fbfee32572359be4781a4328f368') in 0.0979686 seconds
Number of updated asset objects reloaded before import = 0Number of asset objects unloaded after import = 250

========================================================================
Received Import Request.
  Time since last request: 0.000072 seconds.
  path: Assets/ModularHousePack1/Prefabs/Modules/Corners/Corner_5B.prefab
  artifactKey: Guid(1d3e636809681ff45835c31ddff408ef) Importer(815301076,1909f56bfc062723c751e8b465ee728b)
Start importing Assets/ModularHousePack1/Prefabs/Modules/Corners/Corner_5B.prefab using Guid(1d3e636809681ff45835c31ddff408ef) Importer(815301076,1909f56bfc062723c751e8b465ee728b) (PreviewImporter) -> (artifact id: '885d0210f9fd30e74e3a21f5135604de') in 0.0670466 seconds
Number of updated asset objects reloaded before import = 0Number of asset objects unloaded after import = 262

========================================================================
Received Import Request.
  Time since last request: 1.377258 seconds.
  path: Assets/ModularHousePack1/Prefabs/Modules/Doors/Parts/Exterior_Door_LockA.prefab
  artifactKey: Guid(e33f4614d48e663468bc4db69303cb8a) Importer(815301076,1909f56bfc062723c751e8b465ee728b)
Start importing Assets/ModularHousePack1/Prefabs/Modules/Doors/Parts/Exterior_Door_LockA.prefab using Guid(e33f4614d48e663468bc4db69303cb8a) Importer(815301076,1909f56bfc062723c751e8b465ee728b) (PreviewImporter) -> (artifact id: '334c6c6b9f31799979504464e7ab431d') in 0.0266668 seconds
Number of updated asset objects reloaded before import = 0Number of asset objects unloaded after import = 12

========================================================================
Received Import Request.
  Time since last request: 0.000014 seconds.
  path: Assets/ModularHousePack1/Prefabs/Modules/Doors/Parts/Exterior_Doorhandle.prefab
  artifactKey: Guid(99504df19992cb14ab3fb85911305df3) Importer(815301076,1909f56bfc062723c751e8b465ee728b)
Start importing Assets/ModularHousePack1/Prefabs/Modules/Doors/Parts/Exterior_Doorhandle.prefab using Guid(99504df19992cb14ab3fb85911305df3) Importer(815301076,1909f56bfc062723c751e8b465ee728b) (PreviewImporter) -> (artifact id: '07d7020a0ab23fa921e913ec451b443c') in 0.0215114 seconds
Number of updated asset objects reloaded before import = 0Number of asset objects unloaded after import = 12

========================================================================
Received Import Request.
  Time since last request: 0.000020 seconds.
  path: Assets/ModularHousePack1/Prefabs/Modules/Doors/Parts/Exterior_Door_Wall.prefab
  artifactKey: Guid(f26f109289c64474ba24a13aada60740) Importer(815301076,1909f56bfc062723c751e8b465ee728b)
Start importing Assets/ModularHousePack1/Prefabs/Modules/Doors/Parts/Exterior_Door_Wall.prefab using Guid(f26f109289c64474ba24a13aada60740) Importer(815301076,1909f56bfc062723c751e8b465ee728b) (PreviewImporter) -> (artifact id: '113414a8bd785e969d56ca51825aec9e') in 0.0217521 seconds
Number of updated asset objects reloaded before import = 0Number of asset objects unloaded after import = 15

========================================================================
Received Import Request.
  Time since last request: 0.000078 seconds.
  path: Assets/ModularHousePack1/Prefabs/Modules/Window/Parts/Exterior_Window_Baseboard.prefab
  artifactKey: Guid(45e13661b1128f74bac223e038fb9608) Importer(815301076,1909f56bfc062723c751e8b465ee728b)
Start importing Assets/ModularHousePack1/Prefabs/Modules/Window/Parts/Exterior_Window_Baseboard.prefab using Guid(45e13661b1128f74bac223e038fb9608) Importer(815301076,1909f56bfc062723c751e8b465ee728b) (PreviewImporter) -> (artifact id: '0c076d44c33527e4c6611f8966824f33') in 0.0160394 seconds
Number of updated asset objects reloaded before import = 0Number of asset objects unloaded after import = 11

========================================================================
Received Import Request.
  Time since last request: 0.200948 seconds.
  path: Assets/ModularHousePack1/Prefabs/Modules/Window/Parts/Exterior_Window_GlassB.prefab
  artifactKey: Guid(8e7f1c9345f838c45abf96dae7c2be5f) Importer(815301076,1909f56bfc062723c751e8b465ee728b)
Start importing Assets/ModularHousePack1/Prefabs/Modules/Window/Parts/Exterior_Window_GlassB.prefab using Guid(8e7f1c9345f838c45abf96dae7c2be5f) Importer(815301076,1909f56bfc062723c751e8b465ee728b) (PreviewImporter) -> (artifact id: '942095a4bd8920fa7482097ab555d462') in 0.0074675 seconds
Number of updated asset objects reloaded before import = 0Number of asset objects unloaded after import = 8

========================================================================
Received Import Request.
  Time since last request: 0.000017 seconds.
  path: Assets/ModularHousePack1/Prefabs/Modules/Window/Parts/Exterior_WindowB.prefab
  artifactKey: Guid(fd8d9a68ecede5b418c855e45fdd18f8) Importer(815301076,1909f56bfc062723c751e8b465ee728b)
Start importing Assets/ModularHousePack1/Prefabs/Modules/Window/Parts/Exterior_WindowB.prefab using Guid(fd8d9a68ecede5b418c855e45fdd18f8) Importer(815301076,1909f56bfc062723c751e8b465ee728b) (PreviewImporter) -> (artifact id: 'a5d347ce9e63c201af8682de20f81142') in 0.0201087 seconds
Number of updated asset objects reloaded before import = 0Number of asset objects unloaded after import = 12

========================================================================
Received Import Request.
  Time since last request: 0.000020 seconds.
  path: Assets/ModularHousePack1/Prefabs/Modules/Corners/Parts/ExteriorToInterior_Corner_1.prefab
  artifactKey: Guid(90b3d0cd1985ac24cbce81de2236d6a4) Importer(815301076,1909f56bfc062723c751e8b465ee728b)
Start importing Assets/ModularHousePack1/Prefabs/Modules/Corners/Parts/ExteriorToInterior_Corner_1.prefab using Guid(90b3d0cd1985ac24cbce81de2236d6a4) Importer(815301076,1909f56bfc062723c751e8b465ee728b) (PreviewImporter) -> (artifact id: '49d51ab3872f92d5151b26e3c6637d93') in 0.0184165 seconds
Number of updated asset objects reloaded before import = 0Number of asset objects unloaded after import = 10

========================================================================
Received Import Request.
  Time since last request: 0.000022 seconds.
  path: Assets/Kabungus/HouseholdItems/Prefabs/FastCoffeeCupGreen.prefab
  artifactKey: Guid(48d2ae3205d1d3e49a87e8743ed605bc) Importer(815301076,1909f56bfc062723c751e8b465ee728b)
Start importing Assets/Kabungus/HouseholdItems/Prefabs/FastCoffeeCupGreen.prefab using Guid(48d2ae3205d1d3e49a87e8743ed605bc) Importer(815301076,1909f56bfc062723c751e8b465ee728b) (PreviewImporter) -> (artifact id: '70d71949cab6f53c197c303700c8ea34') in 0.0096753 seconds
Number of updated asset objects reloaded before import = 0Number of asset objects unloaded after import = 14

========================================================================
Received Import Request.
  Time since last request: 0.000017 seconds.
  path: Assets/ModularHousePack1/Prefabs/Modules/Doors/Parts/ExteriorToInterior_Door_Wall.prefab
  artifactKey: Guid(aa8e4509ee372b44b9b708e7672aa86d) Importer(815301076,1909f56bfc062723c751e8b465ee728b)
Start importing Assets/ModularHousePack1/Prefabs/Modules/Doors/Parts/ExteriorToInterior_Door_Wall.prefab using Guid(aa8e4509ee372b44b9b708e7672aa86d) Importer(815301076,1909f56bfc062723c751e8b465ee728b) (PreviewImporter) -> (artifact id: '9608574f3be59c6a19c106fc252d8d01') in 0.0179558 seconds
Number of updated asset objects reloaded before import = 0Number of asset objects unloaded after import = 10

========================================================================
Received Import Request.
  Time since last request: 0.000021 seconds.
  path: Assets/Kabungus/HouseholdItems/Prefabs/FastFoodCupBlue.prefab
  artifactKey: Guid(d6f26c385193c44479a097dd991f76ed) Importer(815301076,1909f56bfc062723c751e8b465ee728b)
Start importing Assets/Kabungus/HouseholdItems/Prefabs/FastFoodCupBlue.prefab using Guid(d6f26c385193c44479a097dd991f76ed) Importer(815301076,1909f56bfc062723c751e8b465ee728b) (PreviewImporter) -> (artifact id: '6686a5eb0846cc8046b517f1eb338a50') in 0.0098953 seconds
Number of updated asset objects reloaded before import = 0Number of asset objects unloaded after import = 14

========================================================================
Received Import Request.
  Time since last request: 0.000044 seconds.
  path: Assets/ModularHousePack1/Prefabs/Modules/Window/Parts/Exterior_Window_Wall.prefab
  artifactKey: Guid(5e73262af13351e45b35160323da63b8) Importer(815301076,1909f56bfc062723c751e8b465ee728b)
Start importing Assets/ModularHousePack1/Prefabs/Modules/Window/Parts/Exterior_Window_Wall.prefab using Guid(5e73262af13351e45b35160323da63b8) Importer(815301076,1909f56bfc062723c751e8b465ee728b) (PreviewImporter) -> (artifact id: '0bd0bb55630136378afecf11b1935f26') in 0.0206322 seconds
Number of updated asset objects reloaded before import = 0Number of asset objects unloaded after import = 16

========================================================================
Received Import Request.
  Time since last request: 0.000034 seconds.
  path: Assets/ModularHousePack1/Prefabs/Modules/Window/Parts/Exterior_Window_Pommel.prefab
  artifactKey: Guid(e6633237019bd454d81e8fe144d9a4d9) Importer(815301076,1909f56bfc062723c751e8b465ee728b)
Start importing Assets/ModularHousePack1/Prefabs/Modules/Window/Parts/Exterior_Window_Pommel.prefab using Guid(e6633237019bd454d81e8fe144d9a4d9) Importer(815301076,1909f56bfc062723c751e8b465ee728b) (PreviewImporter) -> (artifact id: 'f4aaece3be84824dce62845f06e6fede') in 0.0218842 seconds
Number of updated asset objects reloaded before import = 0Number of asset objects unloaded after import = 12

========================================================================
Received Import Request.
  Time since last request: 0.162521 seconds.
  path: Assets/ModularHousePack1/Prefabs/Modules/Fences/Fence_2.prefab
  artifactKey: Guid(b396398a825a2fb4c9492391dd568bb0) Importer(815301076,1909f56bfc062723c751e8b465ee728b)
Start importing Assets/ModularHousePack1/Prefabs/Modules/Fences/Fence_2.prefab using Guid(b396398a825a2fb4c9492391dd568bb0) Importer(815301076,1909f56bfc062723c751e8b465ee728b) (PreviewImporter) -> (artifact id: '2b6a6aa8f44bc15eecbb20c83cab3aed') in 0.0177192 seconds
Number of updated asset objects reloaded before import = 0Number of asset objects unloaded after import = 12

========================================================================
Received Import Request.
  Time since last request: 0.000013 seconds.
  path: Assets/ModularHousePack1/Prefabs/Modules/Floors/Floor2.prefab
  artifactKey: Guid(98ccaac5ef4cded498a86349bc17f210) Importer(815301076,1909f56bfc062723c751e8b465ee728b)
Start importing Assets/ModularHousePack1/Prefabs/Modules/Floors/Floor2.prefab using Guid(98ccaac5ef4cded498a86349bc17f210) Importer(815301076,1909f56bfc062723c751e8b465ee728b) (PreviewImporter) -> (artifact id: '72387aae0ec6bb432296c8e967802af2') in 0.0485852 seconds
Number of updated asset objects reloaded before import = 0Number of asset objects unloaded after import = 41

========================================================================
Received Import Request.
  Time since last request: 0.000018 seconds.
  path: Assets/Kabungus/HouseholdItems/Prefabs/Hatchet2.prefab
  artifactKey: Guid(65e952c9b83db734eb12b9746342d824) Importer(815301076,1909f56bfc062723c751e8b465ee728b)
Start importing Assets/Kabungus/HouseholdItems/Prefabs/Hatchet2.prefab using Guid(65e952c9b83db734eb12b9746342d824) Importer(815301076,1909f56bfc062723c751e8b465ee728b) (PreviewImporter) -> (artifact id: '9cb193b1031d84a871afd9b18d4aa51f') in 0.0096682 seconds
Number of updated asset objects reloaded before import = 0Number of asset objects unloaded after import = 14

========================================================================
Received Import Request.
  Time since last request: 0.000024 seconds.
  path: Assets/ModularHousePack1/Prefabs/Modules/Curtains/Parts/HooksB.prefab
  artifactKey: Guid(2a70919148443ec45b405862c2e16a1a) Importer(815301076,1909f56bfc062723c751e8b465ee728b)
Start importing Assets/ModularHousePack1/Prefabs/Modules/Curtains/Parts/HooksB.prefab using Guid(2a70919148443ec45b405862c2e16a1a) Importer(815301076,1909f56bfc062723c751e8b465ee728b) (PreviewImporter) -> (artifact id: '71e93e17d7e64b37148f9b1a5ced02b0') in 0.0184137 seconds
Number of updated asset objects reloaded before import = 0Number of asset objects unloaded after import = 12

========================================================================
Received Import Request.
  Time since last request: 0.000016 seconds.
  path: Assets/Kabungus/HouseholdItems/Prefabs/GasCan.prefab
  artifactKey: Guid(11e41fba02e6d28459e8104ef84bcb1a) Importer(815301076,1909f56bfc062723c751e8b465ee728b)
Start importing Assets/Kabungus/HouseholdItems/Prefabs/GasCan.prefab using Guid(11e41fba02e6d28459e8104ef84bcb1a) Importer(815301076,1909f56bfc062723c751e8b465ee728b) (PreviewImporter) -> (artifact id: 'c58d8d3635c009c88f98714ce64a7a70') in 0.0081982 seconds
Number of updated asset objects reloaded before import = 0Number of asset objects unloaded after import = 14

========================================================================
Received Import Request.
  Time since last request: 0.000029 seconds.
  path: Assets/ModularHousePack1/Prefabs/Modules/Fences/Fence_5.prefab
  artifactKey: Guid(1549108b5735f984194d1401e0ddecba) Importer(815301076,1909f56bfc062723c751e8b465ee728b)
Start importing Assets/ModularHousePack1/Prefabs/Modules/Fences/Fence_5.prefab using Guid(1549108b5735f984194d1401e0ddecba) Importer(815301076,1909f56bfc062723c751e8b465ee728b) (PreviewImporter) -> (artifact id: 'f476c5691c968314f42584390786ba0b') in 0.0182782 seconds
Number of updated asset objects reloaded before import = 0Number of asset objects unloaded after import = 12

========================================================================
Received Import Request.
  Time since last request: 0.000014 seconds.
  path: Assets/Park Assets/Prefab/Gazebo.prefab
  artifactKey: Guid(240f865433d03a8469d4f5a438765fd7) Importer(815301076,1909f56bfc062723c751e8b465ee728b)
Start importing Assets/Park Assets/Prefab/Gazebo.prefab using Guid(240f865433d03a8469d4f5a438765fd7) Importer(815301076,1909f56bfc062723c751e8b465ee728b) (PreviewImporter) -> (artifact id: '7db5f8ba514a6dc063b7d43f14792ca5') in 0.0114376 seconds
Number of updated asset objects reloaded before import = 0Number of asset objects unloaded after import = 10

========================================================================
Received Import Request.
  Time since last request: 0.000017 seconds.
  path: Assets/ModularHousePack1/Prefabs/Modules/Floors/Floor1.prefab
  artifactKey: Guid(3f12d772b19ebb948a751830f8828178) Importer(815301076,1909f56bfc062723c751e8b465ee728b)
Start importing Assets/ModularHousePack1/Prefabs/Modules/Floors/Floor1.prefab using Guid(3f12d772b19ebb948a751830f8828178) Importer(815301076,1909f56bfc062723c751e8b465ee728b) (PreviewImporter) -> (artifact id: '1437a049173b983881fdde71f0af078b') in 0.0242304 seconds
Number of updated asset objects reloaded before import = 0Number of asset objects unloaded after import = 36

========================================================================
Received Import Request.
  Time since last request: 0.380214 seconds.
  path: Assets/ModularHousePack1/Prefabs/Modules/Corners/Parts/Interior_Corner_2.prefab
  artifactKey: Guid(fa1006eec5195e84eb367d446a6591b0) Importer(815301076,1909f56bfc062723c751e8b465ee728b)
Start importing Assets/ModularHousePack1/Prefabs/Modules/Corners/Parts/Interior_Corner_2.prefab using Guid(fa1006eec5195e84eb367d446a6591b0) Importer(815301076,1909f56bfc062723c751e8b465ee728b) (PreviewImporter) -> (artifact id: '90314123e1a50d4cd26965f1108d9f3d') in 0.0223421 seconds
Number of updated asset objects reloaded before import = 0Number of asset objects unloaded after import = 11

========================================================================
Received Import Request.
  Time since last request: 0.000016 seconds.
  path: Assets/ModularHousePack1/Prefabs/Modules/Doors/Parts/Interior_Door_HingesA.prefab
  artifactKey: Guid(bb536d71135f8414f8f7cefd7734a23b) Importer(815301076,1909f56bfc062723c751e8b465ee728b)
Start importing Assets/ModularHousePack1/Prefabs/Modules/Doors/Parts/Interior_Door_HingesA.prefab using Guid(bb536d71135f8414f8f7cefd7734a23b) Importer(815301076,1909f56bfc062723c751e8b465ee728b) (PreviewImporter) -> (artifact id: 'd5b903a710cb19010d8abfb707a9f47c') in 0.0261484 seconds
Number of updated asset objects reloaded before import = 0Number of asset objects unloaded after import = 12

========================================================================
Received Import Request.
  Time since last request: 0.000020 seconds.
  path: Assets/ModularHousePack1/Prefabs/Modules/Doors/Parts/Interior_Door_HingesB.prefab
  artifactKey: Guid(c249fc6e3f813f14dbe21617804ed17f) Importer(815301076,1909f56bfc062723c751e8b465ee728b)
Start importing Assets/ModularHousePack1/Prefabs/Modules/Doors/Parts/Interior_Door_HingesB.prefab using Guid(c249fc6e3f813f14dbe21617804ed17f) Importer(815301076,1909f56bfc062723c751e8b465ee728b) (PreviewImporter) -> (artifact id: '6f0f32d1dee19325dcbbf689950d9e3c') in 0.0258296 seconds
Number of updated asset objects reloaded before import = 0Number of asset objects unloaded after import = 12

========================================================================
Received Import Request.
  Time since last request: 0.000015 seconds.
  path: Assets/ModularHousePack1/Prefabs/Modules/Walls/Parts/Interior_Wall.prefab
  artifactKey: Guid(0d99dd474cd56804a8d655c95eaebdae) Importer(815301076,1909f56bfc062723c751e8b465ee728b)
Start importing Assets/ModularHousePack1/Prefabs/Modules/Walls/Parts/Interior_Wall.prefab using Guid(0d99dd474cd56804a8d655c95eaebdae) Importer(815301076,1909f56bfc062723c751e8b465ee728b) (PreviewImporter) -> (artifact id: '13ba68d2f64c597f0b85b78ca2ab1ba4') in 0.0207211 seconds
Number of updated asset objects reloaded before import = 0Number of asset objects unloaded after import = 11

========================================================================
Received Import Request.
  Time since last request: 0.000015 seconds.
  path: Assets/ModularHousePack1/Prefabs/Modules/Doors/Parts/Interior_Door_Frame.prefab
  artifactKey: Guid(fac9889ae8b01ec46af185dfdc0115b0) Importer(815301076,1909f56bfc062723c751e8b465ee728b)
Start importing Assets/ModularHousePack1/Prefabs/Modules/Doors/Parts/Interior_Door_Frame.prefab using Guid(fac9889ae8b01ec46af185dfdc0115b0) Importer(815301076,1909f56bfc062723c751e8b465ee728b) (PreviewImporter) -> (artifact id: 'd723bf1152ad6795c297c2578d88d44b') in 0.0227271 seconds
Number of updated asset objects reloaded before import = 0Number of asset objects unloaded after import = 11

========================================================================
Received Import Request.
  Time since last request: 0.000027 seconds.
  path: Assets/ModularHousePack1/Prefabs/Modules/Floors/Parts/Interior_Floor_Up.prefab
  artifactKey: Guid(989a9b55bc3f4ec428b6f8a1b6783c8d) Importer(815301076,1909f56bfc062723c751e8b465ee728b)
Start importing Assets/ModularHousePack1/Prefabs/Modules/Floors/Parts/Interior_Floor_Up.prefab using Guid(989a9b55bc3f4ec428b6f8a1b6783c8d) Importer(815301076,1909f56bfc062723c751e8b465ee728b) (PreviewImporter) -> (artifact id: '552d855b179e9b40c55b50601f107609') in 0.0242994 seconds
Number of updated asset objects reloaded before import = 0Number of asset objects unloaded after import = 11

========================================================================
Received Import Request.
  Time since last request: 0.204716 seconds.
  path: Assets/Kabungus/HouseholdItems/Prefabs/KitchenKnifeBrown.prefab
  artifactKey: Guid(07bf4e7b5cf134344808b8afe2b6c825) Importer(815301076,1909f56bfc062723c751e8b465ee728b)
Start importing Assets/Kabungus/HouseholdItems/Prefabs/KitchenKnifeBrown.prefab using Guid(07bf4e7b5cf134344808b8afe2b6c825) Importer(815301076,1909f56bfc062723c751e8b465ee728b) (PreviewImporter) -> (artifact id: '22d626c88c844d4c81d7a95b452651d6') in 0.0088901 seconds
Number of updated asset objects reloaded before import = 0Number of asset objects unloaded after import = 14

========================================================================
Received Import Request.
  Time since last request: 0.000021 seconds.
  path: Assets/Kabungus/HouseholdItems/Prefabs/Mug_001.prefab
  artifactKey: Guid(cffecc893f3680d48b54934f84bd7b48) Importer(815301076,1909f56bfc062723c751e8b465ee728b)
Start importing Assets/Kabungus/HouseholdItems/Prefabs/Mug_001.prefab using Guid(cffecc893f3680d48b54934f84bd7b48) Importer(815301076,1909f56bfc062723c751e8b465ee728b) (PreviewImporter) -> (artifact id: '58f443d0030970515d39958088f4ceb7') in 0.0100597 seconds
Number of updated asset objects reloaded before import = 0Number of asset objects unloaded after import = 14

========================================================================
Received Import Request.
  Time since last request: 0.000029 seconds.
  path: Assets/Kabungus/HouseholdItems/Prefabs/MedBook.prefab
  artifactKey: Guid(7eefa734b3d2287418b912c00e0c46f3) Importer(815301076,1909f56bfc062723c751e8b465ee728b)
Start importing Assets/Kabungus/HouseholdItems/Prefabs/MedBook.prefab using Guid(7eefa734b3d2287418b912c00e0c46f3) Importer(815301076,1909f56bfc062723c751e8b465ee728b) (PreviewImporter) -> (artifact id: '32ad31cd57f3e6935a4238047b7ef5dc') in 0.0085567 seconds
Number of updated asset objects reloaded before import = 0Number of asset objects unloaded after import = 14

========================================================================
Received Import Request.
  Time since last request: 0.000021 seconds.
  path: Assets/Kabungus/HouseholdItems/Prefabs/Money.prefab
  artifactKey: Guid(aa7d1f96c0431314a878a2d84cd51729) Importer(815301076,1909f56bfc062723c751e8b465ee728b)
Start importing Assets/Kabungus/HouseholdItems/Prefabs/Money.prefab using Guid(aa7d1f96c0431314a878a2d84cd51729) Importer(815301076,1909f56bfc062723c751e8b465ee728b) (PreviewImporter) -> (artifact id: '3f09950dd90fae148b95a9eeea91e5d0') in 0.0115061 seconds
Number of updated asset objects reloaded before import = 0Number of asset objects unloaded after import = 14

========================================================================
Received Import Request.
  Time since last request: 0.012248 seconds.
  path: Assets/Kabungus/HouseholdItems/Prefabs/Pan2.prefab
  artifactKey: Guid(274e96c60e8a21547a4790e006c188dc) Importer(815301076,1909f56bfc062723c751e8b465ee728b)
Start importing Assets/Kabungus/HouseholdItems/Prefabs/Pan2.prefab using Guid(274e96c60e8a21547a4790e006c188dc) Importer(815301076,1909f56bfc062723c751e8b465ee728b) (PreviewImporter) -> (artifact id: 'dbde2057b5613c732f785ac53e5ba800') in 0.0098394 seconds
Number of updated asset objects reloaded before import = 0Number of asset objects unloaded after import = 14

========================================================================
Received Import Request.
  Time since last request: 0.000022 seconds.
  path: Assets/ModularHousePack1/Prefabs/Modules/Roads/Parts/Pavement_2.prefab
  artifactKey: Guid(67fb80768041ca648adba793bae28b6e) Importer(815301076,1909f56bfc062723c751e8b465ee728b)
Start importing Assets/ModularHousePack1/Prefabs/Modules/Roads/Parts/Pavement_2.prefab using Guid(67fb80768041ca648adba793bae28b6e) Importer(815301076,1909f56bfc062723c751e8b465ee728b) (PreviewImporter) -> (artifact id: 'a21ed81dd8d91d71947df08229bf47a6') in 0.0235614 seconds
Number of updated asset objects reloaded before import = 0Number of asset objects unloaded after import = 13

========================================================================
Received Import Request.
  Time since last request: 0.000024 seconds.
  path: Assets/Kabungus/HouseholdItems/Prefabs/Plate_001.prefab
  artifactKey: Guid(5f9e60bc4d7c78e49ad02ffca3b118bc) Importer(815301076,1909f56bfc062723c751e8b465ee728b)
Start importing Assets/Kabungus/HouseholdItems/Prefabs/Plate_001.prefab using Guid(5f9e60bc4d7c78e49ad02ffca3b118bc) Importer(815301076,1909f56bfc062723c751e8b465ee728b) (PreviewImporter) -> (artifact id: '419af7bb79a0ec4396e08bcab927c7db') in 0.011476 seconds
Number of updated asset objects reloaded before import = 0Number of asset objects unloaded after import = 14

========================================================================
Received Import Request.
  Time since last request: 0.000031 seconds.
  path: Assets/Kabungus/HouseholdItems/Prefabs/Plunger.prefab
  artifactKey: Guid(6a37df40ceff07440b54d32353755427) Importer(815301076,1909f56bfc062723c751e8b465ee728b)
Start importing Assets/Kabungus/HouseholdItems/Prefabs/Plunger.prefab using Guid(6a37df40ceff07440b54d32353755427) Importer(815301076,1909f56bfc062723c751e8b465ee728b) (PreviewImporter) -> (artifact id: '828b6efff1f349b71024eb8208bb70dd') in 0.0093807 seconds
Number of updated asset objects reloaded before import = 0Number of asset objects unloaded after import = 14

========================================================================
Received Import Request.
  Time since last request: 0.000022 seconds.
  path: Assets/ModularHousePack1/Prefabs/Modules/Roads/Parts/Road_4.prefab
  artifactKey: Guid(8a26146163f22084bb400d1b623e1ea4) Importer(815301076,1909f56bfc062723c751e8b465ee728b)
Start importing Assets/ModularHousePack1/Prefabs/Modules/Roads/Parts/Road_4.prefab using Guid(8a26146163f22084bb400d1b623e1ea4) Importer(815301076,1909f56bfc062723c751e8b465ee728b) (PreviewImporter) -> (artifact id: 'b8b9fb1c71f78e0326545755edcebcbb') in 0.0232738 seconds
Number of updated asset objects reloaded before import = 0Number of asset objects unloaded after import = 12

========================================================================
Received Import Request.
  Time since last request: 0.000022 seconds.
  path: Assets/Kabungus/HouseholdItems/Prefabs/PillBottle.prefab
  artifactKey: Guid(43d697a26e4cf694fa1de5435575341d) Importer(815301076,1909f56bfc062723c751e8b465ee728b)
Start importing Assets/Kabungus/HouseholdItems/Prefabs/PillBottle.prefab using Guid(43d697a26e4cf694fa1de5435575341d) Importer(815301076,1909f56bfc062723c751e8b465ee728b) (PreviewImporter) -> (artifact id: 'caba62ff6ee7c991dd61fb45496d5bd3') in 0.0099714 seconds
Number of updated asset objects reloaded before import = 0Number of asset objects unloaded after import = 14

========================================================================
Received Import Request.
  Time since last request: 0.000020 seconds.
  path: Assets/ModularHousePack1/Prefabs/Modules/Roads/Road_1.prefab
  artifactKey: Guid(26d160590c290d6479ff3ef9ccfa6ab8) Importer(815301076,1909f56bfc062723c751e8b465ee728b)
Start importing Assets/ModularHousePack1/Prefabs/Modules/Roads/Road_1.prefab using Guid(26d160590c290d6479ff3ef9ccfa6ab8) Importer(815301076,1909f56bfc062723c751e8b465ee728b) (PreviewImporter) -> (artifact id: '353a9f59c8d04e47e026861b4f88cf58') in 0.0830858 seconds
Number of updated asset objects reloaded before import = 0Number of asset objects unloaded after import = 133

========================================================================
Received Import Request.
  Time since last request: 0.000027 seconds.
  path: Assets/ModularHousePack1/Prefabs/Modules/Roofs/Parts/RoofB_Ceiling.prefab
  artifactKey: Guid(081de7e143c47ad4c96bbcde089aa125) Importer(815301076,1909f56bfc062723c751e8b465ee728b)
Start importing Assets/ModularHousePack1/Prefabs/Modules/Roofs/Parts/RoofB_Ceiling.prefab using Guid(081de7e143c47ad4c96bbcde089aa125) Importer(815301076,1909f56bfc062723c751e8b465ee728b) (PreviewImporter) -> (artifact id: '142c940c4ca7d2f84d1c102bf4f89186') in 0.0252259 seconds
Number of updated asset objects reloaded before import = 0Number of asset objects unloaded after import = 12

========================================================================
Received Import Request.
  Time since last request: 0.000051 seconds.
  path: Assets/ModularHousePack1/Prefabs/Modules/Roofs/RoofB.prefab
  artifactKey: Guid(5a192d25153f1d54aad797884659b208) Importer(815301076,1909f56bfc062723c751e8b465ee728b)
Start importing Assets/ModularHousePack1/Prefabs/Modules/Roofs/RoofB.prefab using Guid(5a192d25153f1d54aad797884659b208) Importer(815301076,1909f56bfc062723c751e8b465ee728b) (PreviewImporter) -> (artifact id: '1236f25f4d2307f2e3d63434a9d62253') in 0.0651226 seconds
Number of updated asset objects reloaded before import = 0Number of asset objects unloaded after import = 66

========================================================================
Received Import Request.
  Time since last request: 0.000052 seconds.
  path: Assets/ModularHousePack1/Prefabs/Modules/Roofs/RoofA.prefab
  artifactKey: Guid(e4ab387b3201c18499de07857bf3e99e) Importer(815301076,1909f56bfc062723c751e8b465ee728b)
Start importing Assets/ModularHousePack1/Prefabs/Modules/Roofs/RoofA.prefab using Guid(e4ab387b3201c18499de07857bf3e99e) Importer(815301076,1909f56bfc062723c751e8b465ee728b) (PreviewImporter) -> (artifact id: '6a5b17553865767a25bfff330871bf09') in 0.0672394 seconds
Number of updated asset objects reloaded before import = 0Number of asset objects unloaded after import = 66

========================================================================
Received Import Request.
  Time since last request: 0.000022 seconds.
  path: Assets/ModularHousePack1/Prefabs/Modules/Roofs/Parts/RoofB_Tiles.prefab
  artifactKey: Guid(671b3693c73e8c345a741580e8d35044) Importer(815301076,1909f56bfc062723c751e8b465ee728b)
Start importing Assets/ModularHousePack1/Prefabs/Modules/Roofs/Parts/RoofB_Tiles.prefab using Guid(671b3693c73e8c345a741580e8d35044) Importer(815301076,1909f56bfc062723c751e8b465ee728b) (PreviewImporter) -> (artifact id: '5ed7b0ee37d8fc1aea4cbd7ffdffd821') in 0.0150728 seconds
Number of updated asset objects reloaded before import = 0Number of asset objects unloaded after import = 10

========================================================================
Received Import Request.
  Time since last request: 0.000076 seconds.
  path: Assets/ModularHousePack1/Prefabs/Modules/Roofs/Parts/RoofClosed_Tiles.prefab
  artifactKey: Guid(eabfbd7f7e964744185267c5e2fb3d84) Importer(815301076,1909f56bfc062723c751e8b465ee728b)
Start importing Assets/ModularHousePack1/Prefabs/Modules/Roofs/Parts/RoofClosed_Tiles.prefab using Guid(eabfbd7f7e964744185267c5e2fb3d84) Importer(815301076,1909f56bfc062723c751e8b465ee728b) (PreviewImporter) -> (artifact id: 'd4e3eae34c61358ce08f4485fba2e412') in 0.0201186 seconds
Number of updated asset objects reloaded before import = 0Number of asset objects unloaded after import = 10

========================================================================
Received Import Request.
  Time since last request: 0.000017 seconds.
  path: Assets/ModularHousePack1/Prefabs/Modules/Roofs/Parts/RoofE_Ceiling.prefab
  artifactKey: Guid(528eb13c125f8024abca3261a8207604) Importer(815301076,1909f56bfc062723c751e8b465ee728b)
Start importing Assets/ModularHousePack1/Prefabs/Modules/Roofs/Parts/RoofE_Ceiling.prefab using Guid(528eb13c125f8024abca3261a8207604) Importer(815301076,1909f56bfc062723c751e8b465ee728b) (PreviewImporter) -> (artifact id: '852a53f4aaf69bab8116b0ef6bf633a4') in 0.0214951 seconds
Number of updated asset objects reloaded before import = 0Number of asset objects unloaded after import = 12

========================================================================
Received Import Request.
  Time since last request: 0.000027 seconds.
  path: Assets/ModularHousePack1/Prefabs/Modules/Roofs/Parts/RoofD1_Tiles.prefab
  artifactKey: Guid(6e310a6efdfd6c5439116defb8e0cc57) Importer(815301076,1909f56bfc062723c751e8b465ee728b)
Start importing Assets/ModularHousePack1/Prefabs/Modules/Roofs/Parts/RoofD1_Tiles.prefab using Guid(6e310a6efdfd6c5439116defb8e0cc57) Importer(815301076,1909f56bfc062723c751e8b465ee728b) (PreviewImporter) -> (artifact id: 'da998f66c0a37988e7e06be16ea1be46') in 0.0188942 seconds
Number of updated asset objects reloaded before import = 0Number of asset objects unloaded after import = 10

========================================================================
Received Import Request.
  Time since last request: 0.000022 seconds.
  path: Assets/ModularHousePack1/Prefabs/Modules/Roads/Parts/Road_3.prefab
  artifactKey: Guid(85f14fb04dda4ef4a977ec13bac7d97b) Importer(815301076,1909f56bfc062723c751e8b465ee728b)
Start importing Assets/ModularHousePack1/Prefabs/Modules/Roads/Parts/Road_3.prefab using Guid(85f14fb04dda4ef4a977ec13bac7d97b) Importer(815301076,1909f56bfc062723c751e8b465ee728b) (PreviewImporter) -> (artifact id: '7721766216705624bde3ad8ab275da77') in 0.0194799 seconds
Number of updated asset objects reloaded before import = 0Number of asset objects unloaded after import = 12

========================================================================
Received Import Request.
  Time since last request: 0.000024 seconds.
  path: Assets/ModularHousePack1/Prefabs/Modules/Roofs/Parts/RoofB_Clouses.prefab
  artifactKey: Guid(c61bec778b0c3d14c9af3a2e638e1976) Importer(815301076,1909f56bfc062723c751e8b465ee728b)
Start importing Assets/ModularHousePack1/Prefabs/Modules/Roofs/Parts/RoofB_Clouses.prefab using Guid(c61bec778b0c3d14c9af3a2e638e1976) Importer(815301076,1909f56bfc062723c751e8b465ee728b) (PreviewImporter) -> (artifact id: '2eec1e232b4322b148bbacd08051b8b4') in 0.0232265 seconds
Number of updated asset objects reloaded before import = 0Number of asset objects unloaded after import = 11

========================================================================
Received Import Request.
  Time since last request: 0.000072 seconds.
  path: Assets/ModularHousePack1/Prefabs/Modules/Roofs/Parts/RoofD2_Clouses.prefab
  artifactKey: Guid(391639c381eb136479f783cd266dec37) Importer(815301076,1909f56bfc062723c751e8b465ee728b)
Start importing Assets/ModularHousePack1/Prefabs/Modules/Roofs/Parts/RoofD2_Clouses.prefab using Guid(391639c381eb136479f783cd266dec37) Importer(815301076,1909f56bfc062723c751e8b465ee728b) (PreviewImporter) -> (artifact id: '55c90b075f3355f02ac527422c896a28') in 0.0162778 seconds
Number of updated asset objects reloaded before import = 0Number of asset objects unloaded after import = 11

========================================================================
Received Import Request.
  Time since last request: 0.000038 seconds.
  path: Assets/ModularHousePack1/Prefabs/Modules/Roofs/RoofD1.prefab
  artifactKey: Guid(d8bf8449b347a1148a056cadfeee4a2a) Importer(815301076,1909f56bfc062723c751e8b465ee728b)
Start importing Assets/ModularHousePack1/Prefabs/Modules/Roofs/RoofD1.prefab using Guid(d8bf8449b347a1148a056cadfeee4a2a) Importer(815301076,1909f56bfc062723c751e8b465ee728b) (PreviewImporter) -> (artifact id: '890cf3f38a719330252f0ccea93355ff') in 0.0423659 seconds
Number of updated asset objects reloaded before import = 0Number of asset objects unloaded after import = 51

========================================================================
Received Import Request.
  Time since last request: 0.000071 seconds.
  path: Assets/ModularHousePack1/Prefabs/Modules/Roofs/Parts/RoofE_Beam.prefab
  artifactKey: Guid(3a77cc1e6d1f12d4f8cf8796283491a1) Importer(815301076,1909f56bfc062723c751e8b465ee728b)
Start importing Assets/ModularHousePack1/Prefabs/Modules/Roofs/Parts/RoofE_Beam.prefab using Guid(3a77cc1e6d1f12d4f8cf8796283491a1) Importer(815301076,1909f56bfc062723c751e8b465ee728b) (PreviewImporter) -> (artifact id: 'def6f113e5ec260771dce6a63521640e') in 0.0188717 seconds
Number of updated asset objects reloaded before import = 0Number of asset objects unloaded after import = 11

========================================================================
Received Import Request.
  Time since last request: 0.086734 seconds.
  path: Assets/ModularHousePack1/Prefabs/Modules/Roofs/Parts/RoofF_Ceiling.prefab
  artifactKey: Guid(4ae1972b083f3074aae48fa2ec15f1ac) Importer(815301076,1909f56bfc062723c751e8b465ee728b)
Start importing Assets/ModularHousePack1/Prefabs/Modules/Roofs/Parts/RoofF_Ceiling.prefab using Guid(4ae1972b083f3074aae48fa2ec15f1ac) Importer(815301076,1909f56bfc062723c751e8b465ee728b) (PreviewImporter) -> (artifact id: '2869d659ce48eed57d5a46c1af171444') in 0.0177061 seconds
Number of updated asset objects reloaded before import = 0Number of asset objects unloaded after import = 12

========================================================================
Received Import Request.
  Time since last request: 0.000016 seconds.
  path: Assets/ModularHousePack1/Prefabs/Modules/Roofs/Parts/RoofF_Tiles.prefab
  artifactKey: Guid(810661d0bb57ce145b0ae78cf86df192) Importer(815301076,1909f56bfc062723c751e8b465ee728b)
Start importing Assets/ModularHousePack1/Prefabs/Modules/Roofs/Parts/RoofF_Tiles.prefab using Guid(810661d0bb57ce145b0ae78cf86df192) Importer(815301076,1909f56bfc062723c751e8b465ee728b) (PreviewImporter) -> (artifact id: '15438ce58063c5d8cb1aa44214fad60a') in 0.0174573 seconds
Number of updated asset objects reloaded before import = 0Number of asset objects unloaded after import = 10

========================================================================
Received Import Request.
  Time since last request: 0.000016 seconds.
  path: Assets/ModularHousePack1/Prefabs/Modules/Roads/Parts/Sewer.prefab
  artifactKey: Guid(1b666f9f236058140a75290cef765719) Importer(815301076,1909f56bfc062723c751e8b465ee728b)
Start importing Assets/ModularHousePack1/Prefabs/Modules/Roads/Parts/Sewer.prefab using Guid(1b666f9f236058140a75290cef765719) Importer(815301076,1909f56bfc062723c751e8b465ee728b) (PreviewImporter) -> (artifact id: 'bb95f26d080a47bd44cdf9b9a2fe95d9') in 0.0202122 seconds
Number of updated asset objects reloaded before import = 0Number of asset objects unloaded after import = 12

========================================================================
Received Import Request.
  Time since last request: 0.000021 seconds.
  path: Assets/ModularHousePack1/Prefabs/Modules/Roads/Parts/Slab_1.prefab
  artifactKey: Guid(1f8b2aea4a19c6b49aa04d437ba257e2) Importer(815301076,1909f56bfc062723c751e8b465ee728b)
Start importing Assets/ModularHousePack1/Prefabs/Modules/Roads/Parts/Slab_1.prefab using Guid(1f8b2aea4a19c6b49aa04d437ba257e2) Importer(815301076,1909f56bfc062723c751e8b465ee728b) (PreviewImporter) -> (artifact id: '1c50c4dd42945874676718bebc390aa5') in 0.0178276 seconds
Number of updated asset objects reloaded before import = 0Number of asset objects unloaded after import = 12

========================================================================
Received Import Request.
  Time since last request: 0.000018 seconds.
  path: Assets/ModularHousePack1/Prefabs/Modules/Stairs/Parts/Stairs1_Guard.prefab
  artifactKey: Guid(5c7d652bea3c3ca438e059e72a7219b7) Importer(815301076,1909f56bfc062723c751e8b465ee728b)
Start importing Assets/ModularHousePack1/Prefabs/Modules/Stairs/Parts/Stairs1_Guard.prefab using Guid(5c7d652bea3c3ca438e059e72a7219b7) Importer(815301076,1909f56bfc062723c751e8b465ee728b) (PreviewImporter) -> (artifact id: '87e21d9dc258927eff22386f3bf536fc') in 0.018137 seconds
Number of updated asset objects reloaded before import = 0Number of asset objects unloaded after import = 11

========================================================================
Received Import Request.
  Time since last request: 0.000016 seconds.
  path: Assets/ModularHousePack1/Prefabs/Modules/Roads/Parts/Slab_2.prefab
  artifactKey: Guid(92cc69eae3f11624f97bada49aa65f7a) Importer(815301076,1909f56bfc062723c751e8b465ee728b)
Start importing Assets/ModularHousePack1/Prefabs/Modules/Roads/Parts/Slab_2.prefab using Guid(92cc69eae3f11624f97bada49aa65f7a) Importer(815301076,1909f56bfc062723c751e8b465ee728b) (PreviewImporter) -> (artifact id: 'ebb7fb2b9ae8fa797581ddb182ad133e') in 0.0180972 seconds
Number of updated asset objects reloaded before import = 0Number of asset objects unloaded after import = 12

========================================================================
Received Import Request.
  Time since last request: 0.000019 seconds.
  path: Assets/ModularHousePack1/Prefabs/Modules/Stairs/Parts/Stairs1_Floor.prefab
  artifactKey: Guid(536304d6ea17a7b41819286813e600dc) Importer(815301076,1909f56bfc062723c751e8b465ee728b)
Start importing Assets/ModularHousePack1/Prefabs/Modules/Stairs/Parts/Stairs1_Floor.prefab using Guid(536304d6ea17a7b41819286813e600dc) Importer(815301076,1909f56bfc062723c751e8b465ee728b) (PreviewImporter) -> (artifact id: '7b578128ca09e47d2eb6e54eb3edcb10') in 0.0165778 seconds
Number of updated asset objects reloaded before import = 0Number of asset objects unloaded after import = 11

========================================================================
Received Import Request.
  Time since last request: 0.000017 seconds.
  path: Assets/Kabungus/HouseholdItems/Prefabs/ScrewDriverBlue.prefab
  artifactKey: Guid(c36ccc69b1373a7499271ab12d1c5795) Importer(815301076,1909f56bfc062723c751e8b465ee728b)
Start importing Assets/Kabungus/HouseholdItems/Prefabs/ScrewDriverBlue.prefab using Guid(c36ccc69b1373a7499271ab12d1c5795) Importer(815301076,1909f56bfc062723c751e8b465ee728b) (PreviewImporter) -> (artifact id: '2786bb31db1d2407fae99252360b9670') in 0.0081583 seconds
Number of updated asset objects reloaded before import = 0Number of asset objects unloaded after import = 14

========================================================================
Received Import Request.
  Time since last request: 0.000018 seconds.
  path: Assets/ModularHousePack1/Prefabs/Modules/Stairs/Parts/Stairs1_FloorTop.prefab
  artifactKey: Guid(ac10460298944e040abcea3a527b33a4) Importer(815301076,1909f56bfc062723c751e8b465ee728b)
Start importing Assets/ModularHousePack1/Prefabs/Modules/Stairs/Parts/Stairs1_FloorTop.prefab using Guid(ac10460298944e040abcea3a527b33a4) Importer(815301076,1909f56bfc062723c751e8b465ee728b) (PreviewImporter) -> (artifact id: '366ceeeef5d5da2d2adac7a0002ec45d') in 0.0196431 seconds
Number of updated asset objects reloaded before import = 0Number of asset objects unloaded after import = 11

========================================================================
Received Import Request.
  Time since last request: 0.000018 seconds.
  path: Assets/ModularHousePack1/Prefabs/Modules/Roofs/RoofFlat.prefab
  artifactKey: Guid(5f472fdd4a3e8dc43b077bbcb652415a) Importer(815301076,1909f56bfc062723c751e8b465ee728b)
Start importing Assets/ModularHousePack1/Prefabs/Modules/Roofs/RoofFlat.prefab using Guid(5f472fdd4a3e8dc43b077bbcb652415a) Importer(815301076,1909f56bfc062723c751e8b465ee728b) (PreviewImporter) -> (artifact id: '4b8ea3a88337b65bb9d34fc6e52526e7') in 0.0361988 seconds
Number of updated asset objects reloaded before import = 0Number of asset objects unloaded after import = 51

========================================================================
Received Import Request.
  Time since last request: 0.146810 seconds.
  path: Assets/ModularHousePack1/Prefabs/Modules/Stairs/Parts/Stairs2_Hinges.prefab
  artifactKey: Guid(25a2a4ff15f259e418a5d790eed5d451) Importer(815301076,1909f56bfc062723c751e8b465ee728b)
Start importing Assets/ModularHousePack1/Prefabs/Modules/Stairs/Parts/Stairs2_Hinges.prefab using Guid(25a2a4ff15f259e418a5d790eed5d451) Importer(815301076,1909f56bfc062723c751e8b465ee728b) (PreviewImporter) -> (artifact id: '4de02c0b118a4c18dea174f55898e071') in 0.0214421 seconds
Number of updated asset objects reloaded before import = 0Number of asset objects unloaded after import = 12

========================================================================
Received Import Request.
  Time since last request: 0.000028 seconds.
  path: Assets/ModularHousePack1/Prefabs/Modules/Stairs/Parts/Stairs2_Support.prefab
  artifactKey: Guid(ec16c9a697e22d84ba9df62d52e53755) Importer(815301076,1909f56bfc062723c751e8b465ee728b)
Start importing Assets/ModularHousePack1/Prefabs/Modules/Stairs/Parts/Stairs2_Support.prefab using Guid(ec16c9a697e22d84ba9df62d52e53755) Importer(815301076,1909f56bfc062723c751e8b465ee728b) (PreviewImporter) -> (artifact id: 'f98790d69a2d4b1726eb0082691e69f7') in 0.0236237 seconds
Number of updated asset objects reloaded before import = 0Number of asset objects unloaded after import = 12

========================================================================
Received Import Request.
  Time since last request: 0.000018 seconds.
  path: Assets/ModularHousePack1/Prefabs/Modules/Stairs/Stairs_1C.prefab
  artifactKey: Guid(5b2c98a592c5c86428e36ea6a85911d1) Importer(815301076,1909f56bfc062723c751e8b465ee728b)
Start importing Assets/ModularHousePack1/Prefabs/Modules/Stairs/Stairs_1C.prefab using Guid(5b2c98a592c5c86428e36ea6a85911d1) Importer(815301076,1909f56bfc062723c751e8b465ee728b) (PreviewImporter) -> (artifact id: 'cbc6facf51f6ce18754f84c9ca199260') in 0.0744608 seconds
Number of updated asset objects reloaded before import = 0Number of asset objects unloaded after import = 180

========================================================================
Received Import Request.
  Time since last request: 0.000057 seconds.
  path: Assets/ModularHousePack1/Prefabs/Modules/Stairs/Stairs_4A.prefab
  artifactKey: Guid(3ef7ccb589cd5c24790af1ae146d1a24) Importer(815301076,1909f56bfc062723c751e8b465ee728b)
Start importing Assets/ModularHousePack1/Prefabs/Modules/Stairs/Stairs_4A.prefab using Guid(3ef7ccb589cd5c24790af1ae146d1a24) Importer(815301076,1909f56bfc062723c751e8b465ee728b) (PreviewImporter) -> (artifact id: 'ba2a575022195046ce55bbd9782f780f') in 0.0800185 seconds
Number of updated asset objects reloaded before import = 0Number of asset objects unloaded after import = 181

========================================================================
Received Import Request.
  Time since last request: 0.000039 seconds.
  path: Assets/ModularHousePack1/Prefabs/Modules/Stairs/Stairs_4B.prefab
  artifactKey: Guid(8e9d29f60e7f7f04e8a72005b29d3e32) Importer(815301076,1909f56bfc062723c751e8b465ee728b)
Start importing Assets/ModularHousePack1/Prefabs/Modules/Stairs/Stairs_4B.prefab using Guid(8e9d29f60e7f7f04e8a72005b29d3e32) Importer(815301076,1909f56bfc062723c751e8b465ee728b) (PreviewImporter) -> (artifact id: '55ee72545e4b3560823f82a941bb665c') in 0.0932913 seconds
Number of updated asset objects reloaded before import = 0Number of asset objects unloaded after import = 180

========================================================================
Received Import Request.
  Time since last request: 0.000031 seconds.
  path: Assets/ModularHousePack1/Prefabs/Modules/Stairs/Parts/Stairs2_Scuttle.prefab
  artifactKey: Guid(839d228ebea571e4188ed91904c54956) Importer(815301076,1909f56bfc062723c751e8b465ee728b)
Start importing Assets/ModularHousePack1/Prefabs/Modules/Stairs/Parts/Stairs2_Scuttle.prefab using Guid(839d228ebea571e4188ed91904c54956) Importer(815301076,1909f56bfc062723c751e8b465ee728b) (PreviewImporter) -> (artifact id: 'ea14a2515c61577ba4ab587a9e30a23c') in 0.0178332 seconds
Number of updated asset objects reloaded before import = 0Number of asset objects unloaded after import = 10

========================================================================
Received Import Request.
  Time since last request: 0.000026 seconds.
  path: Assets/Park Assets/Prefab/Stone2.prefab
  artifactKey: Guid(79545157ec163ca42a69410e962f7c1b) Importer(815301076,1909f56bfc062723c751e8b465ee728b)
Start importing Assets/Park Assets/Prefab/Stone2.prefab using Guid(79545157ec163ca42a69410e962f7c1b) Importer(815301076,1909f56bfc062723c751e8b465ee728b) (PreviewImporter) -> (artifact id: '15bf76a79ca7ab7ddd72746fcb229755') in 0.0116556 seconds
Number of updated asset objects reloaded before import = 0Number of asset objects unloaded after import = 10

========================================================================
Received Import Request.
  Time since last request: 0.000024 seconds.
  path: Assets/Park Assets/Prefab/Stone_Path_Bank.prefab
  artifactKey: Guid(092aabb8628e09e46ab22ed75bd34723) Importer(815301076,1909f56bfc062723c751e8b465ee728b)
Start importing Assets/Park Assets/Prefab/Stone_Path_Bank.prefab using Guid(092aabb8628e09e46ab22ed75bd34723) Importer(815301076,1909f56bfc062723c751e8b465ee728b) (PreviewImporter) -> (artifact id: '8f0ad2e95160a368188b02ad4aa4bd0a') in 0.0118334 seconds
Number of updated asset objects reloaded before import = 0Number of asset objects unloaded after import = 10

========================================================================
Received Import Request.
  Time since last request: 0.000022 seconds.
  path: Assets/Kabungus/HouseholdItems/Prefabs/TapeMeasurer.prefab
  artifactKey: Guid(3c32f03f928ef1c4a94f3109d8713b2b) Importer(815301076,1909f56bfc062723c751e8b465ee728b)
Start importing Assets/Kabungus/HouseholdItems/Prefabs/TapeMeasurer.prefab using Guid(3c32f03f928ef1c4a94f3109d8713b2b) Importer(815301076,1909f56bfc062723c751e8b465ee728b) (PreviewImporter) -> (artifact id: 'aa93f2e038c633a23a714910a91b087e') in 0.0112239 seconds
Number of updated asset objects reloaded before import = 0Number of asset objects unloaded after import = 14

========================================================================
Received Import Request.
  Time since last request: 0.000020 seconds.
  path: Assets/ModularHousePack1/Prefabs/Modules/Tiles/Tiles.prefab
  artifactKey: Guid(f065d5ccdda3baa4c917987a172ed394) Importer(815301076,1909f56bfc062723c751e8b465ee728b)
Start importing Assets/ModularHousePack1/Prefabs/Modules/Tiles/Tiles.prefab using Guid(f065d5ccdda3baa4c917987a172ed394) Importer(815301076,1909f56bfc062723c751e8b465ee728b) (PreviewImporter) -> (artifact id: '8d8fdcbbbd27aaafdb14a1bc8ca5c5e7') in 0.0342233 seconds
Number of updated asset objects reloaded before import = 0Number of asset objects unloaded after import = 12

========================================================================
Received Import Request.
  Time since last request: 0.000023 seconds.
  path: Assets/Park Assets/Prefab/Stone_Path_TPart.prefab
  artifactKey: Guid(c5781e87846ceb645852c2040bdb020b) Importer(815301076,1909f56bfc062723c751e8b465ee728b)
Start importing Assets/Park Assets/Prefab/Stone_Path_TPart.prefab using Guid(c5781e87846ceb645852c2040bdb020b) Importer(815301076,1909f56bfc062723c751e8b465ee728b) (PreviewImporter) -> (artifact id: '2fecc857cffa6c3ce045b6e787ce50cf') in 0.01018 seconds
Number of updated asset objects reloaded before import = 0Number of asset objects unloaded after import = 10

========================================================================
Received Import Request.
  Time since last request: 0.000026 seconds.
  path: Assets/ModularHousePack1/Prefabs/Modules/Walls/Wall_2D.prefab
  artifactKey: Guid(1ab80457fc91de548ba4eefde03ed9a6) Importer(815301076,1909f56bfc062723c751e8b465ee728b)
Start importing Assets/ModularHousePack1/Prefabs/Modules/Walls/Wall_2D.prefab using Guid(1ab80457fc91de548ba4eefde03ed9a6) Importer(815301076,1909f56bfc062723c751e8b465ee728b) (PreviewImporter) -> (artifact id: 'd7fda4a08e2007000798fef35190237f') in 0.0393956 seconds
Number of updated asset objects reloaded before import = 0Number of asset objects unloaded after import = 50

========================================================================
Received Import Request.
  Time since last request: 0.000028 seconds.
  path: Assets/Park Assets/Prefab/Tree1.prefab
  artifactKey: Guid(d0540a66e665f984eab241d84c8a9963) Importer(815301076,1909f56bfc062723c751e8b465ee728b)
Start importing Assets/Park Assets/Prefab/Tree1.prefab using Guid(d0540a66e665f984eab241d84c8a9963) Importer(815301076,1909f56bfc062723c751e8b465ee728b) (PreviewImporter) -> (artifact id: 'ef96b27fa573fa4b9989e11163bd04e9') in 0.008891 seconds
Number of updated asset objects reloaded before import = 0Number of asset objects unloaded after import = 10

========================================================================
Received Import Request.
  Time since last request: 0.000039 seconds.
  path: Assets/ModularHousePack1/Prefabs/Modules/Roads/Parts/Streetlight_Post.prefab
  artifactKey: Guid(984a81660ecdcf548a3c063812ba4ef2) Importer(815301076,1909f56bfc062723c751e8b465ee728b)
Start importing Assets/ModularHousePack1/Prefabs/Modules/Roads/Parts/Streetlight_Post.prefab using Guid(984a81660ecdcf548a3c063812ba4ef2) Importer(815301076,1909f56bfc062723c751e8b465ee728b) (PreviewImporter) -> (artifact id: 'e26ba5f11e261f339db9e397dabf72cd') in 0.0237731 seconds
Number of updated asset objects reloaded before import = 0Number of asset objects unloaded after import = 13

========================================================================
Received Import Request.
  Time since last request: 0.000025 seconds.
  path: Assets/ModularHousePack1/Prefabs/Modules/Window/Window_1C.prefab
  artifactKey: Guid(75ef4c58d855e574ebb65e9d55bd8c7e) Importer(815301076,1909f56bfc062723c751e8b465ee728b)
Start importing Assets/ModularHousePack1/Prefabs/Modules/Window/Window_1C.prefab using Guid(75ef4c58d855e574ebb65e9d55bd8c7e) Importer(815301076,1909f56bfc062723c751e8b465ee728b) (PreviewImporter) -> (artifact id: '260023e35a8551f25ceeaaef4d3373e3') in 0.1005099 seconds
Number of updated asset objects reloaded before import = 0Number of asset objects unloaded after import = 185

========================================================================
Received Import Request.
  Time since last request: 0.000064 seconds.
  path: Assets/ModularHousePack1/Prefabs/Modules/Walls/Wall_1C.prefab
  artifactKey: Guid(9ea994d7aba236048919b0df82377ea7) Importer(815301076,1909f56bfc062723c751e8b465ee728b)
Start importing Assets/ModularHousePack1/Prefabs/Modules/Walls/Wall_1C.prefab using Guid(9ea994d7aba236048919b0df82377ea7) Importer(815301076,1909f56bfc062723c751e8b465ee728b) (PreviewImporter) -> (artifact id: '5cae07092a5e53caf43232af803efeb5') in 0.032504 seconds
Number of updated asset objects reloaded before import = 0Number of asset objects unloaded after import = 24

========================================================================
Received Import Request.
  Time since last request: 2.851064 seconds.
  path: Assets/Materials/pm0026_00_BodyBInc.mat
  artifactKey: Guid(75cd1888407cc1a48898ed7c90f6855c) Importer(815301076,1909f56bfc062723c751e8b465ee728b)
Start importing Assets/Materials/pm0026_00_BodyBInc.mat using Guid(75cd1888407cc1a48898ed7c90f6855c) Importer(815301076,1909f56bfc062723c751e8b465ee728b) (PreviewImporter) -> (artifact id: 'eb8fdbe074ad95ab7274d10bdba958c1') in 0.1560031 seconds
Number of updated asset objects reloaded before import = 0Number of asset objects unloaded after import = 1

========================================================================
Received Import Request.
  Time since last request: 0.149383 seconds.
  path: Assets/Park Assets/Materials/Low_Poly_Mat_Variant1.mat
  artifactKey: Guid(9b72e6fbb8e97094396e14960b5c42a9) Importer(815301076,1909f56bfc062723c751e8b465ee728b)
Start importing Assets/Park Assets/Materials/Low_Poly_Mat_Variant1.mat using Guid(9b72e6fbb8e97094396e14960b5c42a9) Importer(815301076,1909f56bfc062723c751e8b465ee728b) (PreviewImporter) -> (artifact id: '12f907a7d1831aa4aa21212c960097ae') in 0.0083074 seconds
Number of updated asset objects reloaded before import = 0Number of asset objects unloaded after import = 2

========================================================================
Received Import Request.
  Time since last request: 0.033963 seconds.
  path: Assets/Materials/char16_detail_d3.mat
  artifactKey: Guid(42f35f6b09bc61244befda1720dd1a6f) Importer(815301076,1909f56bfc062723c751e8b465ee728b)
Start importing Assets/Materials/char16_detail_d3.mat using Guid(42f35f6b09bc61244befda1720dd1a6f) Importer(815301076,1909f56bfc062723c751e8b465ee728b) (PreviewImporter) -> (artifact id: 'c4efd244382a5c8ca6e90526d37ecc14') in 0.0082832 seconds
Number of updated asset objects reloaded before import = 0Number of asset objects unloaded after import = 2

========================================================================
Received Import Request.
  Time since last request: 0.000020 seconds.
  path: Assets/Materials/com_m_hea_cau04_skin_d_high.mat
  artifactKey: Guid(0b20addce065abf43a2b725755423b36) Importer(815301076,1909f56bfc062723c751e8b465ee728b)
Start importing Assets/Materials/com_m_hea_cau04_skin_d_high.mat using Guid(0b20addce065abf43a2b725755423b36) Importer(815301076,1909f56bfc062723c751e8b465ee728b) (PreviewImporter) -> (artifact id: 'f34fdebaa82817dbae40c44ff7cce854') in 0.019324 seconds
Number of updated asset objects reloaded before import = 0Number of asset objects unloaded after import = 2

========================================================================
Received Import Request.
  Time since last request: 0.000022 seconds.
  path: Assets/Materials/char16_hood_d_high.mat
  artifactKey: Guid(197976fbeab9d094cb5b247d4490c5df) Importer(815301076,1909f56bfc062723c751e8b465ee728b)
Start importing Assets/Materials/char16_hood_d_high.mat using Guid(197976fbeab9d094cb5b247d4490c5df) Importer(815301076,1909f56bfc062723c751e8b465ee728b) (PreviewImporter) -> (artifact id: '214caeb16d73aa1c152de604c3cd4fbf') in 0.0265844 seconds
Number of updated asset objects reloaded before import = 0Number of asset objects unloaded after import = 2

