Using pre-set license
Built from '2023.2/staging' branch; Version is '2023.2.20f1 (0e25a174756c) revision 927137'; Using compiler version '193431935'; Build Type 'Release'
OS: 'Windows 11  (10.0.22631) 64bit Core' Language: 'en' Physical Memory: 16251 MB
BatchMode: 1, IsHumanControllingUs: 0, StartBugReporterOnCrash: 0, Is64bit: 1, IsPro: 1

COMMAND LINE ARGUMENTS:
C:\Program Files\Unity 2023.2.20f1\Editor\Unity.exe
-adb2
-batchMode
-noUpm
-name
AssetImportWorker1
-projectPath
C:/Users/qqvoo/TestMap
-logFile
Logs/AssetImportWorker1.log
-srvPort
65047
-job-worker-count
5
-background-job-worker-count
8
-asset-garbage-collectors
1
Successfully changed project path to: C:/Users/qqvoo/TestMap
C:/Users/qqvoo/TestMap
[UnityMemory] Configuration Parameters - Can be set up in boot.config
    "memorysetup-bucket-allocator-granularity=16"
    "memorysetup-bucket-allocator-bucket-count=8"
    "memorysetup-bucket-allocator-block-size=33554432"
    "memorysetup-bucket-allocator-block-count=8"
    "memorysetup-main-allocator-block-size=16777216"
    "memorysetup-thread-allocator-block-size=16777216"
    "memorysetup-gfx-main-allocator-block-size=16777216"
    "memorysetup-gfx-thread-allocator-block-size=16777216"
    "memorysetup-cache-allocator-block-size=4194304"
    "memorysetup-typetree-allocator-block-size=2097152"
    "memorysetup-profiler-bucket-allocator-granularity=16"
    "memorysetup-profiler-bucket-allocator-bucket-count=8"
    "memorysetup-profiler-bucket-allocator-block-size=33554432"
    "memorysetup-profiler-bucket-allocator-block-count=8"
    "memorysetup-profiler-allocator-block-size=16777216"
    "memorysetup-profiler-editor-allocator-block-size=1048576"
    "memorysetup-temp-allocator-size-main=16777216"
    "memorysetup-job-temp-allocator-block-size=2097152"
    "memorysetup-job-temp-allocator-block-size-background=1048576"
    "memorysetup-job-temp-allocator-reduction-small-platforms=262144"
    "memorysetup-allocator-temp-initial-block-size-main=262144"
    "memorysetup-allocator-temp-initial-block-size-worker=262144"
    "memorysetup-temp-allocator-size-background-worker=32768"
    "memorysetup-temp-allocator-size-job-worker=262144"
    "memorysetup-temp-allocator-size-preload-manager=33554432"
    "memorysetup-temp-allocator-size-nav-mesh-worker=65536"
    "memorysetup-temp-allocator-size-audio-worker=65536"
    "memorysetup-temp-allocator-size-cloud-worker=32768"
    "memorysetup-temp-allocator-size-gi-baking-worker=262144"
    "memorysetup-temp-allocator-size-gi-baking-worker=262144"
    "memorysetup-temp-allocator-size-gi-baking-worker=262144"
    "memorysetup-temp-allocator-size-gi-baking-worker=262144"
    "memorysetup-temp-allocator-size-gfx=262144"
Player connection [33464] Host "[IP] 192.168.1.106 [Port] 0 [Flags] 2 [Guid] 3280336499 [EditorId] 3280336499 [Version] 1048832 [Id] WindowsEditor(7,LAPTOP-7OJ65J5B) [Debug] 1 [PackageName] WindowsEditor [ProjectName] Editor" joined multi-casting on [225.0.0.222:54997]...
Player connection [33464] Host "[IP] 192.168.1.106 [Port] 0 [Flags] 2 [Guid] 3280336499 [EditorId] 3280336499 [Version] 1048832 [Id] WindowsEditor(7,LAPTOP-7OJ65J5B) [Debug] 1 [PackageName] WindowsEditor [ProjectName] Editor" joined alternative multi-casting on [225.0.0.222:34997]...
JobSystem: Creating JobQueue using job-worker-count value 5
[Physics::Module] Initialized MultithreadedJobDispatcher with 5 workers.
Library Redirect Path: Library/
Refreshing native plugins compatible for Editor in 12.57 ms, found 3 plugins.
Preloading 0 native plugins for Editor in 0.00 ms.
Initialize engine version: 2023.2.20f1 (0e25a174756c)
[Subsystems] Discovering subsystems at path C:/Program Files/Unity 2023.2.20f1/Editor/Data/Resources/UnitySubsystems
[Subsystems] Discovering subsystems at path C:/Users/qqvoo/TestMap/Assets
GfxDevice: creating device client; kGfxThreadingModeNonThreaded
Direct3D:
    Version:  Direct3D 11.0 [level 11.1]
    Renderer: NVIDIA GeForce GTX 1650 (ID=0x1f99)
    Vendor:   NVIDIA
    VRAM:     3962 MB
    Driver:   27.21.14.6230
Initialize mono
Mono path[0] = 'C:/Program Files/Unity 2023.2.20f1/Editor/Data/Managed'
Mono path[1] = 'C:/Program Files/Unity 2023.2.20f1/Editor/Data/MonoBleedingEdge/lib/mono/unityjit-win32'
Mono config path = 'C:/Program Files/Unity 2023.2.20f1/Editor/Data/MonoBleedingEdge/etc'
Using monoOptions --debugger-agent=transport=dt_socket,embedding=1,server=y,suspend=n,address=127.0.0.1:56540
Begin MonoManager ReloadAssembly
Registering precompiled unity dll's ...
Register platform support module: C:/Program Files/Unity 2023.2.20f1/Editor/Data/PlaybackEngines/WebGLSupport/UnityEditor.WebGL.Extensions.dll
Register platform support module: C:/Program Files/Unity 2023.2.20f1/Editor/Data/PlaybackEngines/WindowsStandaloneSupport/UnityEditor.WindowsStandalone.Extensions.dll
Register platform support module: C:/Program Files/Unity 2023.2.20f1/Editor/Data/PlaybackEngines/AndroidPlayer/UnityEditor.Android.Extensions.dll
Registered in 0.013413 seconds.
- Loaded All Assemblies, in  0.714 seconds
Native extension for Android target not found
Native extension for WindowsStandalone target not found
Native extension for WebGL target not found
Mono: successfully reloaded assembly
- Finished resetting the current domain, in  0.475 seconds
Domain Reload Profiling: 1182ms
	BeginReloadAssembly (291ms)
		ExecutionOrderSort (0ms)
		DisableScriptedObjects (0ms)
		BackupInstance (0ms)
		ReleaseScriptingObjects (0ms)
		CreateAndSetChildDomain (2ms)
	RebuildCommonClasses (59ms)
	RebuildNativeTypeToScriptingClass (15ms)
	initialDomainReloadingComplete (91ms)
	LoadAllAssembliesAndSetupDomain (250ms)
		LoadAssemblies (280ms)
		RebuildTransferFunctionScriptingTraits (0ms)
		AnalyzeDomain (245ms)
			TypeCache.Refresh (244ms)
				TypeCache.ScanAssembly (227ms)
			BuildScriptInfoCaches (0ms)
			ResolveRequiredComponents (1ms)
	FinalizeReload (476ms)
		ReleaseScriptCaches (0ms)
		RebuildScriptCaches (0ms)
		SetupLoadedEditorAssemblies (411ms)
			LogAssemblyErrors (0ms)
			InitializePlatformSupportModulesInManaged (102ms)
			SetLoadedEditorAssemblies (4ms)
			BeforeProcessingInitializeOnLoad (7ms)
			ProcessInitializeOnLoadAttributes (221ms)
			ProcessInitializeOnLoadMethodAttributes (76ms)
			AfterProcessingInitializeOnLoad (0ms)
			EditorAssembliesLoaded (0ms)
		ExecutionOrderSort2 (0ms)
		AwakeInstancesAfterBackupRestoration (0ms)
========================================================================
Worker process is ready to serve import requests
Import Worker Mode flag is 0x00
Begin MonoManager ReloadAssembly
Symbol file LoadedFromMemory doesn't match image C:\Users\qqvoo\TestMap\Library\PackageCache\com.unity.visualscripting@1.8.0\Editor\VisualScripting.Core\Dependencies\YamlDotNet\Unity.VisualScripting.YamlDotNet.dll
Symbol file LoadedFromMemory doesn't match image C:\Users\qqvoo\TestMap\Library\PackageCache\com.unity.visualscripting@1.8.0\Editor\VisualScripting.Core\Dependencies\DotNetZip\Unity.VisualScripting.IonicZip.dll
- Loaded All Assemblies, in  1.732 seconds
Refreshing native plugins compatible for Editor in 1.13 ms, found 3 plugins.
Native extension for Android target not found
Native extension for WindowsStandalone target not found
Native extension for WebGL target not found
Mono: successfully reloaded assembly
- Finished resetting the current domain, in  0.805 seconds
Domain Reload Profiling: 2529ms
	BeginReloadAssembly (947ms)
		ExecutionOrderSort (0ms)
		DisableScriptedObjects (10ms)
		BackupInstance (0ms)
		ReleaseScriptingObjects (0ms)
		CreateAndSetChildDomain (37ms)
	RebuildCommonClasses (58ms)
	RebuildNativeTypeToScriptingClass (22ms)
	initialDomainReloadingComplete (54ms)
	LoadAllAssembliesAndSetupDomain (643ms)
		LoadAssemblies (559ms)
		RebuildTransferFunctionScriptingTraits (0ms)
		AnalyzeDomain (237ms)
			TypeCache.Refresh (197ms)
				TypeCache.ScanAssembly (173ms)
			BuildScriptInfoCaches (29ms)
			ResolveRequiredComponents (6ms)
	FinalizeReload (806ms)
		ReleaseScriptCaches (0ms)
		RebuildScriptCaches (0ms)
		SetupLoadedEditorAssemblies (564ms)
			LogAssemblyErrors (0ms)
			InitializePlatformSupportModulesInManaged (28ms)
			SetLoadedEditorAssemblies (7ms)
			BeforeProcessingInitializeOnLoad (71ms)
			ProcessInitializeOnLoadAttributes (418ms)
			ProcessInitializeOnLoadMethodAttributes (27ms)
			AfterProcessingInitializeOnLoad (14ms)
			EditorAssembliesLoaded (0ms)
		ExecutionOrderSort2 (0ms)
		AwakeInstancesAfterBackupRestoration (14ms)
Launched and connected shader compiler UnityShaderCompiler.exe after 0.01 seconds
Refreshing native plugins compatible for Editor in 2.33 ms, found 3 plugins.
Preloading 0 native plugins for Editor in 0.00 ms.
Unloading 11 Unused Serialized files (Serialized files now loaded: 0)
Unloading 3196 unused Assets / (1.1 MB). Loaded Objects now: 3794.
Memory consumption went from 106.0 MB to 104.9 MB.
Total: 9.000100 ms (FindLiveObjects: 0.494300 ms CreateObjectMapping: 0.689200 ms MarkObjects: 6.230600 ms  DeleteObjects: 1.584500 ms)

========================================================================
Received Import Request.
  Time since last request: 1228805.219492 seconds.
  path: Assets/ModularHousePack1/Prefabs/Modules/Corners/Corner_1C.prefab
  artifactKey: Guid(4ae54769fcea78749b2aeaec06e8a5c8) Importer(815301076,1909f56bfc062723c751e8b465ee728b)
Start importing Assets/ModularHousePack1/Prefabs/Modules/Corners/Corner_1C.prefab using Guid(4ae54769fcea78749b2aeaec06e8a5c8) Importer(815301076,1909f56bfc062723c751e8b465ee728b) (PreviewImporter) -> (artifact id: 'e1cdceb275981afdbf8c0b52005914f8') in 0.2213135 seconds
Number of updated asset objects reloaded before import = 0Number of asset objects unloaded after import = 42

========================================================================
Received Import Request.
  Time since last request: 0.000022 seconds.
  path: Assets/Kabungus/HouseholdItems/Prefabs/BookRed.prefab
  artifactKey: Guid(667648ba453719e4683cbbab5e2b30c8) Importer(815301076,1909f56bfc062723c751e8b465ee728b)
Start importing Assets/Kabungus/HouseholdItems/Prefabs/BookRed.prefab using Guid(667648ba453719e4683cbbab5e2b30c8) Importer(815301076,1909f56bfc062723c751e8b465ee728b) (PreviewImporter) -> (artifact id: 'd642d69ef1cdd6eccd330685330306d4') in 0.0162506 seconds
Number of updated asset objects reloaded before import = 0Number of asset objects unloaded after import = 14

========================================================================
Received Import Request.
  Time since last request: 0.000029 seconds.
  path: Assets/Kabungus/HouseholdItems/Models/Hatchet2.fbx
  artifactKey: Guid(a8a4d20ce77d57145937695d1c21eef2) Importer(815301076,1909f56bfc062723c751e8b465ee728b)
Start importing Assets/Kabungus/HouseholdItems/Models/Hatchet2.fbx using Guid(a8a4d20ce77d57145937695d1c21eef2) Importer(815301076,1909f56bfc062723c751e8b465ee728b) (PreviewImporter) -> (artifact id: 'f196f57fff01d2a2759da25eadc2f81a') in 0.0530543 seconds
Number of updated asset objects reloaded before import = 0Number of asset objects unloaded after import = 9

========================================================================
Received Import Request.
  Time since last request: 0.000021 seconds.
  path: Assets/Kabungus/HouseholdItems/Models/Plate_001.fbx
  artifactKey: Guid(136a21140d24ad1498cc9e9a9aef5330) Importer(815301076,1909f56bfc062723c751e8b465ee728b)
Start importing Assets/Kabungus/HouseholdItems/Models/Plate_001.fbx using Guid(136a21140d24ad1498cc9e9a9aef5330) Importer(815301076,1909f56bfc062723c751e8b465ee728b) (PreviewImporter) -> (artifact id: '73ec9077dbd030bfac482d5824de2714') in 0.0156717 seconds
Number of updated asset objects reloaded before import = 0Number of asset objects unloaded after import = 9

========================================================================
Received Import Request.
  Time since last request: 0.000021 seconds.
  path: Assets/Kabungus/HouseholdItems/Models/Plate.fbx
  artifactKey: Guid(c63d3cf29a511214f9335bbcfd0979c7) Importer(815301076,1909f56bfc062723c751e8b465ee728b)
Start importing Assets/Kabungus/HouseholdItems/Models/Plate.fbx using Guid(c63d3cf29a511214f9335bbcfd0979c7) Importer(815301076,1909f56bfc062723c751e8b465ee728b) (PreviewImporter) -> (artifact id: '186210a844f23c9ae0e68063d88dac1f') in 0.018184 seconds
Number of updated asset objects reloaded before import = 0Number of asset objects unloaded after import = 9

========================================================================
Received Import Request.
  Time since last request: 0.000019 seconds.
  path: Assets/Kabungus/HouseholdItems/Models/FastFoodCupGreen.fbx
  artifactKey: Guid(a2755a7d91fd4c847b80b09deb54ec58) Importer(815301076,1909f56bfc062723c751e8b465ee728b)
Start importing Assets/Kabungus/HouseholdItems/Models/FastFoodCupGreen.fbx using Guid(a2755a7d91fd4c847b80b09deb54ec58) Importer(815301076,1909f56bfc062723c751e8b465ee728b) (PreviewImporter) -> (artifact id: 'cfbe4a631dd0ed4c5d969f7d6fc53f11') in 0.0195878 seconds
Number of updated asset objects reloaded before import = 0Number of asset objects unloaded after import = 9

========================================================================
Received Import Request.
  Time since last request: 0.000016 seconds.
  path: Assets/Kabungus/HouseholdItems/Models/Plunger.fbx
  artifactKey: Guid(240aa151473f7404c8455dfb4869b593) Importer(815301076,1909f56bfc062723c751e8b465ee728b)
Start importing Assets/Kabungus/HouseholdItems/Models/Plunger.fbx using Guid(240aa151473f7404c8455dfb4869b593) Importer(815301076,1909f56bfc062723c751e8b465ee728b) (PreviewImporter) -> (artifact id: 'ac71b976839ff4624c775acf6919c153') in 0.01618 seconds
Number of updated asset objects reloaded before import = 0Number of asset objects unloaded after import = 9

========================================================================
Received Import Request.
  Time since last request: 0.000016 seconds.
  path: Assets/Kabungus/HouseholdItems/Models/Pencil.fbx
  artifactKey: Guid(f01bbbba18169ee45a46e36fe3cbc1f8) Importer(815301076,1909f56bfc062723c751e8b465ee728b)
Start importing Assets/Kabungus/HouseholdItems/Models/Pencil.fbx using Guid(f01bbbba18169ee45a46e36fe3cbc1f8) Importer(815301076,1909f56bfc062723c751e8b465ee728b) (PreviewImporter) -> (artifact id: '1d20336aa3ea81aafbd39639ff5858dd') in 0.0167927 seconds
Number of updated asset objects reloaded before import = 0Number of asset objects unloaded after import = 9

========================================================================
Received Import Request.
  Time since last request: 0.000015 seconds.
  path: Assets/Kabungus/HouseholdItems/Models/Hammer2.fbx
  artifactKey: Guid(711d74a3645060e43b4c6c2cc20c54bd) Importer(815301076,1909f56bfc062723c751e8b465ee728b)
Start importing Assets/Kabungus/HouseholdItems/Models/Hammer2.fbx using Guid(711d74a3645060e43b4c6c2cc20c54bd) Importer(815301076,1909f56bfc062723c751e8b465ee728b) (PreviewImporter) -> (artifact id: '85d5662d67e00037f592e65d2ecbe90f') in 0.0203668 seconds
Number of updated asset objects reloaded before import = 0Number of asset objects unloaded after import = 9

========================================================================
Received Import Request.
  Time since last request: 0.000098 seconds.
  path: Assets/Kabungus/HouseholdItems/Models/ToolboxRed.fbx
  artifactKey: Guid(06ad15d7819965f47936bc40e4e8be40) Importer(815301076,1909f56bfc062723c751e8b465ee728b)
Start importing Assets/Kabungus/HouseholdItems/Models/ToolboxRed.fbx using Guid(06ad15d7819965f47936bc40e4e8be40) Importer(815301076,1909f56bfc062723c751e8b465ee728b) (PreviewImporter) -> (artifact id: '956c706cefdf725234c2f19fcbb521ea') in 0.0319642 seconds
Number of updated asset objects reloaded before import = 0Number of asset objects unloaded after import = 16

========================================================================
Received Import Request.
  Time since last request: 0.000016 seconds.
  path: Assets/Kabungus/HouseholdItems/Prefabs/Bottle3Green.prefab
  artifactKey: Guid(2260358c0fd9a044ab0141803f0a4632) Importer(815301076,1909f56bfc062723c751e8b465ee728b)
Start importing Assets/Kabungus/HouseholdItems/Prefabs/Bottle3Green.prefab using Guid(2260358c0fd9a044ab0141803f0a4632) Importer(815301076,1909f56bfc062723c751e8b465ee728b) (PreviewImporter) -> (artifact id: 'a767c116e08796ed4c5b3dcdaee3bbdc') in 0.0079381 seconds
Number of updated asset objects reloaded before import = 0Number of asset objects unloaded after import = 14

========================================================================
Received Import Request.
  Time since last request: 0.000013 seconds.
  path: Assets/Park Assets/Prefab/Bench.prefab
  artifactKey: Guid(ed1dfd226a8bf2f418f812b254707036) Importer(815301076,1909f56bfc062723c751e8b465ee728b)
Start importing Assets/Park Assets/Prefab/Bench.prefab using Guid(ed1dfd226a8bf2f418f812b254707036) Importer(815301076,1909f56bfc062723c751e8b465ee728b) (PreviewImporter) -> (artifact id: 'c0272096a524a4ed2af39c8f1c53ab04') in 0.0120523 seconds
Number of updated asset objects reloaded before import = 0Number of asset objects unloaded after import = 10

========================================================================
Received Import Request.
  Time since last request: 0.000019 seconds.
  path: Assets/Kabungus/HouseholdItems/Models/SmartPhoneRed.fbx
  artifactKey: Guid(28eb9a45e5f433341968dea07ca7f7de) Importer(815301076,1909f56bfc062723c751e8b465ee728b)
Start importing Assets/Kabungus/HouseholdItems/Models/SmartPhoneRed.fbx using Guid(28eb9a45e5f433341968dea07ca7f7de) Importer(815301076,1909f56bfc062723c751e8b465ee728b) (PreviewImporter) -> (artifact id: '2b5d344d3d5eb40136b9be702e8f67cb') in 0.0147275 seconds
Number of updated asset objects reloaded before import = 0Number of asset objects unloaded after import = 9

========================================================================
Received Import Request.
  Time since last request: 0.000032 seconds.
  path: Assets/Kabungus/HouseholdItems/Prefabs/BeerMug.prefab
  artifactKey: Guid(627fae74f501f9244a9803474bc88873) Importer(815301076,1909f56bfc062723c751e8b465ee728b)
Start importing Assets/Kabungus/HouseholdItems/Prefabs/BeerMug.prefab using Guid(627fae74f501f9244a9803474bc88873) Importer(815301076,1909f56bfc062723c751e8b465ee728b) (PreviewImporter) -> (artifact id: '8bd87a8cca49dae261921df2cb8d4ed1') in 0.007397 seconds
Number of updated asset objects reloaded before import = 0Number of asset objects unloaded after import = 14

========================================================================
Received Import Request.
  Time since last request: 0.000015 seconds.
  path: Assets/Kabungus/HouseholdItems/Models/Syringe.fbx
  artifactKey: Guid(bb11b1f863717c644bf61239bcf9040b) Importer(815301076,1909f56bfc062723c751e8b465ee728b)
Start importing Assets/Kabungus/HouseholdItems/Models/Syringe.fbx using Guid(bb11b1f863717c644bf61239bcf9040b) Importer(815301076,1909f56bfc062723c751e8b465ee728b) (PreviewImporter) -> (artifact id: 'e72840b850e6ff308537cd0bfd217ae2') in 0.0157716 seconds
Number of updated asset objects reloaded before import = 0Number of asset objects unloaded after import = 9

========================================================================
Received Import Request.
  Time since last request: 0.000020 seconds.
  path: Assets/ModularHousePack1/Prefabs/Modules/Corners/Corner_1B.prefab
  artifactKey: Guid(b5e6bbb6736e16843b9a652e94cd7008) Importer(815301076,1909f56bfc062723c751e8b465ee728b)
Start importing Assets/ModularHousePack1/Prefabs/Modules/Corners/Corner_1B.prefab using Guid(b5e6bbb6736e16843b9a652e94cd7008) Importer(815301076,1909f56bfc062723c751e8b465ee728b) (PreviewImporter) -> (artifact id: '550a85e720370eeeef56985b4c5bad6b') in 0.0504318 seconds
Number of updated asset objects reloaded before import = 0Number of asset objects unloaded after import = 58

========================================================================
Received Import Request.
  Time since last request: 0.000020 seconds.
  path: Assets/Kabungus/HouseholdItems/Prefabs/Bandages.prefab
  artifactKey: Guid(b2ca064993d295c48bc82d03be79531a) Importer(815301076,1909f56bfc062723c751e8b465ee728b)
Start importing Assets/Kabungus/HouseholdItems/Prefabs/Bandages.prefab using Guid(b2ca064993d295c48bc82d03be79531a) Importer(815301076,1909f56bfc062723c751e8b465ee728b) (PreviewImporter) -> (artifact id: '91d283f0586dad78e3938b73f9f8ded1') in 0.0123112 seconds
Number of updated asset objects reloaded before import = 0Number of asset objects unloaded after import = 14

========================================================================
Received Import Request.
  Time since last request: 0.000018 seconds.
  path: Assets/Kabungus/HouseholdItems/Prefabs/Bottle3.prefab
  artifactKey: Guid(e72a7b599e40e6442be4ecac77d5b794) Importer(815301076,1909f56bfc062723c751e8b465ee728b)
Start importing Assets/Kabungus/HouseholdItems/Prefabs/Bottle3.prefab using Guid(e72a7b599e40e6442be4ecac77d5b794) Importer(815301076,1909f56bfc062723c751e8b465ee728b) (PreviewImporter) -> (artifact id: 'c2a0db7d1958a9a81a8e63d74da0f276') in 0.0071153 seconds
Number of updated asset objects reloaded before import = 0Number of asset objects unloaded after import = 14

========================================================================
Received Import Request.
  Time since last request: 0.000072 seconds.
  path: Assets/Kabungus/HouseholdItems/Models/Goblet.fbx
  artifactKey: Guid(ec0ae1985031c5d49a94fc3c5c1877c2) Importer(815301076,1909f56bfc062723c751e8b465ee728b)
Start importing Assets/Kabungus/HouseholdItems/Models/Goblet.fbx using Guid(ec0ae1985031c5d49a94fc3c5c1877c2) Importer(815301076,1909f56bfc062723c751e8b465ee728b) (PreviewImporter) -> (artifact id: '9973d15e9bbefa68b2e47a0a366c9622') in 0.01748 seconds
Number of updated asset objects reloaded before import = 0Number of asset objects unloaded after import = 9

========================================================================
Received Import Request.
  Time since last request: 0.000023 seconds.
  path: Assets/Kabungus/HouseholdItems/Prefabs/Bottle1.prefab
  artifactKey: Guid(e1b446070dd325d4b91368103e801e98) Importer(815301076,1909f56bfc062723c751e8b465ee728b)
Start importing Assets/Kabungus/HouseholdItems/Prefabs/Bottle1.prefab using Guid(e1b446070dd325d4b91368103e801e98) Importer(815301076,1909f56bfc062723c751e8b465ee728b) (PreviewImporter) -> (artifact id: 'f1cf87162a3a296dbeadc7fac7fb5dd7') in 0.0097798 seconds
Number of updated asset objects reloaded before import = 0Number of asset objects unloaded after import = 14

========================================================================
Received Import Request.
  Time since last request: 0.000017 seconds.
  path: Assets/Kabungus/HouseholdItems/Models/MilkCartonBlue.fbx
  artifactKey: Guid(199d563ea104d0448a487270a4cf4e63) Importer(815301076,1909f56bfc062723c751e8b465ee728b)
Start importing Assets/Kabungus/HouseholdItems/Models/MilkCartonBlue.fbx using Guid(199d563ea104d0448a487270a4cf4e63) Importer(815301076,1909f56bfc062723c751e8b465ee728b) (PreviewImporter) -> (artifact id: 'd83185ab04bb5fef2bb9c9880bbf0033') in 0.0141269 seconds
Number of updated asset objects reloaded before import = 0Number of asset objects unloaded after import = 9

========================================================================
Received Import Request.
  Time since last request: 0.000015 seconds.
  path: Assets/Kabungus/HouseholdItems/Models/Hatchet.fbx
  artifactKey: Guid(c3489ed0cb4476b429f04de9f89b0a6c) Importer(815301076,1909f56bfc062723c751e8b465ee728b)
Start importing Assets/Kabungus/HouseholdItems/Models/Hatchet.fbx using Guid(c3489ed0cb4476b429f04de9f89b0a6c) Importer(815301076,1909f56bfc062723c751e8b465ee728b) (PreviewImporter) -> (artifact id: '00f41e1077f78dd13aa1a445f24ce102') in 0.0198877 seconds
Number of updated asset objects reloaded before import = 0Number of asset objects unloaded after import = 9

========================================================================
Received Import Request.
  Time since last request: 0.000063 seconds.
  path: Assets/Kabungus/HouseholdItems/Models/Table.fbx
  artifactKey: Guid(8ef9da9f9972498419596d02c2f570ae) Importer(815301076,1909f56bfc062723c751e8b465ee728b)
Start importing Assets/Kabungus/HouseholdItems/Models/Table.fbx using Guid(8ef9da9f9972498419596d02c2f570ae) Importer(815301076,1909f56bfc062723c751e8b465ee728b) (PreviewImporter) -> (artifact id: 'd6ba9266d3d586ea18d93c072eeaef0a') in 0.0212601 seconds
Number of updated asset objects reloaded before import = 0Number of asset objects unloaded after import = 9

========================================================================
Received Import Request.
  Time since last request: 0.000026 seconds.
  path: Assets/Kabungus/HouseholdItems/Models/Mug_001.fbx
  artifactKey: Guid(473f1a99c0b186949b372e342d40a357) Importer(815301076,1909f56bfc062723c751e8b465ee728b)
Start importing Assets/Kabungus/HouseholdItems/Models/Mug_001.fbx using Guid(473f1a99c0b186949b372e342d40a357) Importer(815301076,1909f56bfc062723c751e8b465ee728b) (PreviewImporter) -> (artifact id: '7373db4cd4b5ed68fb72471f2bcc5872') in 0.0205532 seconds
Number of updated asset objects reloaded before import = 0Number of asset objects unloaded after import = 9

========================================================================
Received Import Request.
  Time since last request: 0.000025 seconds.
  path: Assets/Kabungus/HouseholdItems/Prefabs/Camera.prefab
  artifactKey: Guid(5c5462b9a15f5e442aa389b9dc213fd0) Importer(815301076,1909f56bfc062723c751e8b465ee728b)
Start importing Assets/Kabungus/HouseholdItems/Prefabs/Camera.prefab using Guid(5c5462b9a15f5e442aa389b9dc213fd0) Importer(815301076,1909f56bfc062723c751e8b465ee728b) (PreviewImporter) -> (artifact id: '0036ae2bdc6a87c8119ab9f64724305c') in 0.0100593 seconds
Number of updated asset objects reloaded before import = 0Number of asset objects unloaded after import = 14

========================================================================
Received Import Request.
  Time since last request: 0.000027 seconds.
  path: Assets/Kabungus/HouseholdItems/Prefabs/Bowl.prefab
  artifactKey: Guid(222e29f4641dd134c9cef94233265b12) Importer(815301076,1909f56bfc062723c751e8b465ee728b)
Start importing Assets/Kabungus/HouseholdItems/Prefabs/Bowl.prefab using Guid(222e29f4641dd134c9cef94233265b12) Importer(815301076,1909f56bfc062723c751e8b465ee728b) (PreviewImporter) -> (artifact id: 'f28d649f1402d85480a9b3ecbe4f8324') in 0.0083439 seconds
Number of updated asset objects reloaded before import = 0Number of asset objects unloaded after import = 14

========================================================================
Received Import Request.
  Time since last request: 0.000020 seconds.
  path: Assets/Kabungus/HouseholdItems/Models/FastCoffeeCupRed.fbx
  artifactKey: Guid(b18a3a85eee41da4c8ee7b64e142639c) Importer(815301076,1909f56bfc062723c751e8b465ee728b)
Start importing Assets/Kabungus/HouseholdItems/Models/FastCoffeeCupRed.fbx using Guid(b18a3a85eee41da4c8ee7b64e142639c) Importer(815301076,1909f56bfc062723c751e8b465ee728b) (PreviewImporter) -> (artifact id: '67b209c888af004de044e0d1965b1fe6') in 0.0173175 seconds
Number of updated asset objects reloaded before import = 0Number of asset objects unloaded after import = 9

========================================================================
Received Import Request.
  Time since last request: 0.000020 seconds.
  path: Assets/Kabungus/HouseholdItems/Models/SmartPhoneBlue.fbx
  artifactKey: Guid(8e2067e9391ba0340be613d24391da10) Importer(815301076,1909f56bfc062723c751e8b465ee728b)
Start importing Assets/Kabungus/HouseholdItems/Models/SmartPhoneBlue.fbx using Guid(8e2067e9391ba0340be613d24391da10) Importer(815301076,1909f56bfc062723c751e8b465ee728b) (PreviewImporter) -> (artifact id: '8da966b230f1fbdc190932c6b1601110') in 0.017559 seconds
Number of updated asset objects reloaded before import = 0Number of asset objects unloaded after import = 9

========================================================================
Received Import Request.
  Time since last request: 0.000015 seconds.
  path: Assets/Kabungus/HouseholdItems/Prefabs/Bowl_001.prefab
  artifactKey: Guid(c1e4fd1bb6a8a06418021366bfeb203b) Importer(815301076,1909f56bfc062723c751e8b465ee728b)
Start importing Assets/Kabungus/HouseholdItems/Prefabs/Bowl_001.prefab using Guid(c1e4fd1bb6a8a06418021366bfeb203b) Importer(815301076,1909f56bfc062723c751e8b465ee728b) (PreviewImporter) -> (artifact id: 'ed30734e63862c7c639d5ab47af1dd89') in 0.0085563 seconds
Number of updated asset objects reloaded before import = 0Number of asset objects unloaded after import = 14

========================================================================
Received Import Request.
  Time since last request: 0.000018 seconds.
  path: Assets/Kabungus/HouseholdItems/Prefabs/Chair.prefab
  artifactKey: Guid(0cb729339bf649b4bb590c283507110b) Importer(815301076,1909f56bfc062723c751e8b465ee728b)
Start importing Assets/Kabungus/HouseholdItems/Prefabs/Chair.prefab using Guid(0cb729339bf649b4bb590c283507110b) Importer(815301076,1909f56bfc062723c751e8b465ee728b) (PreviewImporter) -> (artifact id: 'e1447e8d788d4102966bb50bf5bcd135') in 0.0075141 seconds
Number of updated asset objects reloaded before import = 0Number of asset objects unloaded after import = 14

========================================================================
Received Import Request.
  Time since last request: 12.115262 seconds.
  path: Assets/Kabungus/HouseholdItems/Prefabs/Crowbar.prefab
  artifactKey: Guid(e8650f681653c044ebb8c523687e3b3d) Importer(815301076,1909f56bfc062723c751e8b465ee728b)
Start importing Assets/Kabungus/HouseholdItems/Prefabs/Crowbar.prefab using Guid(e8650f681653c044ebb8c523687e3b3d) Importer(815301076,1909f56bfc062723c751e8b465ee728b) (PreviewImporter) -> (artifact id: 'a30887a361a82fcc252f653cfbc0c6f9') in 0.0081599 seconds
Number of updated asset objects reloaded before import = 0Number of asset objects unloaded after import = 14

========================================================================
Received Import Request.
  Time since last request: 0.000025 seconds.
  path: Assets/Kabungus/HouseholdItems/Prefabs/CupBrown.prefab
  artifactKey: Guid(b1d0e0f68076df74db8bdc033397cc1a) Importer(815301076,1909f56bfc062723c751e8b465ee728b)
Start importing Assets/Kabungus/HouseholdItems/Prefabs/CupBrown.prefab using Guid(b1d0e0f68076df74db8bdc033397cc1a) Importer(815301076,1909f56bfc062723c751e8b465ee728b) (PreviewImporter) -> (artifact id: 'feb134427ea46b01f6e56924c76b5e8f') in 0.0099729 seconds
Number of updated asset objects reloaded before import = 0Number of asset objects unloaded after import = 14

========================================================================
Received Import Request.
  Time since last request: 0.000020 seconds.
  path: Assets/Kabungus/HouseholdItems/Prefabs/Desk.prefab
  artifactKey: Guid(37e9d27e5d808514cad82ff54929487b) Importer(815301076,1909f56bfc062723c751e8b465ee728b)
Start importing Assets/Kabungus/HouseholdItems/Prefabs/Desk.prefab using Guid(37e9d27e5d808514cad82ff54929487b) Importer(815301076,1909f56bfc062723c751e8b465ee728b) (PreviewImporter) -> (artifact id: '584b26aac764ffb9418b1c4f6cf42ff1') in 0.0082473 seconds
Number of updated asset objects reloaded before import = 0Number of asset objects unloaded after import = 14

========================================================================
Received Import Request.
  Time since last request: 0.000018 seconds.
  path: Assets/ModularHousePack1/Prefabs/Modules/Corners/Parts/Exterior_Corner_3.prefab
  artifactKey: Guid(77cfbfa64565f1f47b89581ab546728c) Importer(815301076,1909f56bfc062723c751e8b465ee728b)
Start importing Assets/ModularHousePack1/Prefabs/Modules/Corners/Parts/Exterior_Corner_3.prefab using Guid(77cfbfa64565f1f47b89581ab546728c) Importer(815301076,1909f56bfc062723c751e8b465ee728b) (PreviewImporter) -> (artifact id: '3e68c762f4f8a9a83c26136d29e71a9b') in 0.0219026 seconds
Number of updated asset objects reloaded before import = 0Number of asset objects unloaded after import = 19

========================================================================
Received Import Request.
  Time since last request: 0.000017 seconds.
  path: Assets/ModularHousePack1/Prefabs/Modules/Corners/Parts/Exterior_Corner_5.prefab
  artifactKey: Guid(c5f7f2255b610ef42896127e03b907d3) Importer(815301076,1909f56bfc062723c751e8b465ee728b)
Start importing Assets/ModularHousePack1/Prefabs/Modules/Corners/Parts/Exterior_Corner_5.prefab using Guid(c5f7f2255b610ef42896127e03b907d3) Importer(815301076,1909f56bfc062723c751e8b465ee728b) (PreviewImporter) -> (artifact id: '37b8aa56a96ca8863d485d80ec06e0ce') in 0.0199487 seconds
Number of updated asset objects reloaded before import = 0Number of asset objects unloaded after import = 20

========================================================================
Received Import Request.
  Time since last request: 0.000020 seconds.
  path: Assets/ModularHousePack1/Prefabs/Modules/Doors/Parts/Exterior_Door_HingesA.prefab
  artifactKey: Guid(883b0d6e7385b014c8d33e0586cb42be) Importer(815301076,1909f56bfc062723c751e8b465ee728b)
Start importing Assets/ModularHousePack1/Prefabs/Modules/Doors/Parts/Exterior_Door_HingesA.prefab using Guid(883b0d6e7385b014c8d33e0586cb42be) Importer(815301076,1909f56bfc062723c751e8b465ee728b) (PreviewImporter) -> (artifact id: 'a4993498f3d8785b66874b8b354adfb4') in 0.0267663 seconds
Number of updated asset objects reloaded before import = 0Number of asset objects unloaded after import = 12

========================================================================
Received Import Request.
  Time since last request: 0.000025 seconds.
  path: Assets/ModularHousePack1/Prefabs/Modules/Corners/Parts/Exterior_Corner_2.prefab
  artifactKey: Guid(a4e692e3edde7b849a66675f9010e070) Importer(815301076,1909f56bfc062723c751e8b465ee728b)
Start importing Assets/ModularHousePack1/Prefabs/Modules/Corners/Parts/Exterior_Corner_2.prefab using Guid(a4e692e3edde7b849a66675f9010e070) Importer(815301076,1909f56bfc062723c751e8b465ee728b) (PreviewImporter) -> (artifact id: '194dd738ee5dd6ec6b663444cec46f1a') in 0.0274122 seconds
Number of updated asset objects reloaded before import = 0Number of asset objects unloaded after import = 16

========================================================================
Received Import Request.
  Time since last request: 0.000039 seconds.
  path: Assets/ModularHousePack1/Prefabs/Modules/Curtains/Curtain_2.prefab
  artifactKey: Guid(6f9f054227bb8d04c854525cd8d571df) Importer(815301076,1909f56bfc062723c751e8b465ee728b)
Start importing Assets/ModularHousePack1/Prefabs/Modules/Curtains/Curtain_2.prefab using Guid(6f9f054227bb8d04c854525cd8d571df) Importer(815301076,1909f56bfc062723c751e8b465ee728b) (PreviewImporter) -> (artifact id: '6d3e0accc835f99d6d1bf5144c3416b9') in 0.0360524 seconds
Number of updated asset objects reloaded before import = 0Number of asset objects unloaded after import = 78

========================================================================
Received Import Request.
  Time since last request: 0.000016 seconds.
  path: Assets/ModularHousePack1/Prefabs/Modules/Curtains/Parts/CurtainA.prefab
  artifactKey: Guid(fb4e3cee67a95864ab1e14a7730b591e) Importer(815301076,1909f56bfc062723c751e8b465ee728b)
Start importing Assets/ModularHousePack1/Prefabs/Modules/Curtains/Parts/CurtainA.prefab using Guid(fb4e3cee67a95864ab1e14a7730b591e) Importer(815301076,1909f56bfc062723c751e8b465ee728b) (PreviewImporter) -> (artifact id: '8c30f78a12116e9edd63e56f7d637e6f') in 0.00901 seconds
Number of updated asset objects reloaded before import = 0Number of asset objects unloaded after import = 9

========================================================================
Received Import Request.
  Time since last request: 0.000014 seconds.
  path: Assets/Kabungus/HouseholdItems/Prefabs/CupGreen.prefab
  artifactKey: Guid(9db4861fa3da10747a6f5aa5dfa56d0f) Importer(815301076,1909f56bfc062723c751e8b465ee728b)
Start importing Assets/Kabungus/HouseholdItems/Prefabs/CupGreen.prefab using Guid(9db4861fa3da10747a6f5aa5dfa56d0f) Importer(815301076,1909f56bfc062723c751e8b465ee728b) (PreviewImporter) -> (artifact id: 'abccdabd50f72ace24598c4e138bff92') in 0.009581 seconds
Number of updated asset objects reloaded before import = 0Number of asset objects unloaded after import = 14

========================================================================
Received Import Request.
  Time since last request: 0.000023 seconds.
  path: Assets/ModularHousePack1/Prefabs/Modules/Corners/Parts/Exterior_Corner_1.prefab
  artifactKey: Guid(a24edd39f5d8e874380ba33bb92fc168) Importer(815301076,1909f56bfc062723c751e8b465ee728b)
Start importing Assets/ModularHousePack1/Prefabs/Modules/Corners/Parts/Exterior_Corner_1.prefab using Guid(a24edd39f5d8e874380ba33bb92fc168) Importer(815301076,1909f56bfc062723c751e8b465ee728b) (PreviewImporter) -> (artifact id: 'ff024e531fe4d2f7268217d3050fbb54') in 0.0278785 seconds
Number of updated asset objects reloaded before import = 0Number of asset objects unloaded after import = 14

========================================================================
Received Import Request.
  Time since last request: 0.000033 seconds.
  path: Assets/ModularHousePack1/Prefabs/Modules/Doors/Parts/Exterior_Door_Baseboard.prefab
  artifactKey: Guid(79c6b4bb7db855848bb6b092a84b5104) Importer(815301076,1909f56bfc062723c751e8b465ee728b)
Start importing Assets/ModularHousePack1/Prefabs/Modules/Doors/Parts/Exterior_Door_Baseboard.prefab using Guid(79c6b4bb7db855848bb6b092a84b5104) Importer(815301076,1909f56bfc062723c751e8b465ee728b) (PreviewImporter) -> (artifact id: 'dec7b160fc983af8d6cb6abd4d7a7e36') in 0.0233049 seconds
Number of updated asset objects reloaded before import = 0Number of asset objects unloaded after import = 11

========================================================================
Received Import Request.
  Time since last request: 0.000030 seconds.
  path: Assets/Kabungus/HouseholdItems/Prefabs/Dumbell2.prefab
  artifactKey: Guid(30d47c07297e5c04eb4b1b5edb03926f) Importer(815301076,1909f56bfc062723c751e8b465ee728b)
Start importing Assets/Kabungus/HouseholdItems/Prefabs/Dumbell2.prefab using Guid(30d47c07297e5c04eb4b1b5edb03926f) Importer(815301076,1909f56bfc062723c751e8b465ee728b) (PreviewImporter) -> (artifact id: '5be1c12efdc2499fb69b79daa2486fbf') in 0.009464 seconds
Number of updated asset objects reloaded before import = 0Number of asset objects unloaded after import = 14

========================================================================
Received Import Request.
  Time since last request: 0.436170 seconds.
  path: Assets/ModularHousePack1/Prefabs/Modules/Corners/Corner_4B.prefab
  artifactKey: Guid(e14bcf6c5d6a25c4fa7ca89d8ef9ea00) Importer(815301076,1909f56bfc062723c751e8b465ee728b)
Start importing Assets/ModularHousePack1/Prefabs/Modules/Corners/Corner_4B.prefab using Guid(e14bcf6c5d6a25c4fa7ca89d8ef9ea00) Importer(815301076,1909f56bfc062723c751e8b465ee728b) (PreviewImporter) -> (artifact id: 'dadc52b79b743395fa6ec0cd50dd9554') in 0.0880712 seconds
Number of updated asset objects reloaded before import = 0Number of asset objects unloaded after import = 199

========================================================================
Received Import Request.
  Time since last request: 0.000019 seconds.
  path: Assets/ModularHousePack1/Prefabs/Modules/Corners/Corner_4C.prefab
  artifactKey: Guid(8ad02a1275c734a4698a6001986b7f46) Importer(815301076,1909f56bfc062723c751e8b465ee728b)
Start importing Assets/ModularHousePack1/Prefabs/Modules/Corners/Corner_4C.prefab using Guid(8ad02a1275c734a4698a6001986b7f46) Importer(815301076,1909f56bfc062723c751e8b465ee728b) (PreviewImporter) -> (artifact id: '19776b56461afabd84c9bb0bea052883') in 0.1021181 seconds
Number of updated asset objects reloaded before import = 0Number of asset objects unloaded after import = 187

========================================================================
Received Import Request.
  Time since last request: 1.442074 seconds.
  path: Assets/ModularHousePack1/Prefabs/Modules/Doors/Parts/Exterior_Door_LockB.prefab
  artifactKey: Guid(c95fcbebc2dd93545a0e4db3789dfb1f) Importer(815301076,1909f56bfc062723c751e8b465ee728b)
Start importing Assets/ModularHousePack1/Prefabs/Modules/Doors/Parts/Exterior_Door_LockB.prefab using Guid(c95fcbebc2dd93545a0e4db3789dfb1f) Importer(815301076,1909f56bfc062723c751e8b465ee728b) (PreviewImporter) -> (artifact id: '3d60bb1aa8ba783e9e785fc985a6fe32') in 0.0261814 seconds
Number of updated asset objects reloaded before import = 0Number of asset objects unloaded after import = 12

========================================================================
Received Import Request.
  Time since last request: 0.000015 seconds.
  path: Assets/ModularHousePack1/Prefabs/Modules/Window/Parts/Exterior_Window_Frame.prefab
  artifactKey: Guid(5115c333f99d44d449346c3009a0f013) Importer(815301076,1909f56bfc062723c751e8b465ee728b)
Start importing Assets/ModularHousePack1/Prefabs/Modules/Window/Parts/Exterior_Window_Frame.prefab using Guid(5115c333f99d44d449346c3009a0f013) Importer(815301076,1909f56bfc062723c751e8b465ee728b) (PreviewImporter) -> (artifact id: '2748a1305bcffbc814cef2e3be052e6b') in 0.0190465 seconds
Number of updated asset objects reloaded before import = 0Number of asset objects unloaded after import = 11

========================================================================
Received Import Request.
  Time since last request: 0.000022 seconds.
  path: Assets/ModularHousePack1/Prefabs/Modules/Walls/Parts/Exterior_Wall.prefab
  artifactKey: Guid(444346c30dd592e4aa24159d91377621) Importer(815301076,1909f56bfc062723c751e8b465ee728b)
Start importing Assets/ModularHousePack1/Prefabs/Modules/Walls/Parts/Exterior_Wall.prefab using Guid(444346c30dd592e4aa24159d91377621) Importer(815301076,1909f56bfc062723c751e8b465ee728b) (PreviewImporter) -> (artifact id: 'da668bf6ef2f0c6b73e33a0e65aec683') in 0.0294767 seconds
Number of updated asset objects reloaded before import = 0Number of asset objects unloaded after import = 22

========================================================================
Received Import Request.
  Time since last request: 0.213562 seconds.
  path: Assets/ModularHousePack1/Prefabs/Modules/Window/Parts/Exterior_Window_HingesA.prefab
  artifactKey: Guid(36e1714257acd2f46925be6b2f62ea06) Importer(815301076,1909f56bfc062723c751e8b465ee728b)
Start importing Assets/ModularHousePack1/Prefabs/Modules/Window/Parts/Exterior_Window_HingesA.prefab using Guid(36e1714257acd2f46925be6b2f62ea06) Importer(815301076,1909f56bfc062723c751e8b465ee728b) (PreviewImporter) -> (artifact id: '7421dcd75bb30814787ad7aa06ee73c0') in 0.0186599 seconds
Number of updated asset objects reloaded before import = 0Number of asset objects unloaded after import = 12

========================================================================
Received Import Request.
  Time since last request: 0.000021 seconds.
  path: Assets/ModularHousePack1/Prefabs/Modules/Window/Parts/Exterior_Window_HingesB.prefab
  artifactKey: Guid(edb3f0ea46859974faa4e42def92c58e) Importer(815301076,1909f56bfc062723c751e8b465ee728b)
Start importing Assets/ModularHousePack1/Prefabs/Modules/Window/Parts/Exterior_Window_HingesB.prefab using Guid(edb3f0ea46859974faa4e42def92c58e) Importer(815301076,1909f56bfc062723c751e8b465ee728b) (PreviewImporter) -> (artifact id: 'e84fae6952f5329bff97112e9e267bce') in 0.0232185 seconds
Number of updated asset objects reloaded before import = 0Number of asset objects unloaded after import = 12

========================================================================
Received Import Request.
  Time since last request: 0.000018 seconds.
  path: Assets/Kabungus/HouseholdItems/Prefabs/FastCoffeeCupRed.prefab
  artifactKey: Guid(60fed3e3b4b5d154b9c43cbc9e8fcf9e) Importer(815301076,1909f56bfc062723c751e8b465ee728b)
Start importing Assets/Kabungus/HouseholdItems/Prefabs/FastCoffeeCupRed.prefab using Guid(60fed3e3b4b5d154b9c43cbc9e8fcf9e) Importer(815301076,1909f56bfc062723c751e8b465ee728b) (PreviewImporter) -> (artifact id: '38b794c4029b8c5fa0bb24ffb5cb0636') in 0.0094838 seconds
Number of updated asset objects reloaded before import = 0Number of asset objects unloaded after import = 14

========================================================================
Received Import Request.
  Time since last request: 0.000020 seconds.
  path: Assets/ModularHousePack1/Prefabs/Modules/Corners/Parts/ExteriorToInterior_Corner_2.prefab
  artifactKey: Guid(4802c754f2b91c54d90e6ec2a365bb20) Importer(815301076,1909f56bfc062723c751e8b465ee728b)
Start importing Assets/ModularHousePack1/Prefabs/Modules/Corners/Parts/ExteriorToInterior_Corner_2.prefab using Guid(4802c754f2b91c54d90e6ec2a365bb20) Importer(815301076,1909f56bfc062723c751e8b465ee728b) (PreviewImporter) -> (artifact id: 'bd2f16ced695279e20492623ae85fb76') in 0.0169649 seconds
Number of updated asset objects reloaded before import = 0Number of asset objects unloaded after import = 10

========================================================================
Received Import Request.
  Time since last request: 0.000020 seconds.
  path: Assets/ModularHousePack1/Prefabs/Modules/Window/Parts/ExteriorToInterior_Window_Wall.prefab
  artifactKey: Guid(0a6c200b145b9714fba74299856de48e) Importer(815301076,1909f56bfc062723c751e8b465ee728b)
Start importing Assets/ModularHousePack1/Prefabs/Modules/Window/Parts/ExteriorToInterior_Window_Wall.prefab using Guid(0a6c200b145b9714fba74299856de48e) Importer(815301076,1909f56bfc062723c751e8b465ee728b) (PreviewImporter) -> (artifact id: 'b25ba2399b767d56e592ab3e4952e06c') in 0.0212872 seconds
Number of updated asset objects reloaded before import = 0Number of asset objects unloaded after import = 10

========================================================================
Received Import Request.
  Time since last request: 0.000074 seconds.
  path: Assets/Kabungus/HouseholdItems/Prefabs/FastFoodCupRed.prefab
  artifactKey: Guid(1f5e000948d14864fa8e4523638618f5) Importer(815301076,1909f56bfc062723c751e8b465ee728b)
Start importing Assets/Kabungus/HouseholdItems/Prefabs/FastFoodCupRed.prefab using Guid(1f5e000948d14864fa8e4523638618f5) Importer(815301076,1909f56bfc062723c751e8b465ee728b) (PreviewImporter) -> (artifact id: 'b9113809dde28193c42478656cce98fe') in 0.0104184 seconds
Number of updated asset objects reloaded before import = 0Number of asset objects unloaded after import = 14

========================================================================
Received Import Request.
  Time since last request: 0.000032 seconds.
  path: Assets/ModularHousePack1/Prefabs/Modules/Corners/Parts/ExteriorToInterior_Corner_4.prefab
  artifactKey: Guid(4775cf5772d81f84f84bb38aa1005a3f) Importer(815301076,1909f56bfc062723c751e8b465ee728b)
Start importing Assets/ModularHousePack1/Prefabs/Modules/Corners/Parts/ExteriorToInterior_Corner_4.prefab using Guid(4775cf5772d81f84f84bb38aa1005a3f) Importer(815301076,1909f56bfc062723c751e8b465ee728b) (PreviewImporter) -> (artifact id: '50af89dc3e025f870bb3f940b5d93938') in 0.0177483 seconds
Number of updated asset objects reloaded before import = 0Number of asset objects unloaded after import = 10

========================================================================
Received Import Request.
  Time since last request: 0.171737 seconds.
  path: Assets/ModularHousePack1/Prefabs/Modules/Fences/Fence_3.prefab
  artifactKey: Guid(05f610bdf72a02c4ea6a96edf7de4e6c) Importer(815301076,1909f56bfc062723c751e8b465ee728b)
Start importing Assets/ModularHousePack1/Prefabs/Modules/Fences/Fence_3.prefab using Guid(05f610bdf72a02c4ea6a96edf7de4e6c) Importer(815301076,1909f56bfc062723c751e8b465ee728b) (PreviewImporter) -> (artifact id: '40534539ee98a06073ff4165d4128a04') in 0.0172293 seconds
Number of updated asset objects reloaded before import = 0Number of asset objects unloaded after import = 12

========================================================================
Received Import Request.
  Time since last request: 0.000014 seconds.
  path: Assets/ModularHousePack1/Prefabs/Modules/Fences/Fence_4.prefab
  artifactKey: Guid(c7ad4b72248507644bb9d41ae4582616) Importer(815301076,1909f56bfc062723c751e8b465ee728b)
Start importing Assets/ModularHousePack1/Prefabs/Modules/Fences/Fence_4.prefab using Guid(c7ad4b72248507644bb9d41ae4582616) Importer(815301076,1909f56bfc062723c751e8b465ee728b) (PreviewImporter) -> (artifact id: 'd8bab2e2a7a9f7226f63e5a996cec2f2') in 0.0182009 seconds
Number of updated asset objects reloaded before import = 0Number of asset objects unloaded after import = 12

========================================================================
Received Import Request.
  Time since last request: 0.000021 seconds.
  path: Assets/Kabungus/HouseholdItems/Prefabs/Flashlight.prefab
  artifactKey: Guid(ef1f2d850f3d65c459300381eb336b97) Importer(815301076,1909f56bfc062723c751e8b465ee728b)
Start importing Assets/Kabungus/HouseholdItems/Prefabs/Flashlight.prefab using Guid(ef1f2d850f3d65c459300381eb336b97) Importer(815301076,1909f56bfc062723c751e8b465ee728b) (PreviewImporter) -> (artifact id: '6a654e6b66c02ae5c53a24ca83b0f3b8') in 0.0096553 seconds
Number of updated asset objects reloaded before import = 0Number of asset objects unloaded after import = 14

========================================================================
Received Import Request.
  Time since last request: 0.000029 seconds.
  path: Assets/Kabungus/HouseholdItems/Prefabs/Goblet.prefab
  artifactKey: Guid(5d7b5905a9b2f014dbbe85698f24bf1b) Importer(815301076,1909f56bfc062723c751e8b465ee728b)
Start importing Assets/Kabungus/HouseholdItems/Prefabs/Goblet.prefab using Guid(5d7b5905a9b2f014dbbe85698f24bf1b) Importer(815301076,1909f56bfc062723c751e8b465ee728b) (PreviewImporter) -> (artifact id: 'ee08307f3fd83e86a2871294c0809fce') in 0.0099377 seconds
Number of updated asset objects reloaded before import = 0Number of asset objects unloaded after import = 14

========================================================================
Received Import Request.
  Time since last request: 0.000016 seconds.
  path: Assets/Kabungus/HouseholdItems/Prefabs/Hammer.prefab
  artifactKey: Guid(41df444ea3a5a6047bf25530f442a1c3) Importer(815301076,1909f56bfc062723c751e8b465ee728b)
Start importing Assets/Kabungus/HouseholdItems/Prefabs/Hammer.prefab using Guid(41df444ea3a5a6047bf25530f442a1c3) Importer(815301076,1909f56bfc062723c751e8b465ee728b) (PreviewImporter) -> (artifact id: '64b3730b66fed72c92bd91b13480baa5') in 0.0083497 seconds
Number of updated asset objects reloaded before import = 0Number of asset objects unloaded after import = 14

========================================================================
Received Import Request.
  Time since last request: 0.000019 seconds.
  path: Assets/ModularHousePack1/Prefabs/Modules/Ground/Ground.prefab
  artifactKey: Guid(4a750097d33b7f647bb712ac1cd84146) Importer(815301076,1909f56bfc062723c751e8b465ee728b)
Start importing Assets/ModularHousePack1/Prefabs/Modules/Ground/Ground.prefab using Guid(4a750097d33b7f647bb712ac1cd84146) Importer(815301076,1909f56bfc062723c751e8b465ee728b) (PreviewImporter) -> (artifact id: 'fc7f39ba1d0fd8a82645c4ce07cd95d3') in 0.0366228 seconds
Number of updated asset objects reloaded before import = 0Number of asset objects unloaded after import = 13

========================================================================
Received Import Request.
  Time since last request: 0.000016 seconds.
  path: Assets/Kabungus/HouseholdItems/Prefabs/Hammer2.prefab
  artifactKey: Guid(a5d7bc77926fad4418b28e7cfcfeb174) Importer(815301076,1909f56bfc062723c751e8b465ee728b)
Start importing Assets/Kabungus/HouseholdItems/Prefabs/Hammer2.prefab using Guid(a5d7bc77926fad4418b28e7cfcfeb174) Importer(815301076,1909f56bfc062723c751e8b465ee728b) (PreviewImporter) -> (artifact id: '9396a089441635ffd8a7c70e70f85ece') in 0.0083955 seconds
Number of updated asset objects reloaded before import = 0Number of asset objects unloaded after import = 14

========================================================================
Received Import Request.
  Time since last request: 0.000018 seconds.
  path: Assets/Park Assets/Prefab/Flower_1.prefab
  artifactKey: Guid(8d371c1d43d56e94b93bffa2f926a5f1) Importer(815301076,1909f56bfc062723c751e8b465ee728b)
Start importing Assets/Park Assets/Prefab/Flower_1.prefab using Guid(8d371c1d43d56e94b93bffa2f926a5f1) Importer(815301076,1909f56bfc062723c751e8b465ee728b) (PreviewImporter) -> (artifact id: 'b78aa0ba39952985e50cbfba470f9bf4') in 0.0120326 seconds
Number of updated asset objects reloaded before import = 0Number of asset objects unloaded after import = 10

========================================================================
Received Import Request.
  Time since last request: 0.000015 seconds.
  path: Assets/Park Assets/Prefab/Flower_2.prefab
  artifactKey: Guid(28ad12c91132e2545a2852114dacba0d) Importer(815301076,1909f56bfc062723c751e8b465ee728b)
Start importing Assets/Park Assets/Prefab/Flower_2.prefab using Guid(28ad12c91132e2545a2852114dacba0d) Importer(815301076,1909f56bfc062723c751e8b465ee728b) (PreviewImporter) -> (artifact id: 'ac87de2e0d4c9aa1735812efe2a7a967') in 0.0115574 seconds
Number of updated asset objects reloaded before import = 0Number of asset objects unloaded after import = 10

========================================================================
Received Import Request.
  Time since last request: 0.405037 seconds.
  path: Assets/ModularHousePack1/Prefabs/Modules/Corners/Parts/Interior_Corner_Baseboard_1.prefab
  artifactKey: Guid(7d023934571fb594ca3fd54c3fea220b) Importer(815301076,1909f56bfc062723c751e8b465ee728b)
Start importing Assets/ModularHousePack1/Prefabs/Modules/Corners/Parts/Interior_Corner_Baseboard_1.prefab using Guid(7d023934571fb594ca3fd54c3fea220b) Importer(815301076,1909f56bfc062723c751e8b465ee728b) (PreviewImporter) -> (artifact id: '1ae2a187bec331d0ed490e8696bd2056') in 0.0216341 seconds
Number of updated asset objects reloaded before import = 0Number of asset objects unloaded after import = 11

========================================================================
Received Import Request.
  Time since last request: 0.000015 seconds.
  path: Assets/ModularHousePack1/Prefabs/Modules/Doors/Parts/Interior_Door.prefab
  artifactKey: Guid(c7049498fdae1fa4992800082e31571c) Importer(815301076,1909f56bfc062723c751e8b465ee728b)
Start importing Assets/ModularHousePack1/Prefabs/Modules/Doors/Parts/Interior_Door.prefab using Guid(c7049498fdae1fa4992800082e31571c) Importer(815301076,1909f56bfc062723c751e8b465ee728b) (PreviewImporter) -> (artifact id: '71fd2e77bd3b083897083ece4e6fe19f') in 0.0257703 seconds
Number of updated asset objects reloaded before import = 0Number of asset objects unloaded after import = 12

========================================================================
Received Import Request.
  Time since last request: 0.000019 seconds.
  path: Assets/ModularHousePack1/Prefabs/Modules/Floors/Parts/Interior_FloorToRoof.prefab
  artifactKey: Guid(3e97ec32f94307548bbf0a0346589316) Importer(815301076,1909f56bfc062723c751e8b465ee728b)
Start importing Assets/ModularHousePack1/Prefabs/Modules/Floors/Parts/Interior_FloorToRoof.prefab using Guid(3e97ec32f94307548bbf0a0346589316) Importer(815301076,1909f56bfc062723c751e8b465ee728b) (PreviewImporter) -> (artifact id: 'ec426d34c92178b84adfd423e0487120') in 0.0204466 seconds
Number of updated asset objects reloaded before import = 0Number of asset objects unloaded after import = 11

========================================================================
Received Import Request.
  Time since last request: 0.000036 seconds.
  path: Assets/ModularHousePack1/Prefabs/Modules/Doors/Parts/Interior_Door_Wall.prefab
  artifactKey: Guid(fd8b729894a4dcd4d99f0341ca83926b) Importer(815301076,1909f56bfc062723c751e8b465ee728b)
Start importing Assets/ModularHousePack1/Prefabs/Modules/Doors/Parts/Interior_Door_Wall.prefab using Guid(fd8b729894a4dcd4d99f0341ca83926b) Importer(815301076,1909f56bfc062723c751e8b465ee728b) (PreviewImporter) -> (artifact id: '30868ba8aaa8031409af31f9448963e5') in 0.020786 seconds
Number of updated asset objects reloaded before import = 0Number of asset objects unloaded after import = 13

========================================================================
Received Import Request.
  Time since last request: 0.000015 seconds.
  path: Assets/ModularHousePack1/Prefabs/Modules/Corners/Parts/Interior_Corner_Baseboard_2.prefab
  artifactKey: Guid(18394bdacbfd7074483804bce1be03bc) Importer(815301076,1909f56bfc062723c751e8b465ee728b)
Start importing Assets/ModularHousePack1/Prefabs/Modules/Corners/Parts/Interior_Corner_Baseboard_2.prefab using Guid(18394bdacbfd7074483804bce1be03bc) Importer(815301076,1909f56bfc062723c751e8b465ee728b) (PreviewImporter) -> (artifact id: '9624ecfb6f4d51defd23c9468630c5a9') in 0.0238845 seconds
Number of updated asset objects reloaded before import = 0Number of asset objects unloaded after import = 11

========================================================================
Received Import Request.
  Time since last request: 0.000018 seconds.
  path: Assets/ModularHousePack1/Prefabs/Modules/Doors/Parts/Interior_Door_Pommel.prefab
  artifactKey: Guid(0d2eb644e66ba054c94ace55f6a4fa8e) Importer(815301076,1909f56bfc062723c751e8b465ee728b)
Start importing Assets/ModularHousePack1/Prefabs/Modules/Doors/Parts/Interior_Door_Pommel.prefab using Guid(0d2eb644e66ba054c94ace55f6a4fa8e) Importer(815301076,1909f56bfc062723c751e8b465ee728b) (PreviewImporter) -> (artifact id: '38bb6ddd70d7c256f3190f25674ed3bb') in 0.0276255 seconds
Number of updated asset objects reloaded before import = 0Number of asset objects unloaded after import = 12

========================================================================
Received Import Request.
  Time since last request: 0.206428 seconds.
  path: Assets/ModularHousePack1/Prefabs/Modules/Roads/Parts/Lamp.prefab
  artifactKey: Guid(b9a2e3ee69372c1459f15035474eb40e) Importer(815301076,1909f56bfc062723c751e8b465ee728b)
Start importing Assets/ModularHousePack1/Prefabs/Modules/Roads/Parts/Lamp.prefab using Guid(b9a2e3ee69372c1459f15035474eb40e) Importer(815301076,1909f56bfc062723c751e8b465ee728b) (PreviewImporter) -> (artifact id: '33db938493d2fc41024690f6970647a8') in 0.0081015 seconds
Number of updated asset objects reloaded before import = 0Number of asset objects unloaded after import = 8

========================================================================
Received Import Request.
  Time since last request: 0.000019 seconds.
  path: Assets/Park Assets/Prefab/Lantern.prefab
  artifactKey: Guid(f048ecd1c9e056542b4c3d5762043fe6) Importer(815301076,1909f56bfc062723c751e8b465ee728b)
Start importing Assets/Park Assets/Prefab/Lantern.prefab using Guid(f048ecd1c9e056542b4c3d5762043fe6) Importer(815301076,1909f56bfc062723c751e8b465ee728b) (PreviewImporter) -> (artifact id: 'af9e7e2e3026ff43198b7f42387408a0') in 0.0119433 seconds
Number of updated asset objects reloaded before import = 0Number of asset objects unloaded after import = 10

========================================================================
Received Import Request.
  Time since last request: 0.000022 seconds.
  path: Assets/Kabungus/HouseholdItems/Prefabs/Mug.prefab
  artifactKey: Guid(8c2e97a1190b9df40bfdeef2410d812f) Importer(815301076,1909f56bfc062723c751e8b465ee728b)
Start importing Assets/Kabungus/HouseholdItems/Prefabs/Mug.prefab using Guid(8c2e97a1190b9df40bfdeef2410d812f) Importer(815301076,1909f56bfc062723c751e8b465ee728b) (PreviewImporter) -> (artifact id: '816266055d41f0d530a1a5106443a162') in 0.0097083 seconds
Number of updated asset objects reloaded before import = 0Number of asset objects unloaded after import = 14

========================================================================
Received Import Request.
  Time since last request: 0.022043 seconds.
  path: Assets/ModularHousePack1/Prefabs/Modules/Roads/Parts/Pavement_1.prefab
  artifactKey: Guid(cd5ee2e9de7f79349bd62291a3bc97b9) Importer(815301076,1909f56bfc062723c751e8b465ee728b)
Start importing Assets/ModularHousePack1/Prefabs/Modules/Roads/Parts/Pavement_1.prefab using Guid(cd5ee2e9de7f79349bd62291a3bc97b9) Importer(815301076,1909f56bfc062723c751e8b465ee728b) (PreviewImporter) -> (artifact id: 'f574b21721e6e4dea7d4e98049b429b2') in 0.0321435 seconds
Number of updated asset objects reloaded before import = 0Number of asset objects unloaded after import = 13

========================================================================
Received Import Request.
  Time since last request: 0.000018 seconds.
  path: Assets/ModularHousePack1/Prefabs/Modules/Roads/Parts/Pavement_5.prefab
  artifactKey: Guid(814dc0f904066664ab2790f2b14f574b) Importer(815301076,1909f56bfc062723c751e8b465ee728b)
Start importing Assets/ModularHousePack1/Prefabs/Modules/Roads/Parts/Pavement_5.prefab using Guid(814dc0f904066664ab2790f2b14f574b) Importer(815301076,1909f56bfc062723c751e8b465ee728b) (PreviewImporter) -> (artifact id: '5b7a24c0da4d21a3a515d93d3c16d68a') in 0.0204453 seconds
Number of updated asset objects reloaded before import = 0Number of asset objects unloaded after import = 15

========================================================================
Received Import Request.
  Time since last request: 0.000014 seconds.
  path: Assets/ModularHousePack1/Prefabs/Modules/Roads/Road_2.prefab
  artifactKey: Guid(14eff43560d00ad48a0e0a14bce124d6) Importer(815301076,1909f56bfc062723c751e8b465ee728b)
Start importing Assets/ModularHousePack1/Prefabs/Modules/Roads/Road_2.prefab using Guid(14eff43560d00ad48a0e0a14bce124d6) Importer(815301076,1909f56bfc062723c751e8b465ee728b) (PreviewImporter) -> (artifact id: 'b2d6d0e2dae43f9167061a22d06ea6f7') in 0.1207069 seconds
Number of updated asset objects reloaded before import = 0Number of asset objects unloaded after import = 152

========================================================================
Received Import Request.
  Time since last request: 0.000035 seconds.
  path: Assets/ModularHousePack1/Prefabs/Modules/Roofs/Parts/RoofA_Beams.prefab
  artifactKey: Guid(509f175cba1700349ae9144e98dea152) Importer(815301076,1909f56bfc062723c751e8b465ee728b)
Start importing Assets/ModularHousePack1/Prefabs/Modules/Roofs/Parts/RoofA_Beams.prefab using Guid(509f175cba1700349ae9144e98dea152) Importer(815301076,1909f56bfc062723c751e8b465ee728b) (PreviewImporter) -> (artifact id: '9884366a594cb1db0aacb817aaaf86b9') in 0.0217827 seconds
Number of updated asset objects reloaded before import = 0Number of asset objects unloaded after import = 11

========================================================================
Received Import Request.
  Time since last request: 0.000024 seconds.
  path: Assets/ModularHousePack1/Prefabs/Modules/Roofs/Parts/RoofA_Tiles.prefab
  artifactKey: Guid(835dca10fc953884199672b0754f996b) Importer(815301076,1909f56bfc062723c751e8b465ee728b)
Start importing Assets/ModularHousePack1/Prefabs/Modules/Roofs/Parts/RoofA_Tiles.prefab using Guid(835dca10fc953884199672b0754f996b) Importer(815301076,1909f56bfc062723c751e8b465ee728b) (PreviewImporter) -> (artifact id: '97c87337702a4e697a34bb5bf9926bec') in 0.0327186 seconds
Number of updated asset objects reloaded before import = 0Number of asset objects unloaded after import = 10

========================================================================
Received Import Request.
  Time since last request: 0.000016 seconds.
  path: Assets/ModularHousePack1/Prefabs/Modules/Roofs/Parts/RoofA_Clouses.prefab
  artifactKey: Guid(51ab4ae7fe41df44b9e74a735f7d2a42) Importer(815301076,1909f56bfc062723c751e8b465ee728b)
Start importing Assets/ModularHousePack1/Prefabs/Modules/Roofs/Parts/RoofA_Clouses.prefab using Guid(51ab4ae7fe41df44b9e74a735f7d2a42) Importer(815301076,1909f56bfc062723c751e8b465ee728b) (PreviewImporter) -> (artifact id: '69028023abb33f534d3549e04b87fd3b') in 0.0233924 seconds
Number of updated asset objects reloaded before import = 0Number of asset objects unloaded after import = 11

========================================================================
Received Import Request.
  Time since last request: 0.000031 seconds.
  path: Assets/ModularHousePack1/Prefabs/Modules/Roads/Parts/Road_2.prefab
  artifactKey: Guid(fa1e9d386b91cee4fb6bb758fdcccfc1) Importer(815301076,1909f56bfc062723c751e8b465ee728b)
Start importing Assets/ModularHousePack1/Prefabs/Modules/Roads/Parts/Road_2.prefab using Guid(fa1e9d386b91cee4fb6bb758fdcccfc1) Importer(815301076,1909f56bfc062723c751e8b465ee728b) (PreviewImporter) -> (artifact id: '78009d6dc00b6b7c57d25436bd0e3944') in 0.021476 seconds
Number of updated asset objects reloaded before import = 0Number of asset objects unloaded after import = 12

========================================================================
Received Import Request.
  Time since last request: 0.000034 seconds.
  path: Assets/ModularHousePack1/Prefabs/Modules/Roads/Road_5.prefab
  artifactKey: Guid(ac978f16bc4a5e54bb39bc04fc76b166) Importer(815301076,1909f56bfc062723c751e8b465ee728b)
Start importing Assets/ModularHousePack1/Prefabs/Modules/Roads/Road_5.prefab using Guid(ac978f16bc4a5e54bb39bc04fc76b166) Importer(815301076,1909f56bfc062723c751e8b465ee728b) (PreviewImporter) -> (artifact id: '289e427e24266761b0e0b16f476df9da') in 0.0517318 seconds
Number of updated asset objects reloaded before import = 0Number of asset objects unloaded after import = 61

========================================================================
Received Import Request.
  Time since last request: 0.000021 seconds.
  path: Assets/ModularHousePack1/Prefabs/Modules/Roofs/Parts/RoofC_Tiles.prefab
  artifactKey: Guid(a3f89c8aff5bc684eb83dae5d1acfd57) Importer(815301076,1909f56bfc062723c751e8b465ee728b)
Start importing Assets/ModularHousePack1/Prefabs/Modules/Roofs/Parts/RoofC_Tiles.prefab using Guid(a3f89c8aff5bc684eb83dae5d1acfd57) Importer(815301076,1909f56bfc062723c751e8b465ee728b) (PreviewImporter) -> (artifact id: '17cae6ae377db574509c3e297c604ddc') in 0.0169742 seconds
Number of updated asset objects reloaded before import = 0Number of asset objects unloaded after import = 10

========================================================================
Received Import Request.
  Time since last request: 0.000021 seconds.
  path: Assets/ModularHousePack1/Prefabs/Modules/Roofs/Parts/RoofD2_Tiles.prefab
  artifactKey: Guid(25e58463d751e1a42935f495db3804c4) Importer(815301076,1909f56bfc062723c751e8b465ee728b)
Start importing Assets/ModularHousePack1/Prefabs/Modules/Roofs/Parts/RoofD2_Tiles.prefab using Guid(25e58463d751e1a42935f495db3804c4) Importer(815301076,1909f56bfc062723c751e8b465ee728b) (PreviewImporter) -> (artifact id: '84e64c58e86d6c0ba9f1213804e06706') in 0.0167994 seconds
Number of updated asset objects reloaded before import = 0Number of asset objects unloaded after import = 10

========================================================================
Received Import Request.
  Time since last request: 0.000018 seconds.
  path: Assets/ModularHousePack1/Prefabs/Modules/Roofs/RoofClosed.prefab
  artifactKey: Guid(b577f4ab1201d444bbfd7b24971dfc05) Importer(815301076,1909f56bfc062723c751e8b465ee728b)
Start importing Assets/ModularHousePack1/Prefabs/Modules/Roofs/RoofClosed.prefab using Guid(b577f4ab1201d444bbfd7b24971dfc05) Importer(815301076,1909f56bfc062723c751e8b465ee728b) (PreviewImporter) -> (artifact id: 'bd3d1925315ab76dfd1ae7ebd7ecd93b') in 0.0317603 seconds
Number of updated asset objects reloaded before import = 0Number of asset objects unloaded after import = 33

========================================================================
Received Import Request.
  Time since last request: 0.000102 seconds.
  path: Assets/ModularHousePack1/Prefabs/Modules/Roofs/Parts/RoofClosed_Concrete.prefab
  artifactKey: Guid(695433b661307344c8393c54804b262b) Importer(815301076,1909f56bfc062723c751e8b465ee728b)
Start importing Assets/ModularHousePack1/Prefabs/Modules/Roofs/Parts/RoofClosed_Concrete.prefab using Guid(695433b661307344c8393c54804b262b) Importer(815301076,1909f56bfc062723c751e8b465ee728b) (PreviewImporter) -> (artifact id: '675720314958e44cc36a766dbaeb3c6d') in 0.0205697 seconds
Number of updated asset objects reloaded before import = 0Number of asset objects unloaded after import = 11

========================================================================
Received Import Request.
  Time since last request: 0.000020 seconds.
  path: Assets/ModularHousePack1/Prefabs/Modules/Roofs/Parts/RoofD1_Ceiling.prefab
  artifactKey: Guid(a7f2f58cd4278af42bbdc4b7116a00fe) Importer(815301076,1909f56bfc062723c751e8b465ee728b)
Start importing Assets/ModularHousePack1/Prefabs/Modules/Roofs/Parts/RoofD1_Ceiling.prefab using Guid(a7f2f58cd4278af42bbdc4b7116a00fe) Importer(815301076,1909f56bfc062723c751e8b465ee728b) (PreviewImporter) -> (artifact id: '09bfea62ea8ded52ac587e623a2fcb78') in 0.0213944 seconds
Number of updated asset objects reloaded before import = 0Number of asset objects unloaded after import = 12

========================================================================
Received Import Request.
  Time since last request: 0.000043 seconds.
  path: Assets/ModularHousePack1/Prefabs/Modules/Roofs/Parts/RoofE_Tiles.prefab
  artifactKey: Guid(e3f0fe67f3098fd459d0a22ffe9acfcc) Importer(815301076,1909f56bfc062723c751e8b465ee728b)
Start importing Assets/ModularHousePack1/Prefabs/Modules/Roofs/Parts/RoofE_Tiles.prefab using Guid(e3f0fe67f3098fd459d0a22ffe9acfcc) Importer(815301076,1909f56bfc062723c751e8b465ee728b) (PreviewImporter) -> (artifact id: '2af39f8f3a72f5b64ed147f44aa1c04f') in 0.022466 seconds
Number of updated asset objects reloaded before import = 0Number of asset objects unloaded after import = 10

========================================================================
Received Import Request.
  Time since last request: 0.000047 seconds.
  path: Assets/ModularHousePack1/Prefabs/Modules/Curtains/Parts/Ribbon.prefab
  artifactKey: Guid(5cd569da5203a7b409e6dc182e49d3ee) Importer(815301076,1909f56bfc062723c751e8b465ee728b)
Start importing Assets/ModularHousePack1/Prefabs/Modules/Curtains/Parts/Ribbon.prefab using Guid(5cd569da5203a7b409e6dc182e49d3ee) Importer(815301076,1909f56bfc062723c751e8b465ee728b) (PreviewImporter) -> (artifact id: '17b6eb4b6208aa4100eb0ba809be1583') in 0.0085315 seconds
Number of updated asset objects reloaded before import = 0Number of asset objects unloaded after import = 8

========================================================================
Received Import Request.
  Time since last request: 0.000019 seconds.
  path: Assets/ModularHousePack1/Prefabs/Modules/Roofs/Parts/RoofE_Clouses.prefab
  artifactKey: Guid(06960a3131aee7d48b04547c2de63899) Importer(815301076,1909f56bfc062723c751e8b465ee728b)
Start importing Assets/ModularHousePack1/Prefabs/Modules/Roofs/Parts/RoofE_Clouses.prefab using Guid(06960a3131aee7d48b04547c2de63899) Importer(815301076,1909f56bfc062723c751e8b465ee728b) (PreviewImporter) -> (artifact id: '376403c851a17d5715b867530947dd06') in 0.0188049 seconds
Number of updated asset objects reloaded before import = 0Number of asset objects unloaded after import = 11

========================================================================
Received Import Request.
  Time since last request: 0.000040 seconds.
  path: Assets/Kabungus/HouseholdItems/Prefabs/Pot.prefab
  artifactKey: Guid(64f28e658a9052142b5cee723a7beec3) Importer(815301076,1909f56bfc062723c751e8b465ee728b)
Start importing Assets/Kabungus/HouseholdItems/Prefabs/Pot.prefab using Guid(64f28e658a9052142b5cee723a7beec3) Importer(815301076,1909f56bfc062723c751e8b465ee728b) (PreviewImporter) -> (artifact id: 'e5c02a485b268647d1e841f97a62d89e') in 0.0093986 seconds
Number of updated asset objects reloaded before import = 0Number of asset objects unloaded after import = 14

========================================================================
Received Import Request.
  Time since last request: 0.000023 seconds.
  path: Assets/ModularHousePack1/Prefabs/Modules/Roofs/RoofC.prefab
  artifactKey: Guid(76cdabe4d47d85247bc24b0b0e42f5c7) Importer(815301076,1909f56bfc062723c751e8b465ee728b)
Start importing Assets/ModularHousePack1/Prefabs/Modules/Roofs/RoofC.prefab using Guid(76cdabe4d47d85247bc24b0b0e42f5c7) Importer(815301076,1909f56bfc062723c751e8b465ee728b) (PreviewImporter) -> (artifact id: '485b306b805dd82d8fff9102f1139c47') in 0.0306436 seconds
Number of updated asset objects reloaded before import = 0Number of asset objects unloaded after import = 36

========================================================================
Received Import Request.
  Time since last request: 0.000054 seconds.
  path: Assets/ModularHousePack1/Prefabs/Modules/Roofs/Parts/RoofC_Ceiling.prefab
  artifactKey: Guid(b2d52bfd52e77194c81eb021b5418a3e) Importer(815301076,1909f56bfc062723c751e8b465ee728b)
Start importing Assets/ModularHousePack1/Prefabs/Modules/Roofs/Parts/RoofC_Ceiling.prefab using Guid(b2d52bfd52e77194c81eb021b5418a3e) Importer(815301076,1909f56bfc062723c751e8b465ee728b) (PreviewImporter) -> (artifact id: 'ef762e23bd5ca0ece6ad5e36c5a15f11') in 0.0213354 seconds
Number of updated asset objects reloaded before import = 0Number of asset objects unloaded after import = 12

========================================================================
Received Import Request.
  Time since last request: 0.076099 seconds.
  path: Assets/ModularHousePack1/Prefabs/Modules/Roofs/Parts/RoofF_Clouses.prefab
  artifactKey: Guid(42f9c1896b3af864c8658478010d9f61) Importer(815301076,1909f56bfc062723c751e8b465ee728b)
Start importing Assets/ModularHousePack1/Prefabs/Modules/Roofs/Parts/RoofF_Clouses.prefab using Guid(42f9c1896b3af864c8658478010d9f61) Importer(815301076,1909f56bfc062723c751e8b465ee728b) (PreviewImporter) -> (artifact id: 'd4a934eed658b589584b952430a5b951') in 0.0171634 seconds
Number of updated asset objects reloaded before import = 0Number of asset objects unloaded after import = 11

========================================================================
Received Import Request.
  Time since last request: 0.000022 seconds.
  path: Assets/Kabungus/HouseholdItems/Prefabs/Saw.prefab
  artifactKey: Guid(b087e7cfb0a9a204b97125f497052e92) Importer(815301076,1909f56bfc062723c751e8b465ee728b)
Start importing Assets/Kabungus/HouseholdItems/Prefabs/Saw.prefab using Guid(b087e7cfb0a9a204b97125f497052e92) Importer(815301076,1909f56bfc062723c751e8b465ee728b) (PreviewImporter) -> (artifact id: '38328c577abc0ff48abba27d43bb4d31') in 0.0087637 seconds
Number of updated asset objects reloaded before import = 0Number of asset objects unloaded after import = 14

========================================================================
Received Import Request.
  Time since last request: 0.000085 seconds.
  path: Assets/ModularHousePack1/Prefabs/Modules/Roofs/Parts/RoofFlat_CeilingA.prefab
  artifactKey: Guid(1c6f3fcb7755dd24a9bdbe130c65d1e7) Importer(815301076,1909f56bfc062723c751e8b465ee728b)
Start importing Assets/ModularHousePack1/Prefabs/Modules/Roofs/Parts/RoofFlat_CeilingA.prefab using Guid(1c6f3fcb7755dd24a9bdbe130c65d1e7) Importer(815301076,1909f56bfc062723c751e8b465ee728b) (PreviewImporter) -> (artifact id: '408d8e5b13277c59c6c485058e61ac25') in 0.0202813 seconds
Number of updated asset objects reloaded before import = 0Number of asset objects unloaded after import = 12

========================================================================
Received Import Request.
  Time since last request: 0.000021 seconds.
  path: Assets/Kabungus/HouseholdItems/Prefabs/SledgeHammer2.prefab
  artifactKey: Guid(3882c90189b37724aa690cbd45dd02d2) Importer(815301076,1909f56bfc062723c751e8b465ee728b)
Start importing Assets/Kabungus/HouseholdItems/Prefabs/SledgeHammer2.prefab using Guid(3882c90189b37724aa690cbd45dd02d2) Importer(815301076,1909f56bfc062723c751e8b465ee728b) (PreviewImporter) -> (artifact id: 'cbe0fbdf81b502be07ac7b636c9c7170') in 0.011477 seconds
Number of updated asset objects reloaded before import = 0Number of asset objects unloaded after import = 14

========================================================================
Received Import Request.
  Time since last request: 0.000053 seconds.
  path: Assets/ModularHousePack1/Prefabs/Modules/Roads/Parts/Slab_5.prefab
  artifactKey: Guid(fca0a90abf8ef354e9b6b4562b5a342f) Importer(815301076,1909f56bfc062723c751e8b465ee728b)
Start importing Assets/ModularHousePack1/Prefabs/Modules/Roads/Parts/Slab_5.prefab using Guid(fca0a90abf8ef354e9b6b4562b5a342f) Importer(815301076,1909f56bfc062723c751e8b465ee728b) (PreviewImporter) -> (artifact id: 'b5da7524482f954af62611a3170a90dd') in 0.018109 seconds
Number of updated asset objects reloaded before import = 0Number of asset objects unloaded after import = 12

========================================================================
Received Import Request.
  Time since last request: 0.000021 seconds.
  path: Assets/ModularHousePack1/Prefabs/Modules/Stairs/Parts/Stairs1_Baseboard.prefab
  artifactKey: Guid(bec1315c995e7c54db16b6f8f7755f8c) Importer(815301076,1909f56bfc062723c751e8b465ee728b)
Start importing Assets/ModularHousePack1/Prefabs/Modules/Stairs/Parts/Stairs1_Baseboard.prefab using Guid(bec1315c995e7c54db16b6f8f7755f8c) Importer(815301076,1909f56bfc062723c751e8b465ee728b) (PreviewImporter) -> (artifact id: '014895448ea112f2f389d82d9a2b11e3') in 0.0181759 seconds
Number of updated asset objects reloaded before import = 0Number of asset objects unloaded after import = 11

========================================================================
Received Import Request.
  Time since last request: 0.000016 seconds.
  path: Assets/Kabungus/HouseholdItems/Prefabs/ScrewDriverRed.prefab
  artifactKey: Guid(dc207f51070697d45bf52f59c0ab4ad9) Importer(815301076,1909f56bfc062723c751e8b465ee728b)
Start importing Assets/Kabungus/HouseholdItems/Prefabs/ScrewDriverRed.prefab using Guid(dc207f51070697d45bf52f59c0ab4ad9) Importer(815301076,1909f56bfc062723c751e8b465ee728b) (PreviewImporter) -> (artifact id: '50977b5fa3ba41e6d8a72dce9da1e183') in 0.0083624 seconds
Number of updated asset objects reloaded before import = 0Number of asset objects unloaded after import = 14

========================================================================
Received Import Request.
  Time since last request: 0.000020 seconds.
  path: Assets/ModularHousePack1/Prefabs/Modules/Stairs/Parts/Stairs1_Ceiling.prefab
  artifactKey: Guid(d20f1b82f4c739b449438a0fe9ba888c) Importer(815301076,1909f56bfc062723c751e8b465ee728b)
Start importing Assets/ModularHousePack1/Prefabs/Modules/Stairs/Parts/Stairs1_Ceiling.prefab using Guid(d20f1b82f4c739b449438a0fe9ba888c) Importer(815301076,1909f56bfc062723c751e8b465ee728b) (PreviewImporter) -> (artifact id: 'ca6602607cedf178c025594cfc2585ac') in 0.0145714 seconds
Number of updated asset objects reloaded before import = 0Number of asset objects unloaded after import = 10

========================================================================
Received Import Request.
  Time since last request: 0.000016 seconds.
  path: Assets/ModularHousePack1/Prefabs/Modules/Roofs/Parts/RoofFlat_Beams.prefab
  artifactKey: Guid(022e31ec59f09a043a4c198621b5f044) Importer(815301076,1909f56bfc062723c751e8b465ee728b)
Start importing Assets/ModularHousePack1/Prefabs/Modules/Roofs/Parts/RoofFlat_Beams.prefab using Guid(022e31ec59f09a043a4c198621b5f044) Importer(815301076,1909f56bfc062723c751e8b465ee728b) (PreviewImporter) -> (artifact id: '887b53994645b2fbc78d1886e9ba5c41') in 0.0161083 seconds
Number of updated asset objects reloaded before import = 0Number of asset objects unloaded after import = 11

========================================================================
Received Import Request.
  Time since last request: 0.000017 seconds.
  path: Assets/Kabungus/HouseholdItems/Prefabs/SmartPhoneRed.prefab
  artifactKey: Guid(7a29c80af69f1134ab3db96c825d22ea) Importer(815301076,1909f56bfc062723c751e8b465ee728b)
Start importing Assets/Kabungus/HouseholdItems/Prefabs/SmartPhoneRed.prefab using Guid(7a29c80af69f1134ab3db96c825d22ea) Importer(815301076,1909f56bfc062723c751e8b465ee728b) (PreviewImporter) -> (artifact id: 'cc8df1ac4b0f73204a69e0b935a925c7') in 0.0101285 seconds
Number of updated asset objects reloaded before import = 0Number of asset objects unloaded after import = 14

========================================================================
Received Import Request.
  Time since last request: 0.000043 seconds.
  path: Assets/ModularHousePack1/Prefabs/Modules/Stairs/Parts/Stairs1_Railings.prefab
  artifactKey: Guid(0353618c0c0411748b26a8573fe6df5b) Importer(815301076,1909f56bfc062723c751e8b465ee728b)
Start importing Assets/ModularHousePack1/Prefabs/Modules/Stairs/Parts/Stairs1_Railings.prefab using Guid(0353618c0c0411748b26a8573fe6df5b) Importer(815301076,1909f56bfc062723c751e8b465ee728b) (PreviewImporter) -> (artifact id: '6c72b16cb548d27ae777382b004b25b0') in 0.0210932 seconds
Number of updated asset objects reloaded before import = 0Number of asset objects unloaded after import = 11

========================================================================
Received Import Request.
  Time since last request: 0.172411 seconds.
  path: Assets/ModularHousePack1/Prefabs/Modules/Stairs/Parts/Stairs2_Interior_Ceiling.prefab
  artifactKey: Guid(691f78000168844419c535e6d1794e1a) Importer(815301076,1909f56bfc062723c751e8b465ee728b)
Start importing Assets/ModularHousePack1/Prefabs/Modules/Stairs/Parts/Stairs2_Interior_Ceiling.prefab using Guid(691f78000168844419c535e6d1794e1a) Importer(815301076,1909f56bfc062723c751e8b465ee728b) (PreviewImporter) -> (artifact id: 'd2eac60406664f449f54ad08cda941c2') in 0.017818 seconds
Number of updated asset objects reloaded before import = 0Number of asset objects unloaded after import = 10

========================================================================
Received Import Request.
  Time since last request: 0.000020 seconds.
  path: Assets/ModularHousePack1/Prefabs/Modules/Stairs/Stairs_1A.prefab
  artifactKey: Guid(68c0361eb0d68f84e96b129856782253) Importer(815301076,1909f56bfc062723c751e8b465ee728b)
Start importing Assets/ModularHousePack1/Prefabs/Modules/Stairs/Stairs_1A.prefab using Guid(68c0361eb0d68f84e96b129856782253) Importer(815301076,1909f56bfc062723c751e8b465ee728b) (PreviewImporter) -> (artifact id: 'dd2296ed6368ec186bec6335507654a1') in 0.0521789 seconds
Number of updated asset objects reloaded before import = 0Number of asset objects unloaded after import = 167

========================================================================
Received Import Request.
  Time since last request: 0.000025 seconds.
  path: Assets/ModularHousePack1/Prefabs/Modules/Stairs/Parts/Stairs2_StairA.prefab
  artifactKey: Guid(69eee584adadba74f9c0b9ebf0485673) Importer(815301076,1909f56bfc062723c751e8b465ee728b)
Start importing Assets/ModularHousePack1/Prefabs/Modules/Stairs/Parts/Stairs2_StairA.prefab using Guid(69eee584adadba74f9c0b9ebf0485673) Importer(815301076,1909f56bfc062723c751e8b465ee728b) (PreviewImporter) -> (artifact id: '145c12a1f80977206c53bfa42bcb7169') in 0.021296 seconds
Number of updated asset objects reloaded before import = 0Number of asset objects unloaded after import = 11

========================================================================
Received Import Request.
  Time since last request: 0.000050 seconds.
  path: Assets/ModularHousePack1/Prefabs/Modules/Stairs/Parts/Stairs2_RoofFloor.prefab
  artifactKey: Guid(a2a331e5e51dfe34dab5c2e33653cca0) Importer(815301076,1909f56bfc062723c751e8b465ee728b)
Start importing Assets/ModularHousePack1/Prefabs/Modules/Stairs/Parts/Stairs2_RoofFloor.prefab using Guid(a2a331e5e51dfe34dab5c2e33653cca0) Importer(815301076,1909f56bfc062723c751e8b465ee728b) (PreviewImporter) -> (artifact id: '715ea160b623ab8da528e7ba8165256c') in 0.0216411 seconds
Number of updated asset objects reloaded before import = 0Number of asset objects unloaded after import = 11

========================================================================
Received Import Request.
  Time since last request: 0.000030 seconds.
  path: Assets/ModularHousePack1/Prefabs/Modules/Stairs/Stairs_1B.prefab
  artifactKey: Guid(f92d78dadfcab204787fcc670a0c3922) Importer(815301076,1909f56bfc062723c751e8b465ee728b)
Start importing Assets/ModularHousePack1/Prefabs/Modules/Stairs/Stairs_1B.prefab using Guid(f92d78dadfcab204787fcc670a0c3922) Importer(815301076,1909f56bfc062723c751e8b465ee728b) (PreviewImporter) -> (artifact id: '78470123a376102ab8b7aa110b8d08d4') in 0.0691371 seconds
Number of updated asset objects reloaded before import = 0Number of asset objects unloaded after import = 161

========================================================================
Received Import Request.
  Time since last request: 0.000046 seconds.
  path: Assets/Park Assets/Prefab/Stone1.prefab
  artifactKey: Guid(fd7967a473bbbca4a83cf83b44fb7bb6) Importer(815301076,1909f56bfc062723c751e8b465ee728b)
Start importing Assets/Park Assets/Prefab/Stone1.prefab using Guid(fd7967a473bbbca4a83cf83b44fb7bb6) Importer(815301076,1909f56bfc062723c751e8b465ee728b) (PreviewImporter) -> (artifact id: 'afe278f8a3b36f3f59b8140d359d3ffd') in 0.0138306 seconds
Number of updated asset objects reloaded before import = 0Number of asset objects unloaded after import = 10

========================================================================
Received Import Request.
  Time since last request: 0.000025 seconds.
  path: Assets/ModularHousePack1/Prefabs/Modules/Stairs/Stairs_3A.prefab
  artifactKey: Guid(d7e6039819485424c95b7927fedc895b) Importer(815301076,1909f56bfc062723c751e8b465ee728b)
Start importing Assets/ModularHousePack1/Prefabs/Modules/Stairs/Stairs_3A.prefab using Guid(d7e6039819485424c95b7927fedc895b) Importer(815301076,1909f56bfc062723c751e8b465ee728b) (PreviewImporter) -> (artifact id: 'c5d27b9cb847c8612b2170250cf095b6') in 0.077066 seconds
Number of updated asset objects reloaded before import = 0Number of asset objects unloaded after import = 189

========================================================================
Received Import Request.
  Time since last request: 0.000024 seconds.
  path: Assets/ModularHousePack1/Prefabs/Modules/Stairs/Stairs_2A.prefab
  artifactKey: Guid(7ef8f970a729f264590d125b80a52995) Importer(815301076,1909f56bfc062723c751e8b465ee728b)
Start importing Assets/ModularHousePack1/Prefabs/Modules/Stairs/Stairs_2A.prefab using Guid(7ef8f970a729f264590d125b80a52995) Importer(815301076,1909f56bfc062723c751e8b465ee728b) (PreviewImporter) -> (artifact id: '4ebc04db2271c0bc83a2418cccdf5b23') in 0.0655158 seconds
Number of updated asset objects reloaded before import = 0Number of asset objects unloaded after import = 153

========================================================================
Received Import Request.
  Time since last request: 0.000028 seconds.
  path: Assets/Kabungus/HouseholdItems/Prefabs/Syringe.prefab
  artifactKey: Guid(e8cf887eda3224b44b14e9e6159ec23c) Importer(815301076,1909f56bfc062723c751e8b465ee728b)
Start importing Assets/Kabungus/HouseholdItems/Prefabs/Syringe.prefab using Guid(e8cf887eda3224b44b14e9e6159ec23c) Importer(815301076,1909f56bfc062723c751e8b465ee728b) (PreviewImporter) -> (artifact id: '38a4c5628e946abf15f95883c6c592bd') in 0.0097547 seconds
Number of updated asset objects reloaded before import = 0Number of asset objects unloaded after import = 14

========================================================================
Received Import Request.
  Time since last request: 0.000016 seconds.
  path: Assets/Kabungus/HouseholdItems/Prefabs/ToolboxRed.prefab
  artifactKey: Guid(59acd335cbd226f44ade069d962cfb82) Importer(815301076,1909f56bfc062723c751e8b465ee728b)
Start importing Assets/Kabungus/HouseholdItems/Prefabs/ToolboxRed.prefab using Guid(59acd335cbd226f44ade069d962cfb82) Importer(815301076,1909f56bfc062723c751e8b465ee728b) (PreviewImporter) -> (artifact id: '05979cd039b8b9ed4c8b6bf17ae3cf03') in 0.0101955 seconds
Number of updated asset objects reloaded before import = 0Number of asset objects unloaded after import = 27

========================================================================
Received Import Request.
  Time since last request: 0.000020 seconds.
  path: Assets/Kabungus/HouseholdItems/Prefabs/ToothbrushRed.prefab
  artifactKey: Guid(3f79e1a8a18024a4291c47ebb5a5e936) Importer(815301076,1909f56bfc062723c751e8b465ee728b)
Start importing Assets/Kabungus/HouseholdItems/Prefabs/ToothbrushRed.prefab using Guid(3f79e1a8a18024a4291c47ebb5a5e936) Importer(815301076,1909f56bfc062723c751e8b465ee728b) (PreviewImporter) -> (artifact id: 'abdc236c2fbd878177c1e89f47e30826') in 0.007712 seconds
Number of updated asset objects reloaded before import = 0Number of asset objects unloaded after import = 14

========================================================================
Received Import Request.
  Time since last request: 0.000014 seconds.
  path: Assets/ModularHousePack1/Prefabs/Modules/Walls/Wall_1A.prefab
  artifactKey: Guid(44af88ee9fc28e043adf0e6fb2befd88) Importer(815301076,1909f56bfc062723c751e8b465ee728b)
Start importing Assets/ModularHousePack1/Prefabs/Modules/Walls/Wall_1A.prefab using Guid(44af88ee9fc28e043adf0e6fb2befd88) Importer(815301076,1909f56bfc062723c751e8b465ee728b) (PreviewImporter) -> (artifact id: '86dd1992cd51af31bd7f5023813c3a7e') in 0.0244113 seconds
Number of updated asset objects reloaded before import = 0Number of asset objects unloaded after import = 23

========================================================================
Received Import Request.
  Time since last request: 0.000027 seconds.
  path: Assets/ModularHousePack1/Prefabs/Modules/Walls/Wall_2F.prefab
  artifactKey: Guid(8fb0975a029d13847b8b987825cc70cd) Importer(815301076,1909f56bfc062723c751e8b465ee728b)
Start importing Assets/ModularHousePack1/Prefabs/Modules/Walls/Wall_2F.prefab using Guid(8fb0975a029d13847b8b987825cc70cd) Importer(815301076,1909f56bfc062723c751e8b465ee728b) (PreviewImporter) -> (artifact id: 'cb0744c6a30352383fbd22de9bf2d832') in 0.0273063 seconds
Number of updated asset objects reloaded before import = 0Number of asset objects unloaded after import = 35

========================================================================
Received Import Request.
  Time since last request: 0.000039 seconds.
  path: Assets/Kabungus/HouseholdItems/Prefabs/TV.prefab
  artifactKey: Guid(80872c6dd156f544788e44da2ac91219) Importer(815301076,1909f56bfc062723c751e8b465ee728b)
Start importing Assets/Kabungus/HouseholdItems/Prefabs/TV.prefab using Guid(80872c6dd156f544788e44da2ac91219) Importer(815301076,1909f56bfc062723c751e8b465ee728b) (PreviewImporter) -> (artifact id: '3e326d2e0ab5e8b5184422701763d342') in 0.0090567 seconds
Number of updated asset objects reloaded before import = 0Number of asset objects unloaded after import = 14

========================================================================
Received Import Request.
  Time since last request: 0.000019 seconds.
  path: Assets/ModularHousePack1/Prefabs/Modules/Walls/Wall_2B.prefab
  artifactKey: Guid(d6e2c8bf9837afb43aaf81d2205c950c) Importer(815301076,1909f56bfc062723c751e8b465ee728b)
Start importing Assets/ModularHousePack1/Prefabs/Modules/Walls/Wall_2B.prefab using Guid(d6e2c8bf9837afb43aaf81d2205c950c) Importer(815301076,1909f56bfc062723c751e8b465ee728b) (PreviewImporter) -> (artifact id: '1f6977a8f45f1f312bf1bee5ef8ea408') in 0.0283211 seconds
Number of updated asset objects reloaded before import = 0Number of asset objects unloaded after import = 51

========================================================================
Received Import Request.
  Time since last request: 0.000031 seconds.
  path: Assets/ModularHousePack1/Prefabs/Modules/Window/Window_1B.prefab
  artifactKey: Guid(6b5ed7ceb2119f64cbf5ea8933ae3eca) Importer(815301076,1909f56bfc062723c751e8b465ee728b)
Start importing Assets/ModularHousePack1/Prefabs/Modules/Window/Window_1B.prefab using Guid(6b5ed7ceb2119f64cbf5ea8933ae3eca) Importer(815301076,1909f56bfc062723c751e8b465ee728b) (PreviewImporter) -> (artifact id: 'bf3e92e849eaec5e4cf757119cc2a008') in 0.0841932 seconds
Number of updated asset objects reloaded before import = 0Number of asset objects unloaded after import = 192

========================================================================
Received Import Request.
  Time since last request: 0.000021 seconds.
  path: Assets/Park Assets/Prefab/Stone_Path_EdgePiece.prefab
  artifactKey: Guid(c6e854f638107994fb7fcaf03c48c38e) Importer(815301076,1909f56bfc062723c751e8b465ee728b)
Start importing Assets/Park Assets/Prefab/Stone_Path_EdgePiece.prefab using Guid(c6e854f638107994fb7fcaf03c48c38e) Importer(815301076,1909f56bfc062723c751e8b465ee728b) (PreviewImporter) -> (artifact id: 'c6b527245bc882819fd5a47ccc6256ec') in 0.010666 seconds
Number of updated asset objects reloaded before import = 0Number of asset objects unloaded after import = 10

========================================================================
Received Import Request.
  Time since last request: 0.000016 seconds.
  path: Assets/Park Assets/Prefab/Stone_Path_Corner.prefab
  artifactKey: Guid(40fde63072590934b8ba90c1b2cab00a) Importer(815301076,1909f56bfc062723c751e8b465ee728b)
Start importing Assets/Park Assets/Prefab/Stone_Path_Corner.prefab using Guid(40fde63072590934b8ba90c1b2cab00a) Importer(815301076,1909f56bfc062723c751e8b465ee728b) (PreviewImporter) -> (artifact id: '86b5859fa60e6b884775f8a4b9431645') in 0.0108526 seconds
Number of updated asset objects reloaded before import = 0Number of asset objects unloaded after import = 10

========================================================================
Received Import Request.
  Time since last request: 0.000025 seconds.
  path: Assets/ModularHousePack1/Prefabs/Modules/Walls/Wall_2A.prefab
  artifactKey: Guid(9ecc2ebd70186d24e9bf13c60234c241) Importer(815301076,1909f56bfc062723c751e8b465ee728b)
Start importing Assets/ModularHousePack1/Prefabs/Modules/Walls/Wall_2A.prefab using Guid(9ecc2ebd70186d24e9bf13c60234c241) Importer(815301076,1909f56bfc062723c751e8b465ee728b) (PreviewImporter) -> (artifact id: '4c2fd9f15437aabb821f9859db99e0fa') in 0.0209288 seconds
Number of updated asset objects reloaded before import = 0Number of asset objects unloaded after import = 31

========================================================================
Received Import Request.
  Time since last request: 2.864088 seconds.
  path: Assets/Materials/pm0026_00_Eye1.mat
  artifactKey: Guid(93d1ae090ca93b747bf43d044c80ef3a) Importer(815301076,1909f56bfc062723c751e8b465ee728b)
Start importing Assets/Materials/pm0026_00_Eye1.mat using Guid(93d1ae090ca93b747bf43d044c80ef3a) Importer(815301076,1909f56bfc062723c751e8b465ee728b) (PreviewImporter) -> (artifact id: '85eb3b65bfff8c986c1d2c0922d05797') in 0.0086549 seconds
Number of updated asset objects reloaded before import = 0Number of asset objects unloaded after import = 1

========================================================================
Received Import Request.
  Time since last request: 0.000098 seconds.
  path: Assets/Scenes/SRP/SampleSceneFloor.mat
  artifactKey: Guid(7138b1b9bfdb77446b9bd598d0c204d4) Importer(815301076,1909f56bfc062723c751e8b465ee728b)
Start importing Assets/Scenes/SRP/SampleSceneFloor.mat using Guid(7138b1b9bfdb77446b9bd598d0c204d4) Importer(815301076,1909f56bfc062723c751e8b465ee728b) (PreviewImporter) -> (artifact id: 'ab26d2ec051a294e4421c6a5507c361f') in 0.0077118 seconds
Number of updated asset objects reloaded before import = 0Number of asset objects unloaded after import = 1

========================================================================
Received Import Request.
  Time since last request: 0.000115 seconds.
  path: Assets/Materials/pm0026_00_Mouth1.mat
  artifactKey: Guid(66dffa1bbdff88c45b672f94a47872aa) Importer(815301076,1909f56bfc062723c751e8b465ee728b)
Start importing Assets/Materials/pm0026_00_Mouth1.mat using Guid(66dffa1bbdff88c45b672f94a47872aa) Importer(815301076,1909f56bfc062723c751e8b465ee728b) (PreviewImporter) -> (artifact id: 'bfb5b7fb96d38556d483d24205d5b8cc') in 0.0101418 seconds
Number of updated asset objects reloaded before import = 0Number of asset objects unloaded after import = 1

========================================================================
Received Import Request.
  Time since last request: 0.000053 seconds.
  path: Assets/Scenes/URP/SampleSceneWallURP.mat
  artifactKey: Guid(98eb8d6277f6e2541b552da38de90743) Importer(815301076,1909f56bfc062723c751e8b465ee728b)
Start importing Assets/Scenes/URP/SampleSceneWallURP.mat using Guid(98eb8d6277f6e2541b552da38de90743) Importer(815301076,1909f56bfc062723c751e8b465ee728b) (PreviewImporter) -> (artifact id: '0ad5dc017e43f4219cfc21e053d28792') in 0.0084422 seconds
Number of updated asset objects reloaded before import = 0Number of asset objects unloaded after import = 1

========================================================================
Received Import Request.
  Time since last request: 0.311652 seconds.
  path: Assets/Materials/char16_helmet_d_high.mat
  artifactKey: Guid(c183e841140ae0b43b16e7391aa91de3) Importer(815301076,1909f56bfc062723c751e8b465ee728b)
Start importing Assets/Materials/char16_helmet_d_high.mat using Guid(c183e841140ae0b43b16e7391aa91de3) Importer(815301076,1909f56bfc062723c751e8b465ee728b) (PreviewImporter) -> (artifact id: '77e3a5386e5438fcd22a19f2e59ff054') in 0.0159415 seconds
Number of updated asset objects reloaded before import = 0Number of asset objects unloaded after import = 2

========================================================================
Received Import Request.
  Time since last request: 0.000025 seconds.
  path: Assets/Park Assets/Texture/Materials/HoodCamera003.mat
  artifactKey: Guid(7fd7153cca000384abe1686754344f07) Importer(815301076,1909f56bfc062723c751e8b465ee728b)
Start importing Assets/Park Assets/Texture/Materials/HoodCamera003.mat using Guid(7fd7153cca000384abe1686754344f07) Importer(815301076,1909f56bfc062723c751e8b465ee728b) (PreviewImporter) -> (artifact id: '9a6a06da0628fc31cb92bf7e24b1805f') in 0.0134614 seconds
Number of updated asset objects reloaded before import = 0Number of asset objects unloaded after import = 2

========================================================================
Received Import Request.
  Time since last request: 0.000072 seconds.
  path: Assets/Defalt.fbm/Materials/com_m_arm_regular_cau01_s_high.mat
  artifactKey: Guid(fc376827442d70d4f961179ce28bf469) Importer(815301076,1909f56bfc062723c751e8b465ee728b)
Start importing Assets/Defalt.fbm/Materials/com_m_arm_regular_cau01_s_high.mat using Guid(fc376827442d70d4f961179ce28bf469) Importer(815301076,1909f56bfc062723c751e8b465ee728b) (PreviewImporter) -> (artifact id: 'f052ff39906c979a858337700a028e60') in 0.0225335 seconds
Number of updated asset objects reloaded before import = 0Number of asset objects unloaded after import = 2

Editor requested this worker to shutdown with reason: Scaling down because of idle timeout
AssetImportWorkerClient::OnTransportError - code=2 error=End of file
AssetImportWorker is now disconnected from the server
Process exiting
Exiting without the bug reporter. Application will terminate with return code 0